2025-07-13 17:01:26,017 - INFO - Total calls to destro : 1
2025-07-13 17:01:26,137 - INFO - Total calls to destro : 2
2025-07-13 17:01:26,185 - INFO - Total calls to destro : 3
2025-07-13 17:01:26,222 - INFO - Total calls to destro : 4
2025-07-13 17:01:26,288 - INFO - Total calls to destro : 5
2025-07-13 17:01:26,300 - INFO - Total calls to destro : 6
2025-07-13 17:01:26,309 - INFO - Total calls to destro : 7
2025-07-13 17:01:26,318 - INFO - Total calls to destro : 8
2025-07-13 17:01:26,325 - INFO - Total calls to destro : 9
2025-07-13 17:01:26,329 - INFO - CODE 000  ------------- Starting FMS -----------------
2025-07-13 17:01:26,363 - INFO - Total calls to destro : 10
2025-07-13 17:01:26,463 - INFO - Total calls to destro : 11
2025-07-13 17:01:26,538 - INFO - Total calls to destro : 12
2025-07-13 17:01:26,619 - INFO - Total calls to destro : 13
2025-07-13 17:01:26,645 - INFO - Total calls to destro : 14
2025-07-13 17:01:26,655 - INFO - Total calls to destro : 15
2025-07-13 17:01:26,670 - INFO - Total calls to destro : 16
2025-07-13 17:01:26,756 - INFO - Total calls to destro : 17
2025-07-13 17:01:26,804 - INFO - Total calls to destro : 18
2025-07-13 17:02:42,512 - INFO - Total calls to destro : 19
2025-07-13 17:02:42,712 - INFO - Total calls to destro : 20
2025-07-13 17:02:42,761 - INFO - Received Command for : robot_1 Location : RIU08a
2025-07-13 17:02:44,754 - INFO - Total calls to destro : 21
2025-07-13 17:02:44,811 - INFO - Total calls to destro : 22
2025-07-13 17:02:44,844 - INFO - Received Command for : robot_0 Location : RIU07c
2025-07-13 17:03:12,198 - INFO - Robot robot_1 has reached RIU08a
2025-07-13 17:03:13,606 - INFO - Robot robot_0 has reached RIU07c
2025-07-13 17:03:21,250 - INFO - Total calls to destro : 23
2025-07-13 17:03:21,310 - INFO - Received Command for : robot_1 Location : RODR06a
2025-07-13 17:03:23,456 - INFO - Total calls to destro : 24
2025-07-13 17:03:23,536 - INFO - Total calls to destro : 25
2025-07-13 17:03:23,587 - INFO - Received Command for : robot_0 Location : RODL04a
2025-07-13 17:03:24,025 - INFO - Total calls to destro : 26
2025-07-13 17:03:26,023 - INFO - Robot robot_0 has travelled 132.3209 m
2025-07-13 17:03:26,024 - INFO - Robot robot_1 has travelled 130.9546 m
2025-07-13 17:03:26,025 - INFO - Robot robot_0 has dwelled for 9.979703187942505 sec
2025-07-13 17:03:26,025 - INFO - Robot robot_1 has dwelled for 9.067876100540161 sec
2025-07-13 17:03:26,026 - INFO - Robot robot_2 has dwelled for 0 sec
2025-07-13 17:03:26,027 - INFO - Robot robot_3 has dwelled for 0 sec
2025-07-13 17:03:26,027 - INFO - Robot robot_4 has dwelled for 0 sec
2025-07-13 17:03:26,027 - INFO - Robot robot_5 has dwelled for 0 sec
2025-07-13 17:03:26,028 - INFO - Robot robot_6 has dwelled for 0 sec
2025-07-13 17:03:26,028 - INFO - Robot robot_7 has dwelled for 0 sec
2025-07-13 17:03:26,029 - INFO - Robot robot_8 has dwelled for 0 sec
2025-07-13 17:03:26,029 - INFO - Robot robot_9 has dwelled for 0 sec
2025-07-13 17:03:26,029 - INFO - Robot robot_10 has dwelled for 0 sec
2025-07-13 17:03:26,030 - INFO - Robot robot_11 has dwelled for 0 sec
2025-07-13 17:03:26,030 - INFO - Robot robot_12 has dwelled for 0 sec
2025-07-13 17:03:26,030 - INFO - Robot robot_13 has dwelled for 0 sec
2025-07-13 17:03:26,031 - INFO - Robot robot_14 has dwelled for 0 sec
2025-07-13 17:03:34,792 - INFO - Robot robot_0 has reached RODL04a
2025-07-13 17:03:39,851 - INFO - Total calls to destro : 27
2025-07-13 17:03:45,942 - INFO - Robot robot_1 has reached RODR06a
2025-07-13 17:03:46,879 - INFO - Total calls to destro : 28
2025-07-13 17:03:46,977 - INFO - Received Command for : robot_0 Location : RIU05a
2025-07-13 17:03:51,082 - INFO - Total calls to destro : 29
2025-07-13 17:03:59,093 - INFO - Total calls to destro : 30
2025-07-13 17:03:59,177 - INFO - Received Command for : robot_1 Location : RODL05a
2025-07-13 17:03:59,624 - INFO - Total calls to destro : 31
2025-07-13 17:04:01,205 - INFO - Robot robot_0 has reached RIU05a
2025-07-13 17:04:01,404 - INFO - Total calls to destro : 32
2025-07-13 17:04:02,463 - INFO - Total calls to destro : 33
2025-07-13 17:04:10,277 - INFO - Total calls to destro : 34
2025-07-13 17:04:10,340 - INFO - Total calls to destro : 35
2025-07-13 17:04:10,380 - INFO - Received Command for : robot_0 Location : RIU08a
2025-07-13 17:04:18,526 - INFO - Robot robot_0 has reached RIU08a
2025-07-13 17:04:24,411 - INFO - Robot robot_1 has reached RODL05a
2025-07-13 17:04:27,641 - INFO - Total calls to destro : 36
2025-07-13 17:04:29,456 - INFO - Total calls to destro : 37
2025-07-13 17:04:31,935 - INFO - Total calls to destro : 38
2025-07-13 17:04:32,012 - INFO - Received Command for : robot_0 Location : RIU03a
2025-07-13 17:04:37,457 - INFO - Total calls to destro : 39
2025-07-13 17:04:37,514 - INFO - Received Command for : robot_1 Location : RODR08a
2025-07-13 17:04:38,749 - INFO - Total calls to destro : 40
2025-07-13 17:04:42,845 - INFO - Robot robot_0 has reached RIU03a
2025-07-13 17:04:51,933 - INFO - Total calls to destro : 41
2025-07-13 17:04:52,007 - INFO - Total calls to destro : 42
2025-07-13 17:04:52,113 - INFO - Received Command for : robot_0 Location : RIU07c
2025-07-13 17:04:58,508 - INFO - Robot robot_0 has reached RIU07c
2025-07-13 17:05:06,829 - INFO - Robot robot_1 has reached RODR08a
2025-07-13 17:05:07,551 - INFO - Total calls to destro : 43
2025-07-13 17:05:11,954 - INFO - Total calls to destro : 44
2025-07-13 17:05:11,996 - INFO - Total calls to destro : 45
2025-07-13 17:05:12,083 - INFO - Received Command for : robot_0 Location : RIU08b
2025-07-13 17:05:16,789 - INFO - Robot robot_0 has reached RIU08b
2025-07-13 17:05:16,863 - INFO - Total calls to destro : 46
2025-07-13 17:05:20,011 - INFO - Total calls to destro : 47
2025-07-13 17:05:20,062 - INFO - Total calls to destro : 48
2025-07-13 17:05:20,066 - INFO - Received Command for : robot_1 Location : ROUL08a
2025-07-13 17:05:21,344 - INFO - Total calls to destro : 49
2025-07-13 17:05:25,847 - INFO - Total calls to destro : 50
2025-07-13 17:05:25,861 - INFO - Received Command for : robot_0 Location : ROUL08b
2025-07-13 17:05:26,188 - INFO - Robot robot_0 has travelled 330.4344 m
2025-07-13 17:05:26,188 - INFO - Robot robot_1 has travelled 513.3084 m
2025-07-13 17:05:26,188 - INFO - Robot robot_0 has dwelled for 76.48479986190796 sec
2025-07-13 17:05:26,188 - INFO - Robot robot_1 has dwelled for 48.57479214668274 sec
2025-07-13 17:05:26,188 - INFO - Robot robot_2 has dwelled for 0 sec
2025-07-13 17:05:26,188 - INFO - Robot robot_3 has dwelled for 0 sec
2025-07-13 17:05:26,188 - INFO - Robot robot_4 has dwelled for 0 sec
2025-07-13 17:05:26,189 - INFO - Robot robot_5 has dwelled for 0 sec
2025-07-13 17:05:26,189 - INFO - Robot robot_6 has dwelled for 0 sec
2025-07-13 17:05:26,189 - INFO - Robot robot_7 has dwelled for 0 sec
2025-07-13 17:05:26,189 - INFO - Robot robot_8 has dwelled for 0 sec
2025-07-13 17:05:26,189 - INFO - Robot robot_9 has dwelled for 0 sec
2025-07-13 17:05:26,189 - INFO - Robot robot_10 has dwelled for 0 sec
2025-07-13 17:05:26,189 - INFO - Robot robot_11 has dwelled for 0 sec
2025-07-13 17:05:26,189 - INFO - Robot robot_12 has dwelled for 0 sec
2025-07-13 17:05:26,189 - INFO - Robot robot_13 has dwelled for 0 sec
2025-07-13 17:05:26,189 - INFO - Robot robot_14 has dwelled for 0 sec
2025-07-13 17:05:26,287 - INFO - Total calls to destro : 51
2025-07-13 17:05:38,057 - INFO - Robot robot_0 has reached ROUL08b
2025-07-13 17:05:43,122 - INFO - Total calls to destro : 52
2025-07-13 17:05:51,131 - INFO - Total calls to destro : 53
2025-07-13 17:05:51,134 - INFO - Received Command for : robot_0 Location : RODL03a
2025-07-13 17:05:52,166 - INFO - Total calls to destro : 54
2025-07-13 17:05:52,227 - INFO - Total calls to destro : 55
2025-07-13 17:05:53,838 - INFO - Robot robot_1 has reached ROUL08a
2025-07-13 17:05:58,902 - INFO - Total calls to destro : 56
2025-07-13 17:06:03,694 - INFO - Robot robot_0 has reached RODL03a
2025-07-13 17:06:06,917 - INFO - Total calls to destro : 57
2025-07-13 17:06:06,993 - INFO - Total calls to destro : 58
2025-07-13 17:06:06,996 - INFO - Received Command for : robot_1 Location : RODL04b
2025-07-13 17:06:08,790 - INFO - Total calls to destro : 59
2025-07-13 17:06:16,798 - INFO - Total calls to destro : 60
2025-07-13 17:06:16,855 - INFO - Received Command for : robot_0 Location : RODR07a
2025-07-13 17:06:17,975 - INFO - Total calls to destro : 61
2025-07-13 17:06:22,104 - INFO - Robot robot_1 has reached RODL04b
2025-07-13 17:06:27,253 - INFO - Total calls to destro : 62
2025-07-13 17:06:32,044 - INFO - Total calls to destro : 63
2025-07-13 17:06:32,112 - INFO - Received Command for : robot_1 Location : RIU07a
2025-07-13 17:06:33,574 - INFO - Total calls to destro : 64
2025-07-13 17:06:40,037 - INFO - Total calls to destro : 65
2025-07-13 17:06:42,038 - INFO - Total calls to destro : 66
2025-07-13 17:06:44,538 - INFO - Robot robot_0 has reached RODR07a
2025-07-13 17:06:46,432 - INFO - Robot robot_1 has reached RIU07a
2025-07-13 17:06:49,604 - INFO - Total calls to destro : 67
2025-07-13 17:06:55,541 - INFO - Total calls to destro : 68
2025-07-13 17:06:55,621 - INFO - Received Command for : robot_1 Location : RODL04c
2025-07-13 17:06:56,499 - INFO - Total calls to destro : 69
2025-07-13 17:06:57,622 - INFO - Total calls to destro : 70
2025-07-13 17:06:57,700 - INFO - Received Command for : robot_0 Location : RODL03a
2025-07-13 17:06:58,216 - INFO - Total calls to destro : 71
2025-07-13 17:07:09,154 - INFO - Robot robot_1 has reached RODL04c
2025-07-13 17:07:14,208 - INFO - Total calls to destro : 72
2025-07-13 17:07:22,097 - INFO - Total calls to destro : 73
2025-07-13 17:07:22,104 - INFO - Received Command for : robot_1 Location : RIU08c
2025-07-13 17:07:24,903 - INFO - Robot robot_0 has reached RODL03a
2025-07-13 17:07:26,144 - INFO - Robot robot_0 has travelled 657.7158 m
2025-07-13 17:07:26,144 - INFO - Robot robot_1 has travelled 791.7183 m
2025-07-13 17:07:26,144 - INFO - Robot robot_0 has dwelled for 115.79966759681702 sec
2025-07-13 17:07:26,144 - INFO - Robot robot_1 has dwelled for 93.81701993942261 sec
2025-07-13 17:07:26,144 - INFO - Robot robot_2 has dwelled for 0 sec
2025-07-13 17:07:26,144 - INFO - Robot robot_3 has dwelled for 0 sec
2025-07-13 17:07:26,145 - INFO - Robot robot_4 has dwelled for 0 sec
2025-07-13 17:07:26,145 - INFO - Robot robot_5 has dwelled for 0 sec
2025-07-13 17:07:26,145 - INFO - Robot robot_6 has dwelled for 0 sec
2025-07-13 17:07:26,145 - INFO - Robot robot_7 has dwelled for 0 sec
2025-07-13 17:07:26,145 - INFO - Robot robot_8 has dwelled for 0 sec
2025-07-13 17:07:26,145 - INFO - Robot robot_9 has dwelled for 0 sec
2025-07-13 17:07:26,145 - INFO - Robot robot_10 has dwelled for 0 sec
2025-07-13 17:07:26,145 - INFO - Robot robot_11 has dwelled for 0 sec
2025-07-13 17:07:26,146 - INFO - Robot robot_12 has dwelled for 0 sec
2025-07-13 17:07:26,146 - INFO - Robot robot_13 has dwelled for 0 sec
2025-07-13 17:07:26,146 - INFO - Robot robot_14 has dwelled for 0 sec
2025-07-13 17:07:29,956 - INFO - Total calls to destro : 74
2025-07-13 17:07:36,159 - INFO - Robot robot_1 has reached RIU08c
2025-07-13 17:07:37,939 - INFO - Total calls to destro : 75
2025-07-13 17:07:37,940 - INFO - Total calls to destro : 76
2025-07-13 17:07:42,982 - INFO - Total calls to destro : 77
2025-07-13 17:07:45,277 - INFO - Total calls to destro : 78
2025-07-13 17:07:45,283 - INFO - Total calls to destro : 79
2025-07-13 17:07:45,289 - INFO - Received Command for : robot_1 Location : ROUL08a
2025-07-13 17:07:47,154 - INFO - Total calls to destro : 80
2025-07-13 17:07:47,160 - INFO - Received Command for : robot_0 Location : RIU07b
2025-07-13 17:07:57,500 - INFO - Robot robot_1 has reached ROUL08a
2025-07-13 17:08:01,046 - INFO - Robot robot_0 has reached RIU07b
2025-07-13 17:08:02,593 - INFO - Total calls to destro : 81
2025-07-13 17:08:10,143 - INFO - Total calls to destro : 82
2025-07-13 17:08:10,167 - INFO - Received Command for : robot_0 Location : RODL04a
2025-07-13 17:08:11,121 - INFO - Total calls to destro : 83
2025-07-13 17:08:11,125 - INFO - Received Command for : robot_1 Location : RODR03a
2025-07-13 17:08:14,609 - INFO - Total calls to destro : 84
2025-07-13 17:08:23,723 - INFO - Robot robot_0 has reached RODL04a
2025-07-13 17:08:28,835 - INFO - Total calls to destro : 85
2025-07-13 17:08:28,968 - INFO - Received Command for : robot_0 Location : CD6
2025-07-13 17:08:29,359 - INFO - Total calls to destro : 86
2025-07-13 17:08:45,459 - INFO - Robot robot_1 has reached RODR03a
2025-07-13 17:08:47,787 - INFO - Robot robot_0 has reached CD6
2025-07-13 17:08:50,574 - INFO - Total calls to destro : 87
2025-07-13 17:08:52,888 - INFO - Total calls to destro : 88
2025-07-13 17:08:52,966 - INFO - Received Command for : robot_0 Location : RIU07b
2025-07-13 17:08:54,669 - INFO - Total calls to destro : 89
2025-07-13 17:08:58,584 - INFO - Total calls to destro : 90
2025-07-13 17:08:58,655 - INFO - Received Command for : robot_1 Location : RODR04a
2025-07-13 17:08:59,139 - INFO - Total calls to destro : 91
2025-07-13 17:09:09,205 - INFO - Robot robot_1 has reached RODR04a
2025-07-13 17:09:14,271 - INFO - Total calls to destro : 92
2025-07-13 17:09:15,401 - INFO - Robot robot_0 has reached RIU07b
2025-07-13 17:09:22,234 - INFO - Total calls to destro : 93
2025-07-13 17:09:22,306 - INFO - Received Command for : robot_1 Location : RIU05c
2025-07-13 17:09:25,492 - INFO - Total calls to destro : 94
2025-07-13 17:09:25,517 - INFO - Total calls to destro : 95
2025-07-13 17:09:25,519 - INFO - Received Command for : robot_0 Location : RODL04a
2025-07-13 17:09:26,400 - INFO - Robot robot_0 has travelled 909.5354 m
2025-07-13 17:09:26,401 - INFO - Robot robot_1 has travelled 1033.6585 m
2025-07-13 17:09:26,402 - INFO - Robot robot_0 has dwelled for 167.57123923301697 sec
2025-07-13 17:09:26,402 - INFO - Robot robot_1 has dwelled for 142.7611346244812 sec
2025-07-13 17:09:26,403 - INFO - Robot robot_2 has dwelled for 0 sec
2025-07-13 17:09:26,403 - INFO - Robot robot_3 has dwelled for 0 sec
2025-07-13 17:09:26,403 - INFO - Robot robot_4 has dwelled for 0 sec
2025-07-13 17:09:26,403 - INFO - Robot robot_5 has dwelled for 0 sec
2025-07-13 17:09:26,404 - INFO - Robot robot_6 has dwelled for 0 sec
2025-07-13 17:09:26,404 - INFO - Robot robot_7 has dwelled for 0 sec
2025-07-13 17:09:26,404 - INFO - Robot robot_8 has dwelled for 0 sec
2025-07-13 17:09:26,405 - INFO - Robot robot_9 has dwelled for 0 sec
2025-07-13 17:09:26,405 - INFO - Robot robot_10 has dwelled for 0 sec
2025-07-13 17:09:26,405 - INFO - Robot robot_11 has dwelled for 0 sec
2025-07-13 17:09:26,406 - INFO - Robot robot_12 has dwelled for 0 sec
2025-07-13 17:09:26,406 - INFO - Robot robot_13 has dwelled for 0 sec
2025-07-13 17:09:26,406 - INFO - Robot robot_14 has dwelled for 0 sec
2025-07-13 17:09:26,928 - INFO - Total calls to destro : 96
2025-07-13 17:09:40,040 - INFO - Robot robot_0 has reached RODL04a
2025-07-13 17:09:45,170 - INFO - Total calls to destro : 97
2025-07-13 17:09:46,028 - INFO - Robot robot_1 has reached RIU05c
2025-07-13 17:09:52,274 - INFO - Total calls to destro : 98
2025-07-13 17:09:52,328 - INFO - Received Command for : robot_0 Location : RIU06a
2025-07-13 17:09:55,132 - INFO - Total calls to destro : 99
2025-07-13 17:09:55,214 - INFO - Total calls to destro : 100
2025-07-13 17:09:55,260 - INFO - Received Command for : robot_1 Location : RIU08b
2025-07-13 17:10:03,753 - INFO - Robot robot_1 has reached RIU08b
2025-07-13 17:10:07,414 - INFO - Robot robot_0 has reached RIU06a
2025-07-13 17:10:12,919 - INFO - Total calls to destro : 101
2025-07-13 17:10:16,504 - INFO - Total calls to destro : 102
2025-07-13 17:10:16,583 - INFO - Total calls to destro : 103
2025-07-13 17:10:16,587 - INFO - Received Command for : robot_0 Location : RIU07a
2025-07-13 17:10:17,302 - INFO - Total calls to destro : 104
2025-07-13 17:10:17,387 - INFO - Received Command for : robot_1 Location : RIU08a
2025-07-13 17:10:18,983 - INFO - Robot robot_1 has reached RIU08a
2025-07-13 17:10:25,221 - INFO - Robot robot_0 has reached RIU07a
2025-07-13 17:10:28,057 - INFO - Total calls to destro : 105
2025-07-13 17:10:28,142 - INFO - Received Command for : robot_1 Location : ROUR09a
2025-07-13 17:10:29,183 - INFO - Total calls to destro : 106
2025-07-13 17:10:34,306 - INFO - Total calls to destro : 107
2025-07-13 17:10:37,305 - INFO - Total calls to destro : 108
2025-07-13 17:10:37,421 - INFO - Received Command for : robot_0 Location : RIU07c
2025-07-13 17:10:39,259 - INFO - Robot robot_0 has reached RIU07c
2025-07-13 17:10:48,369 - INFO - Total calls to destro : 109
2025-07-13 17:10:48,460 - INFO - Received Command for : robot_0 Location : RODL04c
2025-07-13 17:10:55,970 - INFO - Robot robot_1 has reached ROUR09a
2025-07-13 17:10:56,580 - INFO - Total calls to destro : 110
2025-07-13 17:11:00,963 - INFO - Robot robot_0 has reached RODL04c
2025-07-13 17:11:01,083 - INFO - Total calls to destro : 111
2025-07-13 17:11:03,280 - INFO - Total calls to destro : 112
2025-07-13 17:11:06,006 - INFO - Total calls to destro : 113
2025-07-13 17:11:06,106 - INFO - Received Command for : robot_0 Location : CD4
2025-07-13 17:11:06,768 - INFO - Total calls to destro : 114
2025-07-13 17:11:09,099 - INFO - Total calls to destro : 115
2025-07-13 17:11:09,105 - INFO - Total calls to destro : 116
2025-07-13 17:11:09,109 - INFO - Received Command for : robot_1 Location : ROUL07a
2025-07-13 17:11:24,075 - INFO - Robot robot_0 has reached CD4
2025-07-13 17:11:26,239 - INFO - Robot robot_0 has travelled 1151.1603 m
2025-07-13 17:11:26,239 - INFO - Robot robot_1 has travelled 1329.515 m
2025-07-13 17:11:26,240 - INFO - Robot robot_0 has dwelled for 215.38663625717163 sec
2025-07-13 17:11:26,240 - INFO - Robot robot_1 has dwelled for 187.80966973304749 sec
2025-07-13 17:11:26,240 - INFO - Robot robot_2 has dwelled for 0 sec
2025-07-13 17:11:26,240 - INFO - Robot robot_3 has dwelled for 0 sec
2025-07-13 17:11:26,240 - INFO - Robot robot_4 has dwelled for 0 sec
2025-07-13 17:11:26,240 - INFO - Robot robot_5 has dwelled for 0 sec
2025-07-13 17:11:26,240 - INFO - Robot robot_6 has dwelled for 0 sec
2025-07-13 17:11:26,240 - INFO - Robot robot_7 has dwelled for 0 sec
2025-07-13 17:11:26,240 - INFO - Robot robot_8 has dwelled for 0 sec
2025-07-13 17:11:26,240 - INFO - Robot robot_9 has dwelled for 0 sec
2025-07-13 17:11:26,240 - INFO - Robot robot_10 has dwelled for 0 sec
2025-07-13 17:11:26,241 - INFO - Robot robot_11 has dwelled for 0 sec
2025-07-13 17:11:26,241 - INFO - Robot robot_12 has dwelled for 0 sec
2025-07-13 17:11:26,241 - INFO - Robot robot_13 has dwelled for 0 sec
2025-07-13 17:11:26,241 - INFO - Robot robot_14 has dwelled for 0 sec
2025-07-13 17:11:29,191 - INFO - Total calls to destro : 117
2025-07-13 17:11:29,242 - INFO - Total calls to destro : 118
2025-07-13 17:11:29,342 - INFO - Received Command for : robot_0 Location : RIU07c
2025-07-13 17:11:36,567 - INFO - Total calls to destro : 119
2025-07-13 17:11:43,222 - INFO - Robot robot_1 has reached ROUL07a
2025-07-13 17:11:48,322 - INFO - Total calls to destro : 120
2025-07-13 17:11:50,764 - INFO - Robot robot_0 has reached RIU07c
2025-07-13 17:11:54,966 - INFO - Total calls to destro : 121
2025-07-13 17:11:56,360 - INFO - Total calls to destro : 122
2025-07-13 17:11:56,407 - INFO - Total calls to destro : 123
2025-07-13 17:11:56,466 - INFO - Received Command for : robot_1 Location : RODL05a
2025-07-13 17:11:58,142 - INFO - Total calls to destro : 124
2025-07-13 17:12:00,877 - INFO - Total calls to destro : 125
2025-07-13 17:12:00,979 - INFO - Received Command for : robot_0 Location : RODL04c
2025-07-13 17:12:01,992 - INFO - Total calls to destro : 126
2025-07-13 17:12:09,685 - INFO - Robot robot_1 has reached RODL05a
2025-07-13 17:12:13,155 - INFO - Robot robot_0 has reached RODL04c
2025-07-13 17:12:14,768 - INFO - Total calls to destro : 127
2025-07-13 17:12:18,257 - INFO - Total calls to destro : 128
2025-07-13 17:12:22,431 - INFO - Total calls to destro : 129
2025-07-13 17:12:22,500 - INFO - Received Command for : robot_0 Location : RIU04a
2025-07-13 17:12:23,422 - INFO - Total calls to destro : 130
2025-07-13 17:12:23,440 - INFO - Total calls to destro : 131
2025-07-13 17:12:23,442 - INFO - Received Command for : robot_1 Location : ROUL08a
2025-07-13 17:12:35,962 - INFO - Robot robot_1 has reached ROUL08a
2025-07-13 17:12:38,017 - INFO - Robot robot_0 has reached RIU04a
2025-07-13 17:12:40,995 - INFO - Total calls to destro : 132
2025-07-13 17:12:47,108 - INFO - Total calls to destro : 133
2025-07-13 17:12:47,170 - INFO - Total calls to destro : 134
2025-07-13 17:12:47,270 - INFO - Received Command for : robot_0 Location : RIU08a
2025-07-13 17:12:47,752 - INFO - Total calls to destro : 135
2025-07-13 17:12:47,795 - INFO - Received Command for : robot_1 Location : RIU04c
2025-07-13 17:12:57,653 - INFO - Robot robot_0 has reached RIU08a
2025-07-13 17:13:06,062 - INFO - Robot robot_1 has reached RIU04c
2025-07-13 17:13:06,799 - INFO - Total calls to destro : 136
2025-07-13 17:13:07,472 - INFO - Total calls to destro : 137
2025-07-13 17:13:07,547 - INFO - Received Command for : robot_0 Location : RIU08b
2025-07-13 17:13:08,812 - INFO - Robot robot_0 has reached RIU08b
2025-07-13 17:13:15,118 - INFO - Total calls to destro : 138
2025-07-13 17:13:15,119 - INFO - Received Command for : robot_1 Location : RIU07b
2025-07-13 17:13:16,070 - INFO - Total calls to destro : 139
2025-07-13 17:13:17,921 - INFO - Total calls to destro : 140
2025-07-13 17:13:17,934 - INFO - Received Command for : robot_0 Location : RODL04a
2025-07-13 17:13:22,062 - INFO - Total calls to destro : 141
2025-07-13 17:13:24,150 - INFO - Robot robot_1 has reached RIU07b
2025-07-13 17:13:26,225 - INFO - CODE F01 at 1.0 number of cases finished is 800
2025-07-13 17:13:26,225 - INFO - CODE F02 at 1.0 UPH is 509
2025-07-13 17:13:32,871 - INFO - Robot robot_0 has reached RODL04a
2025-07-13 17:13:33,230 - INFO - Total calls to destro : 142
2025-07-13 17:13:37,489 - INFO - Total calls to destro : 143
2025-07-13 17:13:37,532 - INFO - Received Command for : robot_1 Location : RIU07a
2025-07-13 17:13:37,963 - INFO - Total calls to destro : 144
2025-07-13 17:13:37,976 - INFO - Received Command for : robot_0 Location : CD5
2025-07-13 17:13:38,468 - INFO - Total calls to destro : 145
2025-07-13 17:13:38,829 - INFO - Robot robot_1 has reached RIU07a
2025-07-13 17:13:59,306 - INFO - Robot robot_0 has reached CD5
2025-07-13 17:14:04,378 - INFO - Total calls to destro : 146
2025-07-13 17:14:04,484 - INFO - Received Command for : robot_0 Location : RIU08b
2025-07-13 17:14:06,726 - INFO - Total calls to destro : 147
2025-07-13 17:14:26,684 - INFO - Total calls to destro : 148
2025-07-13 17:14:27,618 - INFO - Total calls to destro : 149
2025-07-13 17:14:27,777 - INFO - Robot robot_0 has reached RIU08b
2025-07-13 17:14:37,824 - INFO - Total calls to destro : 150
2025-07-13 17:14:37,902 - INFO - Total calls to destro : 151
2025-07-13 17:14:37,967 - INFO - Received Command for : robot_0 Location : RODL04a
2025-07-13 17:14:38,897 - INFO - Total calls to destro : 152
2025-07-13 17:14:38,900 - INFO - Received Command for : robot_1 Location : RODL04b
2025-07-13 17:14:51,735 - INFO - Total calls to destro : 153
2025-07-13 17:14:54,305 - INFO - Robot robot_1 has reached RODL04b
2025-07-13 17:14:54,695 - INFO - Robot robot_0 has reached RODL04a
2025-07-13 17:14:59,399 - INFO - Total calls to destro : 154
2025-07-13 17:14:59,411 - INFO - Total calls to destro : 155
2025-07-13 17:14:59,419 - INFO - Received Command for : robot_1 Location : CD1
2025-07-13 17:14:59,872 - INFO - Total calls to destro : 156
2025-07-13 17:15:07,816 - INFO - Total calls to destro : 157
2025-07-13 17:15:07,891 - INFO - Received Command for : robot_0 Location : RODR04b
2025-07-13 17:15:11,022 - INFO - Total calls to destro : 158
2025-07-13 17:15:20,822 - INFO - Robot robot_1 has reached CD1
2025-07-13 17:15:25,975 - INFO - Total calls to destro : 159
2025-07-13 17:15:26,002 - INFO - Total calls to destro : 160
2025-07-13 17:15:26,006 - INFO - Received Command for : robot_1 Location : RIU07a
2025-07-13 17:15:26,127 - INFO - Robot robot_0 has travelled 1675.9246 m
2025-07-13 17:15:26,127 - INFO - Robot robot_1 has travelled 1677.8164 m
2025-07-13 17:15:26,129 - INFO - Robot robot_0 has dwelled for 301.82712960243225 sec
2025-07-13 17:15:26,129 - INFO - Robot robot_1 has dwelled for 319.4347186088562 sec
2025-07-13 17:15:26,129 - INFO - Robot robot_2 has dwelled for 0 sec
2025-07-13 17:15:26,129 - INFO - Robot robot_3 has dwelled for 0 sec
2025-07-13 17:15:26,130 - INFO - Robot robot_4 has dwelled for 0 sec
2025-07-13 17:15:26,130 - INFO - Robot robot_5 has dwelled for 0 sec
2025-07-13 17:15:26,131 - INFO - Robot robot_6 has dwelled for 0 sec
2025-07-13 17:15:26,132 - INFO - Robot robot_7 has dwelled for 0 sec
2025-07-13 17:15:26,132 - INFO - Robot robot_8 has dwelled for 0 sec
2025-07-13 17:15:26,133 - INFO - Robot robot_9 has dwelled for 0 sec
2025-07-13 17:15:26,134 - INFO - Robot robot_10 has dwelled for 0 sec
2025-07-13 17:15:26,134 - INFO - Robot robot_11 has dwelled for 0 sec
2025-07-13 17:15:26,135 - INFO - Robot robot_12 has dwelled for 0 sec
2025-07-13 17:15:26,136 - INFO - Robot robot_13 has dwelled for 0 sec
2025-07-13 17:15:26,136 - INFO - Robot robot_14 has dwelled for 0 sec
2025-07-13 17:15:41,266 - INFO - Robot robot_0 has reached RODR04b
2025-07-13 17:15:46,385 - INFO - Total calls to destro : 161
2025-07-13 17:15:51,206 - INFO - Robot robot_1 has reached RIU07a
2025-07-13 17:15:54,388 - INFO - Total calls to destro : 162
2025-07-13 17:15:54,415 - INFO - Total calls to destro : 163
2025-07-13 17:15:59,403 - INFO - Total calls to destro : 164
2025-07-13 17:16:01,282 - INFO - Total calls to destro : 165
2025-07-13 17:16:01,285 - INFO - Total calls to destro : 166
2025-07-13 17:16:01,288 - INFO - Received Command for : robot_1 Location : RODL04a
2025-07-13 17:16:07,443 - INFO - Total calls to destro : 167
2025-07-13 17:16:07,513 - INFO - Received Command for : robot_0 Location : ROUL08b
2025-07-13 17:16:13,081 - INFO - Total calls to destro : 168
2025-07-13 17:16:18,059 - INFO - Robot robot_1 has reached RODL04a
2025-07-13 17:16:23,121 - INFO - Total calls to destro : 169
2025-07-13 17:16:27,685 - INFO - Total calls to destro : 170
2025-07-13 17:16:27,794 - INFO - Received Command for : robot_1 Location : RODL03a
2025-07-13 17:16:36,769 - INFO - Robot robot_1 has reached RODL03a
2025-07-13 17:16:45,920 - INFO - Total calls to destro : 171
2025-07-13 17:16:46,052 - INFO - Received Command for : robot_1 Location : RIU08b
2025-07-13 17:16:46,829 - INFO - Total calls to destro : 172
2025-07-13 17:16:48,091 - INFO - Robot robot_0 has reached ROUL08b
2025-07-13 17:16:53,185 - INFO - Total calls to destro : 173
2025-07-13 17:16:57,697 - INFO - Total calls to destro : 174
2025-07-13 17:16:57,738 - INFO - Received Command for : robot_0 Location : ROUL08a
2025-07-13 17:16:58,766 - INFO - Robot robot_1 has reached RIU08b
2025-07-13 17:16:58,768 - INFO - Robot robot_0 has reached ROUL08a
2025-07-13 17:17:07,866 - INFO - Total calls to destro : 175
2025-07-13 17:17:07,945 - INFO - Total calls to destro : 176
2025-07-13 17:17:08,039 - INFO - Received Command for : robot_0 Location : RIU07a
2025-07-13 17:17:08,749 - INFO - Total calls to destro : 177
2025-07-13 17:17:12,697 - INFO - Total calls to destro : 178
2025-07-13 17:17:12,705 - INFO - Received Command for : robot_1 Location : RIU08a
2025-07-13 17:17:14,583 - INFO - Robot robot_1 has reached RIU08a
2025-07-13 17:17:22,164 - INFO - Robot robot_0 has reached RIU07a
2025-07-13 17:17:23,654 - INFO - Total calls to destro : 179
2025-07-13 17:17:23,656 - INFO - Received Command for : robot_1 Location : RODR01a
2025-07-13 17:17:26,083 - INFO - Total calls to destro : 180
2025-07-13 17:17:26,103 - INFO - Robot robot_0 has travelled 1908.3007 m
2025-07-13 17:17:26,104 - INFO - Robot robot_1 has travelled 1872.0412 m
2025-07-13 17:17:26,104 - INFO - Robot robot_0 has dwelled for 346.9121367931366 sec
2025-07-13 17:17:26,104 - INFO - Robot robot_1 has dwelled for 371.42683148384094 sec
2025-07-13 17:17:26,104 - INFO - Robot robot_2 has dwelled for 0 sec
2025-07-13 17:17:26,104 - INFO - Robot robot_3 has dwelled for 0 sec
2025-07-13 17:17:26,104 - INFO - Robot robot_4 has dwelled for 0 sec
2025-07-13 17:17:26,104 - INFO - Robot robot_5 has dwelled for 0 sec
2025-07-13 17:17:26,105 - INFO - Robot robot_6 has dwelled for 0 sec
2025-07-13 17:17:26,105 - INFO - Robot robot_7 has dwelled for 0 sec
2025-07-13 17:17:26,105 - INFO - Robot robot_8 has dwelled for 0 sec
2025-07-13 17:17:26,105 - INFO - Robot robot_9 has dwelled for 0 sec
2025-07-13 17:17:26,105 - INFO - Robot robot_10 has dwelled for 0 sec
2025-07-13 17:17:26,105 - INFO - Robot robot_11 has dwelled for 0 sec
2025-07-13 17:17:26,105 - INFO - Robot robot_12 has dwelled for 0 sec
2025-07-13 17:17:26,105 - INFO - Robot robot_13 has dwelled for 0 sec
2025-07-13 17:17:26,105 - INFO - Robot robot_14 has dwelled for 0 sec
2025-07-13 17:17:31,297 - INFO - Total calls to destro : 181
2025-07-13 17:17:32,754 - INFO - Total calls to destro : 182
2025-07-13 17:17:32,839 - INFO - Received Command for : robot_0 Location : RIU07b
2025-07-13 17:17:34,153 - INFO - Robot robot_0 has reached RIU07b
2025-07-13 17:17:35,434 - INFO - Total calls to destro : 183
2025-07-13 17:17:43,268 - INFO - Total calls to destro : 184
2025-07-13 17:17:43,275 - INFO - Total calls to destro : 185
2025-07-13 17:17:43,279 - INFO - Received Command for : robot_0 Location : RODL04b
2025-07-13 17:17:49,734 - INFO - Robot robot_1 has reached RODR01a
2025-07-13 17:17:54,790 - INFO - Total calls to destro : 186
2025-07-13 17:17:56,429 - INFO - Robot robot_0 has reached RODL04b
2025-07-13 17:18:01,522 - INFO - Total calls to destro : 187
2025-07-13 17:18:02,826 - INFO - Total calls to destro : 188
2025-07-13 17:18:02,875 - INFO - Total calls to destro : 189
2025-07-13 17:18:02,877 - INFO - Received Command for : robot_1 Location : ROUL08a
2025-07-13 17:18:07,773 - INFO - Total calls to destro : 190
2025-07-13 17:18:07,869 - INFO - Received Command for : robot_0 Location : RIU05b
2025-07-13 17:18:23,939 - INFO - Total calls to destro : 191
2025-07-13 17:18:24,453 - INFO - Robot robot_0 has reached RIU05b
2025-07-13 17:18:33,513 - INFO - Total calls to destro : 192
2025-07-13 17:18:33,518 - INFO - Total calls to destro : 193
2025-07-13 17:18:33,521 - INFO - Received Command for : robot_0 Location : RIU08a
2025-07-13 17:18:35,698 - INFO - Robot robot_1 has reached ROUL08a
2025-07-13 17:18:40,661 - INFO - Total calls to destro : 194
2025-07-13 17:18:40,837 - INFO - Total calls to destro : 195
2025-07-13 17:18:43,783 - INFO - Robot robot_0 has reached RIU08a
2025-07-13 17:18:48,827 - INFO - Total calls to destro : 196
2025-07-13 17:18:48,949 - INFO - Total calls to destro : 197
2025-07-13 17:18:49,040 - INFO - Received Command for : robot_1 Location : RODR04b
2025-07-13 17:18:53,422 - INFO - Total calls to destro : 198
2025-07-13 17:18:53,432 - INFO - Total calls to destro : 199
2025-07-13 17:18:57,830 - INFO - Total calls to destro : 200
2025-07-13 17:18:57,989 - INFO - Received Command for : robot_0 Location : CD6
2025-07-13 17:19:20,620 - INFO - Robot robot_0 has reached CD6
2025-07-13 17:19:26,229 - INFO - Robot robot_0 has travelled 2114.0865 m
2025-07-13 17:19:26,230 - INFO - Robot robot_1 has travelled 2233.6902999999998 m
2025-07-13 17:19:26,232 - INFO - Robot robot_0 has dwelled for 401.1900203227997 sec
2025-07-13 17:19:26,232 - INFO - Robot robot_1 has dwelled for 397.87132263183594 sec
2025-07-13 17:19:26,233 - INFO - Robot robot_2 has dwelled for 0 sec
2025-07-13 17:19:26,234 - INFO - Robot robot_3 has dwelled for 0 sec
2025-07-13 17:19:26,234 - INFO - Robot robot_4 has dwelled for 0 sec
2025-07-13 17:19:26,235 - INFO - Robot robot_5 has dwelled for 0 sec
2025-07-13 17:19:26,236 - INFO - Robot robot_6 has dwelled for 0 sec
2025-07-13 17:19:26,236 - INFO - Robot robot_7 has dwelled for 0 sec
2025-07-13 17:19:26,237 - INFO - Robot robot_8 has dwelled for 0 sec
2025-07-13 17:19:26,238 - INFO - Robot robot_9 has dwelled for 0 sec
2025-07-13 17:19:26,238 - INFO - Robot robot_10 has dwelled for 0 sec
2025-07-13 17:19:26,239 - INFO - Robot robot_11 has dwelled for 0 sec
2025-07-13 17:19:26,240 - INFO - Robot robot_12 has dwelled for 0 sec
2025-07-13 17:19:26,240 - INFO - Robot robot_13 has dwelled for 0 sec
2025-07-13 17:19:26,241 - INFO - Robot robot_14 has dwelled for 0 sec
2025-07-13 17:19:27,868 - INFO - Robot robot_1 has reached RODR04b
2025-07-13 17:19:29,654 - INFO - Total calls to destro : 201
2025-07-13 17:19:29,657 - INFO - Total calls to destro : 202
2025-07-13 17:19:29,662 - INFO - Received Command for : robot_0 Location : RIU07b
2025-07-13 17:19:32,987 - INFO - Total calls to destro : 203
2025-07-13 17:19:37,849 - INFO - Total calls to destro : 204
2025-07-13 17:19:37,964 - INFO - Received Command for : robot_1 Location : RIU08b
2025-07-13 17:19:51,719 - INFO - Robot robot_0 has reached RIU07b
2025-07-13 17:20:00,808 - INFO - Total calls to destro : 205
2025-07-13 17:20:02,895 - INFO - Total calls to destro : 206
2025-07-13 17:20:02,934 - INFO - Received Command for : robot_0 Location : RIU07a
2025-07-13 17:20:04,319 - INFO - Robot robot_0 has reached RIU07a
2025-07-13 17:20:08,067 - INFO - Robot robot_1 has reached RIU08b
2025-07-13 17:20:13,428 - INFO - Total calls to destro : 207
2025-07-13 17:20:13,528 - INFO - Received Command for : robot_0 Location : RODL04a
2025-07-13 17:20:14,959 - INFO - Total calls to destro : 208
2025-07-13 17:20:17,190 - INFO - Total calls to destro : 209
2025-07-13 17:20:17,234 - INFO - Total calls to destro : 210
2025-07-13 17:20:17,240 - INFO - Received Command for : robot_1 Location : RODL01a
2025-07-13 17:20:28,818 - INFO - Robot robot_0 has reached RODL04a
2025-07-13 17:20:30,329 - INFO - Robot robot_1 has reached RODL01a
2025-07-13 17:20:33,837 - INFO - Total calls to destro : 211
2025-07-13 17:20:33,843 - INFO - Total calls to destro : 212
2025-07-13 17:20:33,847 - INFO - Received Command for : robot_0 Location : CD7
2025-07-13 17:20:35,436 - INFO - Total calls to destro : 213
2025-07-13 17:20:43,445 - INFO - Total calls to destro : 214
2025-07-13 17:20:43,535 - INFO - Total calls to destro : 215
2025-07-13 17:20:43,622 - INFO - Received Command for : robot_1 Location : RODR03a
2025-07-13 17:20:49,789 - INFO - Total calls to destro : 216
2025-07-13 17:20:57,949 - INFO - Robot robot_0 has reached CD7
2025-07-13 17:21:03,016 - INFO - Total calls to destro : 217
2025-07-13 17:21:03,066 - INFO - Total calls to destro : 218
2025-07-13 17:21:03,190 - INFO - Received Command for : robot_0 Location : RIU07a
2025-07-13 17:21:11,155 - INFO - Robot robot_1 has reached RODR03a
2025-07-13 17:21:13,464 - INFO - Total calls to destro : 219
2025-07-13 17:21:16,265 - INFO - Total calls to destro : 220
2025-07-13 17:21:18,298 - INFO - Total calls to destro : 221
2025-07-13 17:21:24,287 - INFO - Total calls to destro : 222
2025-07-13 17:21:24,300 - INFO - Total calls to destro : 223
2025-07-13 17:21:24,311 - INFO - Received Command for : robot_1 Location : ROUL08a
2025-07-13 17:21:25,171 - INFO - Robot robot_0 has reached RIU07a
2025-07-13 17:21:26,209 - INFO - Robot robot_0 has travelled 2417.4051 m
2025-07-13 17:21:26,210 - INFO - Robot robot_1 has travelled 2474.4744 m
2025-07-13 17:21:26,211 - INFO - Robot robot_0 has dwelled for 440.77843046188354 sec
2025-07-13 17:21:26,211 - INFO - Robot robot_1 has dwelled for 443.4577534198761 sec
2025-07-13 17:21:26,211 - INFO - Robot robot_2 has dwelled for 0 sec
2025-07-13 17:21:26,211 - INFO - Robot robot_3 has dwelled for 0 sec
2025-07-13 17:21:26,211 - INFO - Robot robot_4 has dwelled for 0 sec
2025-07-13 17:21:26,211 - INFO - Robot robot_5 has dwelled for 0 sec
2025-07-13 17:21:26,211 - INFO - Robot robot_6 has dwelled for 0 sec
2025-07-13 17:21:26,211 - INFO - Robot robot_7 has dwelled for 0 sec
2025-07-13 17:21:26,211 - INFO - Robot robot_8 has dwelled for 0 sec
2025-07-13 17:21:26,212 - INFO - Robot robot_9 has dwelled for 0 sec
2025-07-13 17:21:26,212 - INFO - Robot robot_10 has dwelled for 0 sec
2025-07-13 17:21:26,212 - INFO - Robot robot_11 has dwelled for 0 sec
2025-07-13 17:21:26,212 - INFO - Robot robot_12 has dwelled for 0 sec
2025-07-13 17:21:26,212 - INFO - Robot robot_13 has dwelled for 0 sec
2025-07-13 17:21:26,212 - INFO - Robot robot_14 has dwelled for 0 sec
2025-07-13 17:21:35,307 - INFO - Total calls to destro : 224
2025-07-13 17:21:35,413 - INFO - Received Command for : robot_0 Location : RODL04a
2025-07-13 17:21:35,811 - INFO - Total calls to destro : 225
2025-07-13 17:21:50,344 - INFO - Robot robot_0 has reached RODL04a
2025-07-13 17:21:55,449 - INFO - Total calls to destro : 226
2025-07-13 17:21:57,304 - INFO - Robot robot_1 has reached ROUL08a
2025-07-13 17:22:02,438 - INFO - Total calls to destro : 227
2025-07-13 17:22:02,992 - INFO - Total calls to destro : 228
2025-07-13 17:22:03,053 - INFO - Received Command for : robot_0 Location : CD4
2025-07-13 17:22:07,994 - INFO - Total calls to destro : 229
2025-07-13 17:22:08,051 - INFO - Received Command for : robot_1 Location : ROUL08b
2025-07-13 17:22:09,730 - INFO - Robot robot_1 has reached ROUL08b
2025-07-13 17:22:18,843 - INFO - Total calls to destro : 230
2025-07-13 17:22:18,928 - INFO - Total calls to destro : 231
2025-07-13 17:22:19,002 - INFO - Received Command for : robot_1 Location : RIU07a
2025-07-13 17:22:23,456 - INFO - Robot robot_0 has reached CD4
2025-07-13 17:22:31,262 - INFO - Robot robot_1 has reached RIU07a
2025-07-13 17:22:32,576 - INFO - Total calls to destro : 232
2025-07-13 17:22:32,582 - INFO - Total calls to destro : 233
2025-07-13 17:22:32,584 - INFO - Received Command for : robot_0 Location : RIU08b
2025-07-13 17:22:40,398 - INFO - Total calls to destro : 234
2025-07-13 17:22:43,055 - INFO - Total calls to destro : 235
2025-07-13 17:22:43,137 - INFO - Received Command for : robot_1 Location : RIU08a
2025-07-13 17:22:44,467 - INFO - Total calls to destro : 236
2025-07-13 17:22:50,612 - INFO - Robot robot_1 has reached RIU08a
2025-07-13 17:22:54,602 - INFO - Robot robot_0 has reached RIU08b
2025-07-13 17:22:59,685 - INFO - Total calls to destro : 237
2025-07-13 17:22:59,733 - INFO - Received Command for : robot_1 Location : RODR04c
2025-07-13 17:23:01,989 - INFO - Total calls to destro : 238
2025-07-13 17:23:03,696 - INFO - Total calls to destro : 239
2025-07-13 17:23:08,100 - INFO - Total calls to destro : 240
2025-07-13 17:23:08,218 - INFO - Received Command for : robot_0 Location : RIU07b
2025-07-13 17:23:14,939 - INFO - Robot robot_0 has reached RIU07b
2025-07-13 17:23:24,019 - INFO - Total calls to destro : 241
2025-07-13 17:23:24,067 - INFO - Received Command for : robot_0 Location : RODL04c
2025-07-13 17:23:26,218 - INFO - Robot robot_0 has travelled 2650.4118 m
2025-07-13 17:23:26,219 - INFO - Robot robot_1 has travelled 2779.0542 m
2025-07-13 17:23:26,220 - INFO - Robot robot_0 has dwelled for 495.37716007232666 sec
2025-07-13 17:23:26,220 - INFO - Robot robot_1 has dwelled for 484.31596875190735 sec
2025-07-13 17:23:26,221 - INFO - Robot robot_2 has dwelled for 0 sec
2025-07-13 17:23:26,221 - INFO - Robot robot_3 has dwelled for 0 sec
2025-07-13 17:23:26,221 - INFO - Robot robot_4 has dwelled for 0 sec
2025-07-13 17:23:26,221 - INFO - Robot robot_5 has dwelled for 0 sec
2025-07-13 17:23:26,221 - INFO - Robot robot_6 has dwelled for 0 sec
2025-07-13 17:23:26,221 - INFO - Robot robot_7 has dwelled for 0 sec
2025-07-13 17:23:26,222 - INFO - Robot robot_8 has dwelled for 0 sec
2025-07-13 17:23:26,222 - INFO - Robot robot_9 has dwelled for 0 sec
2025-07-13 17:23:26,222 - INFO - Robot robot_10 has dwelled for 0 sec
2025-07-13 17:23:26,222 - INFO - Robot robot_11 has dwelled for 0 sec
2025-07-13 17:23:26,222 - INFO - Robot robot_12 has dwelled for 0 sec
2025-07-13 17:23:26,222 - INFO - Robot robot_13 has dwelled for 0 sec
2025-07-13 17:23:26,222 - INFO - Robot robot_14 has dwelled for 0 sec
2025-07-13 17:23:31,301 - INFO - Robot robot_1 has reached RODR04c
2025-07-13 17:23:36,332 - INFO - Total calls to destro : 242
2025-07-13 17:23:37,067 - INFO - Robot robot_0 has reached RODL04c
2025-07-13 17:23:42,138 - INFO - Total calls to destro : 243
2025-07-13 17:23:42,199 - INFO - Total calls to destro : 244
2025-07-13 17:23:42,312 - INFO - Received Command for : robot_0 Location : CD16
2025-07-13 17:23:48,163 - INFO - Total calls to destro : 245
2025-07-13 17:23:48,219 - INFO - Total calls to destro : 246
2025-07-13 17:23:48,262 - INFO - Received Command for : robot_1 Location : RODL03a
2025-07-13 17:24:00,059 - INFO - Total calls to destro : 247
2025-07-13 17:24:02,784 - INFO - Total calls to destro : 248
2025-07-13 17:24:14,875 - INFO - Robot robot_1 has reached RODL03a
2025-07-13 17:24:19,963 - INFO - Total calls to destro : 249
2025-07-13 17:24:23,381 - INFO - Total calls to destro : 250
2025-07-13 17:24:27,969 - INFO - Total calls to destro : 251
2025-07-13 17:24:28,029 - INFO - Total calls to destro : 252
2025-07-13 17:24:28,040 - INFO - Received Command for : robot_1 Location : ROUL08b
2025-07-13 17:24:30,287 - INFO - Robot robot_0 has reached CD16
2025-07-13 17:24:35,698 - INFO - Total calls to destro : 253
2025-07-13 17:24:35,704 - INFO - Total calls to destro : 254
2025-07-13 17:24:35,716 - INFO - Received Command for : robot_0 Location : RIU07b
2025-07-13 17:24:44,007 - INFO - Robot robot_1 has reached ROUL08b
2025-07-13 17:24:49,109 - INFO - Total calls to destro : 255
2025-07-13 17:24:53,190 - INFO - Total calls to destro : 256
2025-07-13 17:24:53,290 - INFO - Received Command for : robot_1 Location : RIU04b
2025-07-13 17:25:10,791 - INFO - Robot robot_0 has reached RIU07b
2025-07-13 17:25:12,091 - INFO - Robot robot_1 has reached RIU04b
2025-07-13 17:25:20,921 - INFO - Total calls to destro : 257
2025-07-13 17:25:21,038 - INFO - Received Command for : robot_0 Location : RODL04c
2025-07-13 17:25:21,743 - INFO - Total calls to destro : 258
2025-07-13 17:25:21,866 - INFO - Total calls to destro : 259
2025-07-13 17:25:21,907 - INFO - Received Command for : robot_1 Location : RIU08a
2025-07-13 17:25:22,454 - INFO - Total calls to destro : 260
2025-07-13 17:25:26,126 - INFO - CODE F01 at 2.0 number of cases finished is 1400
2025-07-13 17:25:26,126 - INFO - CODE F02 at 2.0 UPH is 449
2025-07-13 17:25:28,146 - INFO - Total calls to destro : 261
2025-07-13 17:25:30,167 - INFO - Robot robot_1 has reached RIU08a
2025-07-13 17:25:33,517 - INFO - Robot robot_0 has reached RODL04c
2025-07-13 17:25:38,640 - INFO - Total calls to destro : 262
2025-07-13 17:25:39,215 - INFO - Total calls to destro : 263
2025-07-13 17:25:43,244 - INFO - Total calls to destro : 264
2025-07-13 17:25:43,340 - INFO - Received Command for : robot_1 Location : CD5
2025-07-13 17:25:44,241 - INFO - Total calls to destro : 265
2025-07-13 17:25:44,374 - INFO - Received Command for : robot_0 Location : RIU07a
2025-07-13 17:25:58,347 - INFO - Robot robot_0 has reached RIU07a
2025-07-13 17:26:06,789 - INFO - Robot robot_1 has reached CD5
2025-07-13 17:26:07,433 - INFO - Total calls to destro : 266
2025-07-13 17:26:07,534 - INFO - Received Command for : robot_0 Location : RODL04a
2025-07-13 17:26:15,888 - INFO - Total calls to destro : 267
2025-07-13 17:26:15,952 - INFO - Total calls to destro : 268
2025-07-13 17:26:16,030 - INFO - Received Command for : robot_1 Location : RIU07b
2025-07-13 17:26:22,496 - INFO - Robot robot_0 has reached RODL04a
2025-07-13 17:26:27,645 - INFO - Total calls to destro : 269
2025-07-13 17:26:27,685 - INFO - Received Command for : robot_0 Location : CD10
2025-07-13 17:26:28,052 - INFO - Total calls to destro : 270
2025-07-13 17:26:37,253 - INFO - Robot robot_1 has reached RIU07b
2025-07-13 17:26:46,340 - INFO - Total calls to destro : 271
2025-07-13 17:26:48,301 - INFO - Total calls to destro : 272
2025-07-13 17:26:48,398 - INFO - Received Command for : robot_1 Location : RIU08b
2025-07-13 17:26:49,797 - INFO - Robot robot_0 has reached CD10
2025-07-13 17:26:53,104 - INFO - Total calls to destro : 273
2025-07-13 17:26:54,105 - INFO - Robot robot_1 has reached RIU08b
2025-07-13 17:26:54,936 - INFO - Total calls to destro : 274
2025-07-13 17:26:55,003 - INFO - Total calls to destro : 275
2025-07-13 17:26:55,036 - INFO - Received Command for : robot_0 Location : RIU07a
2025-07-13 17:27:03,222 - INFO - Total calls to destro : 276
2025-07-13 17:27:03,310 - INFO - Received Command for : robot_1 Location : ROUL08c
2025-07-13 17:27:03,869 - INFO - Total calls to destro : 277
2025-07-13 17:27:15,164 - INFO - Robot robot_1 has reached ROUL08c
2025-07-13 17:27:19,878 - INFO - Robot robot_0 has reached RIU07a
2025-07-13 17:27:20,203 - INFO - Total calls to destro : 278
2025-07-13 17:27:26,209 - INFO - Robot robot_0 has travelled 3310.1245 m
2025-07-13 17:27:26,209 - INFO - Robot robot_1 has travelled 3240.0228 m
2025-07-13 17:27:26,210 - INFO - Robot robot_0 has dwelled for 546.4798874855042 sec
2025-07-13 17:27:26,211 - INFO - Robot robot_1 has dwelled for 576.0296885967255 sec
2025-07-13 17:27:26,211 - INFO - Robot robot_2 has dwelled for 0 sec
2025-07-13 17:27:26,212 - INFO - Robot robot_3 has dwelled for 0 sec
2025-07-13 17:27:26,213 - INFO - Robot robot_4 has dwelled for 0 sec
2025-07-13 17:27:26,213 - INFO - Robot robot_5 has dwelled for 0 sec
2025-07-13 17:27:26,214 - INFO - Robot robot_6 has dwelled for 0 sec
2025-07-13 17:27:26,214 - INFO - Robot robot_7 has dwelled for 0 sec
2025-07-13 17:27:26,215 - INFO - Robot robot_8 has dwelled for 0 sec
2025-07-13 17:27:26,215 - INFO - Robot robot_9 has dwelled for 0 sec
2025-07-13 17:27:26,216 - INFO - Robot robot_10 has dwelled for 0 sec
2025-07-13 17:27:26,217 - INFO - Robot robot_11 has dwelled for 0 sec
2025-07-13 17:27:26,217 - INFO - Robot robot_12 has dwelled for 0 sec
2025-07-13 17:27:26,218 - INFO - Robot robot_13 has dwelled for 0 sec
2025-07-13 17:27:26,218 - INFO - Robot robot_14 has dwelled for 0 sec
2025-07-13 17:27:28,214 - INFO - Total calls to destro : 279
2025-07-13 17:27:28,266 - INFO - Total calls to destro : 280
2025-07-13 17:27:28,282 - INFO - Received Command for : robot_1 Location : RODR05a
2025-07-13 17:27:32,855 - INFO - Total calls to destro : 281
2025-07-13 17:27:32,909 - INFO - Total calls to destro : 282
2025-07-13 17:27:33,017 - INFO - Received Command for : robot_0 Location : RODL04a
2025-07-13 17:27:48,444 - INFO - Robot robot_0 has reached RODL04a
2025-07-13 17:27:52,180 - INFO - Total calls to destro : 283
2025-07-13 17:27:53,539 - INFO - Total calls to destro : 284
2025-07-13 17:27:58,380 - INFO - Total calls to destro : 285
2025-07-13 17:27:58,401 - INFO - Received Command for : robot_0 Location : RODL04b
2025-07-13 17:27:59,738 - INFO - Robot robot_0 has reached RODL04b
2025-07-13 17:28:06,601 - INFO - Total calls to destro : 286
2025-07-13 17:28:07,366 - INFO - Robot robot_1 has reached RODR05a
2025-07-13 17:28:08,787 - INFO - Total calls to destro : 287
2025-07-13 17:28:08,825 - INFO - Total calls to destro : 288
2025-07-13 17:28:08,861 - INFO - Received Command for : robot_0 Location : RIU08b
2025-07-13 17:28:12,449 - INFO - Total calls to destro : 289
2025-07-13 17:28:20,426 - INFO - Total calls to destro : 290
2025-07-13 17:28:20,427 - INFO - Total calls to destro : 291
2025-07-13 17:28:23,896 - INFO - Robot robot_0 has reached RIU08b
2025-07-13 17:28:25,474 - INFO - Total calls to destro : 292
2025-07-13 17:28:33,075 - INFO - Total calls to destro : 293
2025-07-13 17:28:33,395 - INFO - Total calls to destro : 294
2025-07-13 17:28:33,521 - INFO - Received Command for : robot_0 Location : CD1
2025-07-13 17:28:33,943 - INFO - Total calls to destro : 295
2025-07-13 17:28:33,998 - INFO - Received Command for : robot_1 Location : RIU08a
2025-07-13 17:28:54,321 - INFO - Robot robot_0 has reached CD1
2025-07-13 17:29:03,397 - INFO - Total calls to destro : 296
2025-07-13 17:29:03,402 - INFO - Total calls to destro : 297
2025-07-13 17:29:03,482 - INFO - Received Command for : robot_0 Location : RIU07a
2025-07-13 17:29:04,402 - INFO - Robot robot_1 has reached RIU08a
2025-07-13 17:29:13,482 - INFO - Total calls to destro : 298
2025-07-13 17:29:13,484 - INFO - Received Command for : robot_1 Location : ROUL08c
2025-07-13 17:29:14,052 - INFO - Total calls to destro : 299
2025-07-13 17:29:25,749 - INFO - Robot robot_1 has reached ROUL08c
2025-07-13 17:29:26,298 - INFO - Robot robot_0 has travelled 3560.2625 m
2025-07-13 17:29:26,303 - INFO - Robot robot_1 has travelled 3537.4558 m
2025-07-13 17:29:26,304 - INFO - Robot robot_0 has dwelled for 597.2378795146942 sec
2025-07-13 17:29:26,304 - INFO - Robot robot_1 has dwelled for 624.8091154098511 sec
2025-07-13 17:29:26,304 - INFO - Robot robot_2 has dwelled for 0 sec
2025-07-13 17:29:26,304 - INFO - Robot robot_3 has dwelled for 0 sec
2025-07-13 17:29:26,304 - INFO - Robot robot_4 has dwelled for 0 sec
2025-07-13 17:29:26,304 - INFO - Robot robot_5 has dwelled for 0 sec
2025-07-13 17:29:26,304 - INFO - Robot robot_6 has dwelled for 0 sec
2025-07-13 17:29:26,304 - INFO - Robot robot_7 has dwelled for 0 sec
2025-07-13 17:29:26,305 - INFO - Robot robot_8 has dwelled for 0 sec
2025-07-13 17:29:26,305 - INFO - Robot robot_9 has dwelled for 0 sec
2025-07-13 17:29:26,306 - INFO - Robot robot_10 has dwelled for 0 sec
2025-07-13 17:29:26,306 - INFO - Robot robot_11 has dwelled for 0 sec
2025-07-13 17:29:26,306 - INFO - Robot robot_12 has dwelled for 0 sec
2025-07-13 17:29:26,306 - INFO - Robot robot_13 has dwelled for 0 sec
2025-07-13 17:29:26,306 - INFO - Robot robot_14 has dwelled for 0 sec
2025-07-13 17:29:26,519 - INFO - Robot robot_0 has reached RIU07a
2025-07-13 17:29:30,827 - INFO - Total calls to destro : 300
2025-07-13 17:29:35,614 - INFO - Total calls to destro : 301
2025-07-13 17:29:38,491 - INFO - Total calls to destro : 302
2025-07-13 17:29:38,573 - INFO - Received Command for : robot_0 Location : RIU07b
2025-07-13 17:29:39,056 - INFO - Total calls to destro : 303
2025-07-13 17:29:39,141 - INFO - Total calls to destro : 304
2025-07-13 17:29:39,200 - INFO - Received Command for : robot_1 Location : RODR02a
2025-07-13 17:29:39,763 - INFO - Robot robot_0 has reached RIU07b
2025-07-13 17:29:51,482 - INFO - Total calls to destro : 305
2025-07-13 17:29:52,710 - INFO - Total calls to destro : 306
2025-07-13 17:29:52,823 - INFO - Received Command for : robot_0 Location : RODL04b
2025-07-13 17:29:53,287 - INFO - Total calls to destro : 307
2025-07-13 17:30:06,450 - INFO - Total calls to destro : 308
2025-07-13 17:30:06,931 - INFO - Robot robot_0 has reached RODL04b
2025-07-13 17:30:12,024 - INFO - Total calls to destro : 309
2025-07-13 17:30:16,348 - INFO - Robot robot_1 has reached RODR02a
2025-07-13 17:30:18,491 - INFO - Total calls to destro : 310
2025-07-13 17:30:18,495 - INFO - Received Command for : robot_0 Location : RIU06c
2025-07-13 17:30:21,467 - INFO - Total calls to destro : 311
2025-07-13 17:30:28,498 - INFO - Total calls to destro : 312
2025-07-13 17:30:28,499 - INFO - Received Command for : robot_1 Location : RODR04a
2025-07-13 17:30:31,614 - INFO - Robot robot_0 has reached RIU06c
2025-07-13 17:30:37,386 - INFO - Robot robot_1 has reached RODR04a
2025-07-13 17:30:40,674 - INFO - Total calls to destro : 313
2025-07-13 17:30:40,708 - INFO - Received Command for : robot_0 Location : RIU08a
2025-07-13 17:30:41,427 - INFO - Total calls to destro : 314
2025-07-13 17:30:46,101 - INFO - Robot robot_0 has reached RIU08a
2025-07-13 17:30:46,502 - INFO - Total calls to destro : 315
2025-07-13 17:30:46,562 - INFO - Received Command for : robot_1 Location : RIU07b
2025-07-13 17:30:47,547 - INFO - Total calls to destro : 316
2025-07-13 17:30:54,865 - INFO - Total calls to destro : 317
2025-07-13 17:30:55,242 - INFO - Total calls to destro : 318
2025-07-13 17:30:58,577 - INFO - Total calls to destro : 319
2025-07-13 17:30:58,604 - INFO - Received Command for : robot_0 Location : RIU08b
2025-07-13 17:31:00,036 - INFO - Robot robot_0 has reached RIU08b
2025-07-13 17:31:09,134 - INFO - Total calls to destro : 320
2025-07-13 17:31:09,139 - INFO - Total calls to destro : 321
2025-07-13 17:31:09,141 - INFO - Received Command for : robot_0 Location : ROUL08c
2025-07-13 17:31:14,254 - INFO - Robot robot_1 has reached RIU07b
2025-07-13 17:31:21,877 - INFO - Robot robot_0 has reached ROUL08c
2025-07-13 17:31:23,282 - INFO - Total calls to destro : 322
2025-07-13 17:31:23,562 - INFO - Total calls to destro : 323
2025-07-13 17:31:23,566 - INFO - Received Command for : robot_1 Location : RIU07a
2025-07-13 17:31:25,246 - INFO - Robot robot_1 has reached RIU07a
2025-07-13 17:31:26,018 - INFO - Robot robot_0 has travelled 3721.0655 m
2025-07-13 17:31:26,018 - INFO - Robot robot_1 has travelled 3795.5814 m
2025-07-13 17:31:26,018 - INFO - Robot robot_0 has dwelled for 664.4599997997284 sec
2025-07-13 17:31:26,019 - INFO - Robot robot_1 has dwelled for 668.8571436405182 sec
2025-07-13 17:31:26,019 - INFO - Robot robot_2 has dwelled for 0 sec
2025-07-13 17:31:26,020 - INFO - Robot robot_3 has dwelled for 0 sec
2025-07-13 17:31:26,021 - INFO - Robot robot_4 has dwelled for 0 sec
2025-07-13 17:31:26,021 - INFO - Robot robot_5 has dwelled for 0 sec
2025-07-13 17:31:26,022 - INFO - Robot robot_6 has dwelled for 0 sec
2025-07-13 17:31:26,022 - INFO - Robot robot_7 has dwelled for 0 sec
2025-07-13 17:31:26,023 - INFO - Robot robot_8 has dwelled for 0 sec
2025-07-13 17:31:26,023 - INFO - Robot robot_9 has dwelled for 0 sec
2025-07-13 17:31:26,024 - INFO - Robot robot_10 has dwelled for 0 sec
2025-07-13 17:31:26,024 - INFO - Robot robot_11 has dwelled for 0 sec
2025-07-13 17:31:26,025 - INFO - Robot robot_12 has dwelled for 0 sec
2025-07-13 17:31:26,025 - INFO - Robot robot_13 has dwelled for 0 sec
2025-07-13 17:31:26,025 - INFO - Robot robot_14 has dwelled for 0 sec
2025-07-13 17:31:26,967 - INFO - Total calls to destro : 324
2025-07-13 17:31:34,340 - INFO - Total calls to destro : 325
2025-07-13 17:31:34,429 - INFO - Received Command for : robot_1 Location : RODL04a
2025-07-13 17:31:35,185 - INFO - Total calls to destro : 326
2025-07-13 17:31:35,254 - INFO - Received Command for : robot_0 Location : RODR03a
2025-07-13 17:31:42,006 - INFO - Total calls to destro : 327
2025-07-13 17:31:42,021 - INFO - Total calls to destro : 328
2025-07-13 17:31:50,117 - INFO - Robot robot_1 has reached RODL04a
2025-07-13 17:31:55,240 - INFO - Total calls to destro : 329
2025-07-13 17:31:55,276 - INFO - Total calls to destro : 330
2025-07-13 17:31:55,336 - INFO - Received Command for : robot_1 Location : CD12
2025-07-13 17:32:06,798 - INFO - Total calls to destro : 331
2025-07-13 17:32:16,533 - INFO - Robot robot_1 has reached CD12
2025-07-13 17:32:16,777 - INFO - Robot robot_0 has reached RODR03a
2025-07-13 17:32:17,107 - INFO - Total calls to destro : 332
2025-07-13 17:32:21,585 - INFO - Total calls to destro : 333
2025-07-13 17:32:21,591 - INFO - Total calls to destro : 334
2025-07-13 17:32:21,595 - INFO - Received Command for : robot_1 Location : RIU07a
2025-07-13 17:32:22,489 - INFO - Total calls to destro : 335
2025-07-13 17:32:27,541 - INFO - Total calls to destro : 336
2025-07-13 17:32:28,635 - INFO - Total calls to destro : 337
2025-07-13 17:32:28,694 - INFO - Received Command for : robot_0 Location : CD7
2025-07-13 17:32:42,181 - INFO - Total calls to destro : 338
2025-07-13 17:32:46,708 - INFO - Robot robot_1 has reached RIU07a
2025-07-13 17:32:56,730 - INFO - Total calls to destro : 339
2025-07-13 17:32:56,731 - INFO - Received Command for : robot_1 Location : RODL04a
2025-07-13 17:32:57,137 - INFO - Total calls to destro : 340
2025-07-13 17:33:10,795 - INFO - Robot robot_1 has reached RODL04a
2025-07-13 17:33:13,447 - INFO - Robot robot_0 has reached CD7
2025-07-13 17:33:15,914 - INFO - Total calls to destro : 341
2025-07-13 17:33:22,624 - INFO - Total calls to destro : 342
2025-07-13 17:33:22,645 - INFO - Total calls to destro : 343
2025-07-13 17:33:22,649 - INFO - Received Command for : robot_0 Location : RIU08b
2025-07-13 17:33:25,101 - INFO - Total calls to destro : 344
2025-07-13 17:33:25,198 - INFO - Received Command for : robot_1 Location : RODL04c
2025-07-13 17:33:26,199 - INFO - Robot robot_0 has travelled 4031.5308999999997 m
2025-07-13 17:33:26,199 - INFO - Robot robot_1 has travelled 4071.0485 m
2025-07-13 17:33:26,199 - INFO - Robot robot_0 has dwelled for 698.8996534347534 sec
2025-07-13 17:33:26,200 - INFO - Robot robot_1 has dwelled for 712.6241464614868 sec
2025-07-13 17:33:26,200 - INFO - Robot robot_2 has dwelled for 0 sec
2025-07-13 17:33:26,200 - INFO - Robot robot_3 has dwelled for 0 sec
2025-07-13 17:33:26,202 - INFO - Robot robot_4 has dwelled for 0 sec
2025-07-13 17:33:26,202 - INFO - Robot robot_5 has dwelled for 0 sec
2025-07-13 17:33:26,203 - INFO - Robot robot_6 has dwelled for 0 sec
2025-07-13 17:33:26,203 - INFO - Robot robot_7 has dwelled for 0 sec
2025-07-13 17:33:26,204 - INFO - Robot robot_8 has dwelled for 0 sec
2025-07-13 17:33:26,205 - INFO - Robot robot_9 has dwelled for 0 sec
2025-07-13 17:33:26,205 - INFO - Robot robot_10 has dwelled for 0 sec
2025-07-13 17:33:26,205 - INFO - Robot robot_11 has dwelled for 0 sec
2025-07-13 17:33:26,206 - INFO - Robot robot_12 has dwelled for 0 sec
2025-07-13 17:33:26,207 - INFO - Robot robot_13 has dwelled for 0 sec
2025-07-13 17:33:26,207 - INFO - Robot robot_14 has dwelled for 0 sec
2025-07-13 17:33:27,094 - INFO - Robot robot_1 has reached RODL04c
2025-07-13 17:33:36,204 - INFO - Total calls to destro : 345
2025-07-13 17:33:36,233 - INFO - Total calls to destro : 346
2025-07-13 17:33:36,234 - INFO - Received Command for : robot_1 Location : RIU07a
2025-07-13 17:33:47,349 - INFO - Robot robot_0 has reached RIU08b
2025-07-13 17:33:50,179 - INFO - Robot robot_1 has reached RIU07a
2025-07-13 17:33:56,497 - INFO - Total calls to destro : 347
2025-07-13 17:33:58,714 - INFO - Total calls to destro : 348
2025-07-13 17:33:58,721 - INFO - Received Command for : robot_0 Location : RIU08a
2025-07-13 17:33:59,387 - INFO - Total calls to destro : 349
2025-07-13 17:34:00,381 - INFO - Robot robot_0 has reached RIU08a
2025-07-13 17:34:02,420 - INFO - Total calls to destro : 350
2025-07-13 17:34:03,737 - INFO - Total calls to destro : 351
2025-07-13 17:34:03,780 - INFO - Received Command for : robot_1 Location : RIU07b
2025-07-13 17:34:05,179 - INFO - Robot robot_1 has reached RIU07b
2025-07-13 17:34:09,499 - INFO - Total calls to destro : 352
2025-07-13 17:34:09,527 - INFO - Total calls to destro : 353
2025-07-13 17:34:09,622 - INFO - Received Command for : robot_0 Location : RODR06a
2025-07-13 17:34:15,080 - INFO - Total calls to destro : 354
2025-07-13 17:34:15,197 - INFO - Received Command for : robot_1 Location : RODL04c
2025-07-13 17:34:15,624 - INFO - Total calls to destro : 355
2025-07-13 17:34:28,880 - INFO - Robot robot_1 has reached RODL04c
2025-07-13 17:34:34,029 - INFO - Total calls to destro : 356
2025-07-13 17:34:38,756 - INFO - Total calls to destro : 357
2025-07-13 17:34:38,758 - INFO - Received Command for : robot_1 Location : RODL04b
2025-07-13 17:34:40,249 - INFO - Robot robot_1 has reached RODL04b
2025-07-13 17:34:43,746 - INFO - Robot robot_0 has reached RODR06a
2025-07-13 17:34:48,855 - INFO - Total calls to destro : 358
2025-07-13 17:34:49,319 - INFO - Total calls to destro : 359
2025-07-13 17:34:49,378 - INFO - Total calls to destro : 360
2025-07-13 17:34:49,442 - INFO - Received Command for : robot_1 Location : RIU08a
2025-07-13 17:34:56,858 - INFO - Total calls to destro : 361
2025-07-13 17:34:56,861 - INFO - Received Command for : robot_0 Location : ROUL08c
2025-07-13 17:34:57,288 - INFO - Total calls to destro : 362
2025-07-13 17:35:05,965 - INFO - Robot robot_1 has reached RIU08a
2025-07-13 17:35:14,917 - INFO - Total calls to destro : 363
2025-07-13 17:35:15,036 - INFO - Total calls to destro : 364
2025-07-13 17:35:17,830 - INFO - Total calls to destro : 365
2025-07-13 17:35:18,809 - INFO - Total calls to destro : 366
2025-07-13 17:35:18,883 - INFO - Received Command for : robot_1 Location : RODR05a
2025-07-13 17:35:25,871 - INFO - Total calls to destro : 367
2025-07-13 17:35:26,024 - INFO - Robot robot_0 has travelled 4353.4522 m
2025-07-13 17:35:26,025 - INFO - Robot robot_1 has travelled 4228.8036 m
2025-07-13 17:35:26,025 - INFO - Robot robot_0 has dwelled for 732.5613753795624 sec
2025-07-13 17:35:26,025 - INFO - Robot robot_1 has dwelled for 777.2113018035889 sec
2025-07-13 17:35:26,025 - INFO - Robot robot_2 has dwelled for 0 sec
2025-07-13 17:35:26,025 - INFO - Robot robot_3 has dwelled for 0 sec
2025-07-13 17:35:26,025 - INFO - Robot robot_4 has dwelled for 0 sec
2025-07-13 17:35:26,025 - INFO - Robot robot_5 has dwelled for 0 sec
2025-07-13 17:35:26,025 - INFO - Robot robot_6 has dwelled for 0 sec
2025-07-13 17:35:26,025 - INFO - Robot robot_7 has dwelled for 0 sec
2025-07-13 17:35:26,026 - INFO - Robot robot_8 has dwelled for 0 sec
2025-07-13 17:35:26,026 - INFO - Robot robot_9 has dwelled for 0 sec
2025-07-13 17:35:26,027 - INFO - Robot robot_10 has dwelled for 0 sec
2025-07-13 17:35:26,027 - INFO - Robot robot_11 has dwelled for 0 sec
2025-07-13 17:35:26,027 - INFO - Robot robot_12 has dwelled for 0 sec
2025-07-13 17:35:26,027 - INFO - Robot robot_13 has dwelled for 0 sec
2025-07-13 17:35:26,027 - INFO - Robot robot_14 has dwelled for 0 sec
2025-07-13 17:35:34,155 - INFO - Robot robot_0 has reached ROUL08c
2025-07-13 17:35:39,208 - INFO - Total calls to destro : 368
2025-07-13 17:35:43,836 - INFO - Total calls to destro : 369
2025-07-13 17:35:43,941 - INFO - Received Command for : robot_0 Location : RODR03a
2025-07-13 17:35:50,534 - INFO - Robot robot_1 has reached RODR05a
2025-07-13 17:36:00,421 - INFO - Total calls to destro : 370
2025-07-13 17:36:00,507 - INFO - Total calls to destro : 371
2025-07-13 17:36:00,552 - INFO - Received Command for : robot_1 Location : RIU07b
2025-07-13 17:36:19,037 - INFO - Total calls to destro : 372
2025-07-13 17:36:27,896 - INFO - Robot robot_0 has reached RODR03a
2025-07-13 17:36:29,270 - INFO - Total calls to destro : 373
2025-07-13 17:36:31,254 - INFO - Robot robot_1 has reached RIU07b
2025-07-13 17:36:37,010 - INFO - Total calls to destro : 374
2025-07-13 17:36:37,053 - INFO - Total calls to destro : 375
2025-07-13 17:36:37,058 - INFO - Received Command for : robot_0 Location : RIU08c
2025-07-13 17:36:40,360 - INFO - Total calls to destro : 376
2025-07-13 17:36:43,914 - INFO - Total calls to destro : 377
2025-07-13 17:36:43,963 - INFO - Received Command for : robot_1 Location : RIU07a
2025-07-13 17:36:45,306 - INFO - Robot robot_1 has reached RIU07a
2025-07-13 17:36:54,417 - INFO - Total calls to destro : 378
2025-07-13 17:36:54,461 - INFO - Received Command for : robot_1 Location : RODL04b
2025-07-13 17:36:54,897 - INFO - Total calls to destro : 379
2025-07-13 17:37:02,813 - INFO - Robot robot_0 has reached RIU08c
2025-07-13 17:37:07,437 - INFO - Robot robot_1 has reached RODL04b
2025-07-13 17:37:11,877 - INFO - Total calls to destro : 380
2025-07-13 17:37:12,556 - INFO - Total calls to destro : 381
2025-07-13 17:37:13,968 - INFO - Total calls to destro : 382
2025-07-13 17:37:14,040 - INFO - Received Command for : robot_0 Location : RIU08b
2025-07-13 17:37:15,709 - INFO - Robot robot_0 has reached RIU08b
2025-07-13 17:37:18,945 - INFO - Total calls to destro : 383
2025-07-13 17:37:19,020 - INFO - Received Command for : robot_1 Location : RIU08a
2025-07-13 17:37:24,787 - INFO - Total calls to destro : 384
2025-07-13 17:37:24,864 - INFO - Received Command for : robot_0 Location : ROUL08a
2025-07-13 17:37:26,125 - INFO - CODE F01 at 3.0 number of cases finished is 1944
2025-07-13 17:37:26,125 - INFO - CODE F02 at 3.0 UPH is 460

