2025-07-13 14:33:44,369 - INFO - Total calls to destro : 1
2025-07-13 14:33:44,376 - INFO - Total calls to destro : 2
2025-07-13 14:33:44,381 - INFO - Total calls to destro : 3
2025-07-13 14:33:44,383 - INFO - Total calls to destro : 4
2025-07-13 14:33:44,386 - INFO - Total calls to destro : 5
2025-07-13 14:33:44,393 - INFO - CODE 000  ------------- Starting FMS -----------------
2025-07-13 14:33:44,394 - INFO - Total calls to destro : 6
2025-07-13 14:33:44,442 - INFO - Total calls to destro : 7
2025-07-13 14:33:44,511 - INFO - Total calls to destro : 8
2025-07-13 14:33:44,580 - INFO - Total calls to destro : 9
2025-07-13 14:33:44,648 - INFO - Total calls to destro : 10
2025-07-13 14:33:44,705 - INFO - Total calls to destro : 11
2025-07-13 14:33:44,708 - INFO - Total calls to destro : 12
2025-07-13 14:35:01,242 - INFO - Total calls to destro : 13
2025-07-13 14:35:01,403 - INFO - Total calls to destro : 14
2025-07-13 14:35:01,405 - INFO - Received Command for : robot_1 Location : RIU08a
2025-07-13 14:35:04,811 - INFO - Total calls to destro : 15
2025-07-13 14:35:05,013 - INFO - Total calls to destro : 16
2025-07-13 14:35:05,027 - INFO - Received Command for : robot_0 Location : RIU07a
2025-07-13 14:35:29,596 - INFO - Robot robot_1 has reached RIU08a
2025-07-13 14:35:31,145 - INFO - Robot robot_0 has reached RIU07a
2025-07-13 14:35:38,695 - INFO - Total calls to destro : 17
2025-07-13 14:35:38,757 - INFO - Received Command for : robot_1 Location : RODR05a
2025-07-13 14:35:40,826 - INFO - Total calls to destro : 18
2025-07-13 14:35:40,833 - INFO - Total calls to destro : 19
2025-07-13 14:35:40,835 - INFO - Received Command for : robot_0 Location : RODR06a
2025-07-13 14:35:42,939 - INFO - Total calls to destro : 20
2025-07-13 14:35:44,575 - INFO - Robot robot_0 has travelled 132.5311 m
2025-07-13 14:35:44,575 - INFO - Robot robot_1 has travelled 135.3688 m
2025-07-13 14:35:44,575 - INFO - Robot robot_0 has dwelled for 9.68880558013916 sec
2025-07-13 14:35:44,575 - INFO - Robot robot_1 has dwelled for 9.151100158691406 sec
2025-07-13 14:35:44,576 - INFO - Robot robot_2 has dwelled for 0 sec
2025-07-13 14:35:44,576 - INFO - Robot robot_3 has dwelled for 0 sec
2025-07-13 14:35:44,576 - INFO - Robot robot_4 has dwelled for 0 sec
2025-07-13 14:35:44,576 - INFO - Robot robot_5 has dwelled for 0 sec
2025-07-13 14:35:44,577 - INFO - Robot robot_6 has dwelled for 0 sec
2025-07-13 14:35:44,577 - INFO - Robot robot_7 has dwelled for 0 sec
2025-07-13 14:35:44,578 - INFO - Robot robot_8 has dwelled for 0 sec
2025-07-13 14:35:44,578 - INFO - Robot robot_9 has dwelled for 0 sec
2025-07-13 14:35:44,578 - INFO - Robot robot_10 has dwelled for 0 sec
2025-07-13 14:35:44,579 - INFO - Robot robot_11 has dwelled for 0 sec
2025-07-13 14:35:44,579 - INFO - Robot robot_12 has dwelled for 0 sec
2025-07-13 14:35:44,579 - INFO - Robot robot_13 has dwelled for 0 sec
2025-07-13 14:35:44,580 - INFO - Robot robot_14 has dwelled for 0 sec
2025-07-13 14:36:06,188 - INFO - Robot robot_1 has reached RODR05a
2025-07-13 14:36:08,377 - INFO - Robot robot_0 has reached RODR06a
2025-07-13 14:36:11,326 - INFO - Total calls to destro : 21
2025-07-13 14:36:13,502 - INFO - Total calls to destro : 22
2025-07-13 14:36:17,078 - INFO - Total calls to destro : 23
2025-07-13 14:36:19,329 - INFO - Total calls to destro : 24
2025-07-13 14:36:19,445 - INFO - Received Command for : robot_1 Location : RODL05a
2025-07-13 14:36:19,941 - INFO - Total calls to destro : 25
2025-07-13 14:36:20,007 - INFO - Total calls to destro : 26
2025-07-13 14:36:20,013 - INFO - Received Command for : robot_0 Location : RIU06c
2025-07-13 14:36:24,081 - INFO - Total calls to destro : 27
2025-07-13 14:36:45,691 - INFO - Robot robot_1 has reached RODL05a
2025-07-13 14:36:46,260 - INFO - Robot robot_0 has reached RIU06c
2025-07-13 14:36:50,749 - INFO - Total calls to destro : 28
2025-07-13 14:36:55,385 - INFO - Total calls to destro : 29
2025-07-13 14:36:55,388 - INFO - Received Command for : robot_0 Location : RIU08a
2025-07-13 14:36:55,873 - INFO - Total calls to destro : 30
2025-07-13 14:36:58,739 - INFO - Total calls to destro : 31
2025-07-13 14:36:58,791 - INFO - Total calls to destro : 32
2025-07-13 14:36:58,884 - INFO - Received Command for : robot_1 Location : RODR06b
2025-07-13 14:37:00,540 - INFO - Robot robot_0 has reached RIU08a
2025-07-13 14:37:09,665 - INFO - Total calls to destro : 33
2025-07-13 14:37:09,874 - INFO - Total calls to destro : 34
2025-07-13 14:37:10,025 - INFO - Received Command for : robot_0 Location : RIU05a
2025-07-13 14:37:19,542 - INFO - Robot robot_0 has reached RIU05a
2025-07-13 14:37:26,717 - INFO - Robot robot_1 has reached RODR06b
2025-07-13 14:37:28,716 - INFO - Total calls to destro : 35
2025-07-13 14:37:28,744 - INFO - Total calls to destro : 36
2025-07-13 14:37:28,748 - INFO - Received Command for : robot_0 Location : RIU07a
2025-07-13 14:37:31,820 - INFO - Total calls to destro : 37
2025-07-13 14:37:34,951 - INFO - Robot robot_0 has reached RIU07a
2025-07-13 14:37:39,849 - INFO - Total calls to destro : 38
2025-07-13 14:37:39,935 - INFO - Received Command for : robot_1 Location : RODR08a
2025-07-13 14:37:40,464 - INFO - Total calls to destro : 39
2025-07-13 14:37:40,574 - INFO - Total calls to destro : 40
2025-07-13 14:37:42,164 - INFO - Total calls to destro : 41
2025-07-13 14:37:44,066 - INFO - Total calls to destro : 42
2025-07-13 14:37:44,375 - INFO - Robot robot_0 has travelled 414.4093 m
2025-07-13 14:37:44,376 - INFO - Robot robot_1 has travelled 487.664 m
2025-07-13 14:37:44,376 - INFO - Robot robot_0 has dwelled for 49.06232309341431 sec
2025-07-13 14:37:44,377 - INFO - Robot robot_1 has dwelled for 48.65559101104736 sec
2025-07-13 14:37:44,377 - INFO - Robot robot_2 has dwelled for 0 sec
2025-07-13 14:37:44,377 - INFO - Robot robot_3 has dwelled for 0 sec
2025-07-13 14:37:44,377 - INFO - Robot robot_4 has dwelled for 0 sec
2025-07-13 14:37:44,377 - INFO - Robot robot_5 has dwelled for 0 sec
2025-07-13 14:37:44,377 - INFO - Robot robot_6 has dwelled for 0 sec
2025-07-13 14:37:44,377 - INFO - Robot robot_7 has dwelled for 0 sec
2025-07-13 14:37:44,377 - INFO - Robot robot_8 has dwelled for 0 sec
2025-07-13 14:37:44,377 - INFO - Robot robot_9 has dwelled for 0 sec
2025-07-13 14:37:44,377 - INFO - Robot robot_10 has dwelled for 0 sec
2025-07-13 14:37:44,377 - INFO - Robot robot_11 has dwelled for 0 sec
2025-07-13 14:37:44,377 - INFO - Robot robot_12 has dwelled for 0 sec
2025-07-13 14:37:44,377 - INFO - Robot robot_13 has dwelled for 0 sec
2025-07-13 14:37:44,377 - INFO - Robot robot_14 has dwelled for 0 sec
2025-07-13 14:37:45,068 - INFO - Total calls to destro : 43
2025-07-13 14:37:45,140 - INFO - Received Command for : robot_0 Location : RIU08b
2025-07-13 14:37:46,666 - INFO - Robot robot_1 has reached RODR08a
2025-07-13 14:37:50,860 - INFO - Robot robot_0 has reached RIU08b
2025-07-13 14:37:51,799 - INFO - Total calls to destro : 44
2025-07-13 14:37:59,807 - INFO - Total calls to destro : 45
2025-07-13 14:37:59,868 - INFO - Received Command for : robot_1 Location : ROUL08a
2025-07-13 14:38:00,399 - INFO - Total calls to destro : 46
2025-07-13 14:38:00,491 - INFO - Total calls to destro : 47
2025-07-13 14:38:00,529 - INFO - Received Command for : robot_0 Location : RODL03a
2025-07-13 14:38:00,973 - INFO - Total calls to destro : 48
2025-07-13 14:38:11,215 - INFO - Robot robot_0 has reached RODL03a
2025-07-13 14:38:16,294 - INFO - Total calls to destro : 49
2025-07-13 14:38:24,039 - INFO - Total calls to destro : 50
2025-07-13 14:38:24,320 - INFO - Total calls to destro : 51
2025-07-13 14:38:24,364 - INFO - Total calls to destro : 52
2025-07-13 14:38:24,371 - INFO - Received Command for : robot_0 Location : RODR04a
2025-07-13 14:38:32,157 - INFO - Robot robot_1 has reached ROUL08a
2025-07-13 14:38:37,275 - INFO - Total calls to destro : 53
2025-07-13 14:38:45,027 - INFO - Total calls to destro : 54
2025-07-13 14:38:45,065 - INFO - Received Command for : robot_1 Location : RIU07b
2025-07-13 14:38:47,293 - INFO - Robot robot_0 has reached RODR04a
2025-07-13 14:38:52,385 - INFO - Total calls to destro : 55
2025-07-13 14:38:55,813 - INFO - Robot robot_1 has reached RIU07b
2025-07-13 14:38:57,145 - INFO - Total calls to destro : 56
2025-07-13 14:38:59,058 - INFO - Total calls to destro : 57
2025-07-13 14:38:59,319 - INFO - Total calls to destro : 58
2025-07-13 14:39:00,412 - INFO - Total calls to destro : 59
2025-07-13 14:39:00,462 - INFO - Total calls to destro : 60
2025-07-13 14:39:00,488 - INFO - Received Command for : robot_0 Location : RODR01a
2025-07-13 14:39:04,936 - INFO - Total calls to destro : 61
2025-07-13 14:39:04,942 - INFO - Received Command for : robot_1 Location : RODR06b
2025-07-13 14:39:06,295 - INFO - Robot robot_0 has reached RODR01a
2025-07-13 14:39:06,760 - INFO - Total calls to destro : 62
2025-07-13 14:39:11,818 - INFO - Total calls to destro : 63
2025-07-13 14:39:19,804 - INFO - Total calls to destro : 64
2025-07-13 14:39:19,898 - INFO - Received Command for : robot_0 Location : ROUL08b
2025-07-13 14:39:20,418 - INFO - Total calls to destro : 65
2025-07-13 14:39:28,872 - INFO - Robot robot_1 has reached RODR06b
2025-07-13 14:39:33,986 - INFO - Total calls to destro : 66
2025-07-13 14:39:40,091 - INFO - Total calls to destro : 67
2025-07-13 14:39:40,104 - INFO - Received Command for : robot_1 Location : RIU08c
2025-07-13 14:39:44,387 - INFO - Robot robot_0 has travelled 733.2827 m
2025-07-13 14:39:44,388 - INFO - Robot robot_1 has travelled 825.035 m
2025-07-13 14:39:44,389 - INFO - Robot robot_0 has dwelled for 108.74830794334412 sec
2025-07-13 14:39:44,390 - INFO - Robot robot_1 has dwelled for 95.08757781982422 sec
2025-07-13 14:39:44,390 - INFO - Robot robot_2 has dwelled for 0 sec
2025-07-13 14:39:44,390 - INFO - Robot robot_3 has dwelled for 0 sec
2025-07-13 14:39:44,391 - INFO - Robot robot_4 has dwelled for 0 sec
2025-07-13 14:39:44,393 - INFO - Robot robot_5 has dwelled for 0 sec
2025-07-13 14:39:44,394 - INFO - Robot robot_6 has dwelled for 0 sec
2025-07-13 14:39:44,395 - INFO - Robot robot_7 has dwelled for 0 sec
2025-07-13 14:39:44,395 - INFO - Robot robot_8 has dwelled for 0 sec
2025-07-13 14:39:44,396 - INFO - Robot robot_9 has dwelled for 0 sec
2025-07-13 14:39:44,397 - INFO - Robot robot_10 has dwelled for 0 sec
2025-07-13 14:39:44,397 - INFO - Robot robot_11 has dwelled for 0 sec
2025-07-13 14:39:44,398 - INFO - Robot robot_12 has dwelled for 0 sec
2025-07-13 14:39:44,398 - INFO - Robot robot_13 has dwelled for 0 sec
2025-07-13 14:39:44,398 - INFO - Robot robot_14 has dwelled for 0 sec
2025-07-13 14:39:47,275 - INFO - Robot robot_0 has reached ROUL08b
2025-07-13 14:39:52,422 - INFO - Total calls to destro : 68
2025-07-13 14:40:00,444 - INFO - Total calls to destro : 69
2025-07-13 14:40:00,495 - INFO - Total calls to destro : 70
2025-07-13 14:40:00,582 - INFO - Received Command for : robot_0 Location : RODR06c
2025-07-13 14:40:04,753 - INFO - Robot robot_1 has reached RIU08c
2025-07-13 14:40:13,801 - INFO - Total calls to destro : 71
2025-07-13 14:40:13,805 - INFO - Received Command for : robot_1 Location : RODL01a
2025-07-13 14:40:14,185 - INFO - Total calls to destro : 72
2025-07-13 14:40:20,195 - INFO - Robot robot_1 has reached RODL01a
2025-07-13 14:40:25,287 - INFO - Total calls to destro : 73
2025-07-13 14:40:30,475 - INFO - Robot robot_0 has reached RODR06c
2025-07-13 14:40:33,318 - INFO - Total calls to destro : 74
2025-07-13 14:40:33,432 - INFO - Total calls to destro : 75
2025-07-13 14:40:33,468 - INFO - Received Command for : robot_1 Location : ROUL08b
2025-07-13 14:40:35,570 - INFO - Total calls to destro : 76
2025-07-13 14:40:40,135 - INFO - Total calls to destro : 77
2025-07-13 14:40:40,190 - INFO - Received Command for : robot_0 Location : RIU07c
2025-07-13 14:40:46,973 - INFO - Robot robot_1 has reached ROUL08b
2025-07-13 14:40:52,071 - INFO - Total calls to destro : 78
2025-07-13 14:41:00,092 - INFO - Total calls to destro : 79
2025-07-13 14:41:00,155 - INFO - Received Command for : robot_1 Location : RODR01a
2025-07-13 14:41:01,318 - INFO - Robot robot_0 has reached RIU07c
2025-07-13 14:41:02,440 - INFO - Total calls to destro : 80
2025-07-13 14:41:11,488 - INFO - Total calls to destro : 81
2025-07-13 14:41:11,587 - INFO - Received Command for : robot_0 Location : RODR06a
2025-07-13 14:41:29,750 - INFO - Robot robot_1 has reached RODR01a
2025-07-13 14:41:34,858 - INFO - Total calls to destro : 82
2025-07-13 14:41:36,465 - INFO - Robot robot_0 has reached RODR06a
2025-07-13 14:41:41,583 - INFO - Total calls to destro : 83
2025-07-13 14:41:41,649 - INFO - Received Command for : robot_0 Location : CD4
2025-07-13 14:41:42,122 - INFO - Total calls to destro : 84
2025-07-13 14:41:42,895 - INFO - Total calls to destro : 85
2025-07-13 14:41:42,903 - INFO - Total calls to destro : 86
2025-07-13 14:41:42,904 - INFO - Received Command for : robot_1 Location : RODR03a
2025-07-13 14:41:44,503 - INFO - Robot robot_0 has travelled 1105.8622 m
2025-07-13 14:41:44,503 - INFO - Robot robot_1 has travelled 1135.2902 m
2025-07-13 14:41:44,504 - INFO - Robot robot_0 has dwelled for 147.03437399864197 sec
2025-07-13 14:41:44,505 - INFO - Robot robot_1 has dwelled for 143.70095443725586 sec
2025-07-13 14:41:44,505 - INFO - Robot robot_2 has dwelled for 0 sec
2025-07-13 14:41:44,506 - INFO - Robot robot_3 has dwelled for 0 sec
2025-07-13 14:41:44,507 - INFO - Robot robot_4 has dwelled for 0 sec
2025-07-13 14:41:44,507 - INFO - Robot robot_5 has dwelled for 0 sec
2025-07-13 14:41:44,508 - INFO - Robot robot_6 has dwelled for 0 sec
2025-07-13 14:41:44,509 - INFO - Robot robot_7 has dwelled for 0 sec
2025-07-13 14:41:44,509 - INFO - Robot robot_8 has dwelled for 0 sec
2025-07-13 14:41:44,510 - INFO - Robot robot_9 has dwelled for 0 sec
2025-07-13 14:41:44,511 - INFO - Robot robot_10 has dwelled for 0 sec
2025-07-13 14:41:44,511 - INFO - Robot robot_11 has dwelled for 0 sec
2025-07-13 14:41:44,512 - INFO - Robot robot_12 has dwelled for 0 sec
2025-07-13 14:41:44,512 - INFO - Robot robot_13 has dwelled for 0 sec
2025-07-13 14:41:44,512 - INFO - Robot robot_14 has dwelled for 0 sec
2025-07-13 14:41:46,098 - INFO - Total calls to destro : 87
2025-07-13 14:41:49,342 - INFO - Robot robot_1 has reached RODR03a
2025-07-13 14:41:54,473 - INFO - Total calls to destro : 88
2025-07-13 14:42:02,486 - INFO - Total calls to destro : 89
2025-07-13 14:42:02,590 - INFO - Received Command for : robot_1 Location : RODR05a
2025-07-13 14:42:03,230 - INFO - Total calls to destro : 90
2025-07-13 14:42:06,928 - INFO - Total calls to destro : 91
2025-07-13 14:42:09,548 - INFO - Robot robot_1 has reached RODR05a
2025-07-13 14:42:14,734 - INFO - Total calls to destro : 92
2025-07-13 14:42:16,236 - INFO - Robot robot_0 has reached CD4
2025-07-13 14:42:20,270 - INFO - Total calls to destro : 93
2025-07-13 14:42:20,358 - INFO - Received Command for : robot_1 Location : RODR06b
2025-07-13 14:42:21,266 - INFO - Total calls to destro : 94
2025-07-13 14:42:21,281 - INFO - Received Command for : robot_0 Location : RIU07c
2025-07-13 14:42:22,005 - INFO - Total calls to destro : 95
2025-07-13 14:42:27,498 - INFO - Robot robot_1 has reached RODR06b
2025-07-13 14:42:36,639 - INFO - Total calls to destro : 96
2025-07-13 14:42:36,685 - INFO - Total calls to destro : 97
2025-07-13 14:42:36,761 - INFO - Received Command for : robot_1 Location : RIU08b
2025-07-13 14:42:38,709 - INFO - Robot robot_0 has reached RIU07c
2025-07-13 14:42:48,805 - INFO - Total calls to destro : 98
2025-07-13 14:42:48,918 - INFO - Received Command for : robot_0 Location : RODR06a
2025-07-13 14:42:51,067 - INFO - Total calls to destro : 99
2025-07-13 14:42:59,519 - INFO - Robot robot_1 has reached RIU08b
2025-07-13 14:43:08,654 - INFO - Total calls to destro : 100
2025-07-13 14:43:10,277 - INFO - Total calls to destro : 101
2025-07-13 14:43:10,283 - INFO - Received Command for : robot_1 Location : CD4
2025-07-13 14:43:12,709 - INFO - Robot robot_0 has reached RODR06a
2025-07-13 14:43:17,848 - INFO - Total calls to destro : 102
2025-07-13 14:43:25,299 - INFO - Total calls to destro : 103
2025-07-13 14:43:25,352 - INFO - Received Command for : robot_0 Location : RIU07a
2025-07-13 14:43:28,206 - INFO - Robot robot_1 has reached CD4
2025-07-13 14:43:37,272 - INFO - Total calls to destro : 104
2025-07-13 14:43:37,277 - INFO - Total calls to destro : 105
2025-07-13 14:43:37,281 - INFO - Received Command for : robot_1 Location : RIU07b
2025-07-13 14:43:44,498 - INFO - Robot robot_0 has travelled 1566.6206 m
2025-07-13 14:43:44,498 - INFO - Robot robot_1 has travelled 1423.2642 m
2025-07-13 14:43:44,498 - INFO - Robot robot_0 has dwelled for 174.84207248687744 sec
2025-07-13 14:43:44,499 - INFO - Robot robot_1 has dwelled for 196.72412204742432 sec
2025-07-13 14:43:44,499 - INFO - Robot robot_2 has dwelled for 0 sec
2025-07-13 14:43:44,499 - INFO - Robot robot_3 has dwelled for 0 sec
2025-07-13 14:43:44,499 - INFO - Robot robot_4 has dwelled for 0 sec
2025-07-13 14:43:44,499 - INFO - Robot robot_5 has dwelled for 0 sec
2025-07-13 14:43:44,499 - INFO - Robot robot_6 has dwelled for 0 sec
2025-07-13 14:43:44,499 - INFO - Robot robot_7 has dwelled for 0 sec
2025-07-13 14:43:44,499 - INFO - Robot robot_8 has dwelled for 0 sec
2025-07-13 14:43:44,499 - INFO - Robot robot_9 has dwelled for 0 sec
2025-07-13 14:43:44,500 - INFO - Robot robot_10 has dwelled for 0 sec
2025-07-13 14:43:44,500 - INFO - Robot robot_11 has dwelled for 0 sec
2025-07-13 14:43:44,500 - INFO - Robot robot_12 has dwelled for 0 sec
2025-07-13 14:43:44,500 - INFO - Robot robot_13 has dwelled for 0 sec
2025-07-13 14:43:44,500 - INFO - Robot robot_14 has dwelled for 0 sec
2025-07-13 14:43:47,844 - INFO - Total calls to destro : 106
2025-07-13 14:43:49,959 - INFO - Robot robot_0 has reached RIU07a
2025-07-13 14:43:55,959 - INFO - Robot robot_1 has reached RIU07b
2025-07-13 14:43:59,075 - INFO - Total calls to destro : 107
2025-07-13 14:43:59,101 - INFO - Received Command for : robot_0 Location : RODR06b
2025-07-13 14:44:01,211 - INFO - Total calls to destro : 108
2025-07-13 14:44:05,111 - INFO - Total calls to destro : 109
2025-07-13 14:44:05,363 - INFO - Total calls to destro : 110
2025-07-13 14:44:05,443 - INFO - Received Command for : robot_1 Location : RIU08a
2025-07-13 14:44:11,749 - INFO - Robot robot_1 has reached RIU08a
2025-07-13 14:44:20,865 - INFO - Total calls to destro : 111
2025-07-13 14:44:20,890 - INFO - Received Command for : robot_1 Location : RODL06a
2025-07-13 14:44:21,337 - INFO - Total calls to destro : 112
2025-07-13 14:44:24,313 - INFO - Robot robot_0 has reached RODR06b
2025-07-13 14:44:28,738 - INFO - Total calls to destro : 113
2025-07-13 14:44:29,433 - INFO - Total calls to destro : 114
2025-07-13 14:44:32,311 - INFO - Robot robot_1 has reached RODL06a
2025-07-13 14:44:35,374 - INFO - Total calls to destro : 115
2025-07-13 14:44:35,464 - INFO - Received Command for : robot_0 Location : RODR05a
2025-07-13 14:44:37,412 - INFO - Total calls to destro : 116
2025-07-13 14:44:42,516 - INFO - Robot robot_0 has reached RODR05a
2025-07-13 14:44:45,408 - INFO - Total calls to destro : 117
2025-07-13 14:44:45,417 - INFO - Received Command for : robot_1 Location : ROUL08a
2025-07-13 14:44:51,584 - INFO - Total calls to destro : 118
2025-07-13 14:44:51,682 - INFO - Total calls to destro : 119
2025-07-13 14:44:51,755 - INFO - Received Command for : robot_0 Location : RIU08a
2025-07-13 14:44:56,320 - INFO - Robot robot_1 has reached ROUL08a
2025-07-13 14:45:05,445 - INFO - Total calls to destro : 120
2025-07-13 14:45:05,506 - INFO - Total calls to destro : 121
2025-07-13 14:45:05,514 - INFO - Received Command for : robot_1 Location : RIU07a
2025-07-13 14:45:15,769 - INFO - Robot robot_0 has reached RIU08a
2025-07-13 14:45:17,069 - INFO - Robot robot_1 has reached RIU07a
2025-07-13 14:45:24,839 - INFO - Total calls to destro : 122
2025-07-13 14:45:25,461 - INFO - Total calls to destro : 123
2025-07-13 14:45:25,580 - INFO - Received Command for : robot_0 Location : RIU08b
2025-07-13 14:45:25,961 - INFO - Total calls to destro : 124
2025-07-13 14:45:26,159 - INFO - Total calls to destro : 125
2025-07-13 14:45:26,714 - INFO - Robot robot_0 has reached RIU08b
2025-07-13 14:45:30,425 - INFO - Total calls to destro : 126
2025-07-13 14:45:30,430 - INFO - Received Command for : robot_1 Location : RIU06a
2025-07-13 14:45:30,833 - INFO - Total calls to destro : 127
2025-07-13 14:45:35,874 - INFO - Total calls to destro : 128
2025-07-13 14:45:35,982 - INFO - Received Command for : robot_0 Location : RODL06b
2025-07-13 14:45:36,325 - INFO - Robot robot_1 has reached RIU06a
2025-07-13 14:45:36,746 - INFO - Total calls to destro : 129
2025-07-13 14:45:44,486 - INFO - CODE F01 at 1.0 number of cases finished is 800
2025-07-13 14:45:44,486 - INFO - CODE F02 at 1.0 UPH is 519
2025-07-13 14:45:45,852 - INFO - Total calls to destro : 130
2025-07-13 14:45:45,892 - INFO - Total calls to destro : 131
2025-07-13 14:45:46,013 - INFO - Received Command for : robot_1 Location : RIU08b
2025-07-13 14:45:46,657 - INFO - Robot robot_0 has reached RODL06b
2025-07-13 14:45:51,391 - INFO - Robot robot_1 has reached RIU08b
2025-07-13 14:45:51,771 - INFO - Total calls to destro : 132
2025-07-13 14:46:00,469 - INFO - Total calls to destro : 133
2025-07-13 14:46:00,586 - INFO - Received Command for : robot_0 Location : RIU07b
2025-07-13 14:46:01,512 - INFO - Total calls to destro : 134
2025-07-13 14:46:05,478 - INFO - Total calls to destro : 135
2025-07-13 14:46:05,482 - INFO - Received Command for : robot_1 Location : RIU06b
2025-07-13 14:46:09,977 - INFO - Robot robot_1 has reached RIU06b
2025-07-13 14:46:14,426 - INFO - Robot robot_0 has reached RIU07b
2025-07-13 14:46:19,072 - INFO - Total calls to destro : 136
2025-07-13 14:46:19,111 - INFO - Total calls to destro : 137
2025-07-13 14:46:19,218 - INFO - Received Command for : robot_1 Location : RIU07c
2025-07-13 14:46:23,753 - INFO - Robot robot_1 has reached RIU07c
2025-07-13 14:46:32,864 - INFO - Total calls to destro : 138
2025-07-13 14:46:40,463 - INFO - Total calls to destro : 139
2025-07-13 14:46:40,514 - INFO - Received Command for : robot_0 Location : RODR06c
2025-07-13 14:46:42,338 - INFO - Total calls to destro : 140
2025-07-13 14:46:42,340 - INFO - Received Command for : robot_1 Location : RODR06a
2025-07-13 14:46:44,369 - INFO - Total calls to destro : 141
2025-07-13 14:46:47,144 - INFO - Total calls to destro : 142
2025-07-13 14:46:48,157 - INFO - Total calls to destro : 143
2025-07-13 14:47:03,433 - INFO - Robot robot_0 has reached RODR06c
2025-07-13 14:47:05,978 - INFO - Robot robot_1 has reached RODR06a
2025-07-13 14:47:08,576 - INFO - Total calls to destro : 144
2025-07-13 14:47:08,734 - INFO - Received Command for : robot_0 Location : CD2
2025-07-13 14:47:09,145 - INFO - Total calls to destro : 145
2025-07-13 14:47:15,108 - INFO - Total calls to destro : 146
2025-07-13 14:47:15,195 - INFO - Received Command for : robot_1 Location : RIU08c
2025-07-13 14:47:15,760 - INFO - Total calls to destro : 147
2025-07-13 14:47:36,834 - INFO - Robot robot_1 has reached RIU08c
2025-07-13 14:47:42,469 - INFO - Robot robot_0 has reached CD2
2025-07-13 14:47:43,805 - INFO - Total calls to destro : 148
2025-07-13 14:47:44,547 - INFO - Robot robot_0 has travelled 2207.1 m
2025-07-13 14:47:44,548 - INFO - Robot robot_1 has travelled 1932.789 m
2025-07-13 14:47:44,548 - INFO - Robot robot_0 has dwelled for 268.38493037223816 sec
2025-07-13 14:47:44,548 - INFO - Robot robot_1 has dwelled for 311.5787556171417 sec
2025-07-13 14:47:44,548 - INFO - Robot robot_2 has dwelled for 0 sec
2025-07-13 14:47:44,548 - INFO - Robot robot_3 has dwelled for 0 sec
2025-07-13 14:47:44,548 - INFO - Robot robot_4 has dwelled for 0 sec
2025-07-13 14:47:44,549 - INFO - Robot robot_5 has dwelled for 0 sec
2025-07-13 14:47:44,549 - INFO - Robot robot_6 has dwelled for 0 sec
2025-07-13 14:47:44,549 - INFO - Robot robot_7 has dwelled for 0 sec
2025-07-13 14:47:44,549 - INFO - Robot robot_8 has dwelled for 0 sec
2025-07-13 14:47:44,549 - INFO - Robot robot_9 has dwelled for 0 sec
2025-07-13 14:47:44,549 - INFO - Robot robot_10 has dwelled for 0 sec
2025-07-13 14:47:44,549 - INFO - Robot robot_11 has dwelled for 0 sec
2025-07-13 14:47:44,549 - INFO - Robot robot_12 has dwelled for 0 sec
2025-07-13 14:47:44,549 - INFO - Robot robot_13 has dwelled for 0 sec
2025-07-13 14:47:44,549 - INFO - Robot robot_14 has dwelled for 0 sec
2025-07-13 14:47:45,911 - INFO - Total calls to destro : 149
2025-07-13 14:47:47,650 - INFO - Total calls to destro : 150
2025-07-13 14:47:47,701 - INFO - Total calls to destro : 151
2025-07-13 14:47:47,705 - INFO - Received Command for : robot_0 Location : RIU07b
2025-07-13 14:47:50,650 - INFO - Total calls to destro : 152
2025-07-13 14:47:50,711 - INFO - Received Command for : robot_1 Location : RODR06b
2025-07-13 14:48:06,160 - INFO - Total calls to destro : 153
2025-07-13 14:48:06,823 - INFO - Robot robot_0 has reached RIU07b
2025-07-13 14:48:08,362 - INFO - Total calls to destro : 154
2025-07-13 14:48:16,876 - INFO - Total calls to destro : 155
2025-07-13 14:48:16,981 - INFO - Received Command for : robot_0 Location : RODR06a
2025-07-13 14:48:18,483 - INFO - Robot robot_1 has reached RODR06b
2025-07-13 14:48:19,213 - INFO - Total calls to destro : 156
2025-07-13 14:48:28,246 - INFO - Total calls to destro : 157
2025-07-13 14:48:28,284 - INFO - Total calls to destro : 158
2025-07-13 14:48:28,290 - INFO - Received Command for : robot_1 Location : RIU07b
2025-07-13 14:48:42,756 - INFO - Robot robot_0 has reached RODR06a
2025-07-13 14:48:47,875 - INFO - Total calls to destro : 159
2025-07-13 14:48:51,230 - INFO - Robot robot_1 has reached RIU07b
2025-07-13 14:48:55,689 - INFO - Total calls to destro : 160
2025-07-13 14:48:55,694 - INFO - Received Command for : robot_0 Location : RIU07a
2025-07-13 14:48:57,351 - INFO - Total calls to destro : 161
2025-07-13 14:49:00,350 - INFO - Total calls to destro : 162
2025-07-13 14:49:00,715 - INFO - Total calls to destro : 163
2025-07-13 14:49:00,864 - INFO - Received Command for : robot_1 Location : RIU08a
2025-07-13 14:49:06,633 - INFO - Robot robot_1 has reached RIU08a
2025-07-13 14:49:15,682 - INFO - Total calls to destro : 164
2025-07-13 14:49:15,712 - INFO - Total calls to destro : 165
2025-07-13 14:49:15,761 - INFO - Received Command for : robot_1 Location : RODL06c
2025-07-13 14:49:18,762 - INFO - Robot robot_0 has reached RIU07a
2025-07-13 14:49:25,375 - INFO - Robot robot_1 has reached RODL06c
2025-07-13 14:49:27,863 - INFO - Total calls to destro : 166
2025-07-13 14:49:27,867 - INFO - Received Command for : robot_0 Location : RODR06b
2025-07-13 14:49:29,846 - INFO - Total calls to destro : 167
2025-07-13 14:49:29,908 - INFO - Total calls to destro : 168
2025-07-13 14:49:30,521 - INFO - Total calls to destro : 169
2025-07-13 14:49:35,739 - INFO - Total calls to destro : 170
2025-07-13 14:49:35,744 - INFO - Received Command for : robot_1 Location : RODL06a
2025-07-13 14:49:37,658 - INFO - Robot robot_1 has reached RODL06a
2025-07-13 14:49:44,566 - INFO - Robot robot_0 has travelled 2591.4507 m
2025-07-13 14:49:44,567 - INFO - Robot robot_1 has travelled 2225.9129 m
2025-07-13 14:49:44,568 - INFO - Robot robot_0 has dwelled for 305.7387490272522 sec
2025-07-13 14:49:44,569 - INFO - Robot robot_1 has dwelled for 364.26629161834717 sec
2025-07-13 14:49:44,569 - INFO - Robot robot_2 has dwelled for 0 sec
2025-07-13 14:49:44,570 - INFO - Robot robot_3 has dwelled for 0 sec
2025-07-13 14:49:44,571 - INFO - Robot robot_4 has dwelled for 0 sec
2025-07-13 14:49:44,571 - INFO - Robot robot_5 has dwelled for 0 sec
2025-07-13 14:49:44,572 - INFO - Robot robot_6 has dwelled for 0 sec
2025-07-13 14:49:44,573 - INFO - Robot robot_7 has dwelled for 0 sec
2025-07-13 14:49:44,573 - INFO - Robot robot_8 has dwelled for 0 sec
2025-07-13 14:49:44,573 - INFO - Robot robot_9 has dwelled for 0 sec
2025-07-13 14:49:44,573 - INFO - Robot robot_10 has dwelled for 0 sec
2025-07-13 14:49:44,574 - INFO - Robot robot_11 has dwelled for 0 sec
2025-07-13 14:49:44,575 - INFO - Robot robot_12 has dwelled for 0 sec
2025-07-13 14:49:44,575 - INFO - Robot robot_13 has dwelled for 0 sec
2025-07-13 14:49:44,576 - INFO - Robot robot_14 has dwelled for 0 sec
2025-07-13 14:49:46,802 - INFO - Total calls to destro : 171
2025-07-13 14:49:46,919 - INFO - Total calls to destro : 172
2025-07-13 14:49:46,922 - INFO - Received Command for : robot_1 Location : RIU08a
2025-07-13 14:49:52,073 - INFO - Robot robot_0 has reached RODR06b
2025-07-13 14:49:57,169 - INFO - Total calls to destro : 173
2025-07-13 14:49:58,240 - INFO - Robot robot_1 has reached RIU08a
2025-07-13 14:50:05,763 - INFO - Total calls to destro : 174
2025-07-13 14:50:05,768 - INFO - Received Command for : robot_0 Location : RIU07c
2025-07-13 14:50:07,332 - INFO - Total calls to destro : 175
2025-07-13 14:50:10,787 - INFO - Total calls to destro : 176
2025-07-13 14:50:10,874 - INFO - Received Command for : robot_1 Location : RIU08b
2025-07-13 14:50:11,749 - INFO - Robot robot_1 has reached RIU08b
2025-07-13 14:50:17,033 - INFO - Total calls to destro : 177
2025-07-13 14:50:20,803 - INFO - Total calls to destro : 178
2025-07-13 14:50:20,810 - INFO - Received Command for : robot_1 Location : RODL06a
2025-07-13 14:50:21,245 - INFO - Total calls to destro : 179
2025-07-13 14:50:27,593 - INFO - Robot robot_0 has reached RIU07c
2025-07-13 14:50:31,901 - INFO - Robot robot_1 has reached RODL06a
2025-07-13 14:50:36,697 - INFO - Total calls to destro : 180
2025-07-13 14:50:36,810 - INFO - Received Command for : robot_0 Location : RODR06c
2025-07-13 14:50:38,734 - INFO - Total calls to destro : 181
2025-07-13 14:50:38,793 - INFO - Total calls to destro : 182
2025-07-13 14:50:59,420 - INFO - Robot robot_0 has reached RODR06c
2025-07-13 14:50:59,984 - INFO - Total calls to destro : 183
2025-07-13 14:51:00,036 - INFO - Total calls to destro : 184
2025-07-13 14:51:00,086 - INFO - Received Command for : robot_1 Location : RODR06a
2025-07-13 14:51:04,546 - INFO - Total calls to destro : 185
2025-07-13 14:51:10,881 - INFO - Total calls to destro : 186
2025-07-13 14:51:10,962 - INFO - Received Command for : robot_0 Location : RIU08c
2025-07-13 14:51:25,423 - INFO - Total calls to destro : 187
2025-07-13 14:51:27,811 - INFO - Robot robot_1 has reached RODR06a
2025-07-13 14:51:34,826 - INFO - Robot robot_0 has reached RIU08c
2025-07-13 14:51:36,846 - INFO - Total calls to destro : 188
2025-07-13 14:51:36,923 - INFO - Received Command for : robot_1 Location : RIU07a
2025-07-13 14:51:37,441 - INFO - Total calls to destro : 189
2025-07-13 14:51:38,843 - INFO - Total calls to destro : 190
2025-07-13 14:51:43,982 - INFO - Total calls to destro : 191
2025-07-13 14:51:44,105 - INFO - Received Command for : robot_0 Location : RODL06b
2025-07-13 14:51:44,566 - INFO - Robot robot_0 has travelled 2946.4785 m
2025-07-13 14:51:44,566 - INFO - Robot robot_1 has travelled 2498.7525 m
2025-07-13 14:51:44,566 - INFO - Robot robot_0 has dwelled for 349.31031012535095 sec
2025-07-13 14:51:44,566 - INFO - Robot robot_1 has dwelled for 432.39908480644226 sec
2025-07-13 14:51:44,566 - INFO - Robot robot_2 has dwelled for 0 sec
2025-07-13 14:51:44,566 - INFO - Robot robot_3 has dwelled for 0 sec
2025-07-13 14:51:44,567 - INFO - Robot robot_4 has dwelled for 0 sec
2025-07-13 14:51:44,567 - INFO - Robot robot_5 has dwelled for 0 sec
2025-07-13 14:51:44,567 - INFO - Robot robot_6 has dwelled for 0 sec
2025-07-13 14:51:44,567 - INFO - Robot robot_7 has dwelled for 0 sec
2025-07-13 14:51:44,567 - INFO - Robot robot_8 has dwelled for 0 sec
2025-07-13 14:51:44,567 - INFO - Robot robot_9 has dwelled for 0 sec
2025-07-13 14:51:44,567 - INFO - Robot robot_10 has dwelled for 0 sec
2025-07-13 14:51:44,567 - INFO - Robot robot_11 has dwelled for 0 sec
2025-07-13 14:51:44,567 - INFO - Robot robot_12 has dwelled for 0 sec
2025-07-13 14:51:44,567 - INFO - Robot robot_13 has dwelled for 0 sec
2025-07-13 14:51:44,567 - INFO - Robot robot_14 has dwelled for 0 sec
2025-07-13 14:51:57,286 - INFO - Robot robot_0 has reached RODL06b
2025-07-13 14:52:00,233 - INFO - Robot robot_1 has reached RIU07a
2025-07-13 14:52:02,358 - INFO - Total calls to destro : 192
2025-07-13 14:52:02,482 - INFO - Received Command for : robot_0 Location : CD5
2025-07-13 14:52:02,953 - INFO - Total calls to destro : 193
2025-07-13 14:52:09,313 - INFO - Total calls to destro : 194
2025-07-13 14:52:15,776 - INFO - Robot robot_0 has reached CD5
2025-07-13 14:52:20,908 - INFO - Total calls to destro : 195
2025-07-13 14:52:21,038 - INFO - Total calls to destro : 196
2025-07-13 14:52:21,041 - INFO - Received Command for : robot_0 Location : RIU08c
2025-07-13 14:52:21,689 - INFO - Total calls to destro : 197
2025-07-13 14:52:21,767 - INFO - Received Command for : robot_1 Location : CD5
2025-07-13 14:52:38,589 - INFO - Robot robot_0 has reached RIU08c
2025-07-13 14:52:39,419 - INFO - Robot robot_1 has reached CD5
2025-07-13 14:52:48,576 - INFO - Total calls to destro : 198
2025-07-13 14:52:48,690 - INFO - Received Command for : robot_1 Location : RIU08b
2025-07-13 14:52:49,549 - INFO - Total calls to destro : 199
2025-07-13 14:52:49,602 - INFO - Total calls to destro : 200
2025-07-13 14:52:49,607 - INFO - Received Command for : robot_0 Location : RODL06b
2025-07-13 14:52:49,961 - INFO - Total calls to destro : 201
2025-07-13 14:53:02,522 - INFO - Robot robot_0 has reached RODL06b
2025-07-13 14:53:06,094 - INFO - Robot robot_1 has reached RIU08b
2025-07-13 14:53:07,595 - INFO - Total calls to destro : 202
2025-07-13 14:53:11,522 - INFO - Total calls to destro : 203
2025-07-13 14:53:15,136 - INFO - Total calls to destro : 204
2025-07-13 14:53:16,002 - INFO - Total calls to destro : 205
2025-07-13 14:53:16,083 - INFO - Received Command for : robot_1 Location : RIU07b
2025-07-13 14:53:16,521 - INFO - Total calls to destro : 206
2025-07-13 14:53:16,527 - INFO - Received Command for : robot_0 Location : RIU08a
2025-07-13 14:53:20,630 - INFO - Robot robot_1 has reached RIU07b
2025-07-13 14:53:29,692 - INFO - Robot robot_0 has reached RIU08a
2025-07-13 14:53:29,751 - INFO - Total calls to destro : 207
2025-07-13 14:53:29,859 - INFO - Received Command for : robot_1 Location : RODR06a
2025-07-13 14:53:31,852 - INFO - Total calls to destro : 208
2025-07-13 14:53:31,860 - INFO - Total calls to destro : 209
2025-07-13 14:53:40,899 - INFO - Total calls to destro : 210
2025-07-13 14:53:40,954 - INFO - Received Command for : robot_0 Location : RODL06c
2025-07-13 14:53:43,387 - INFO - Total calls to destro : 211
2025-07-13 14:53:44,386 - INFO - Robot robot_0 has travelled 3256.5235 m
2025-07-13 14:53:44,387 - INFO - Robot robot_1 has travelled 2819.7279 m
2025-07-13 14:53:44,387 - INFO - Robot robot_0 has dwelled for 395.9449326992035 sec
2025-07-13 14:53:44,388 - INFO - Robot robot_1 has dwelled for 482.1848130226135 sec
2025-07-13 14:53:44,388 - INFO - Robot robot_2 has dwelled for 0 sec
2025-07-13 14:53:44,388 - INFO - Robot robot_3 has dwelled for 0 sec
2025-07-13 14:53:44,389 - INFO - Robot robot_4 has dwelled for 0 sec
2025-07-13 14:53:44,389 - INFO - Robot robot_5 has dwelled for 0 sec
2025-07-13 14:53:44,390 - INFO - Robot robot_6 has dwelled for 0 sec
2025-07-13 14:53:44,390 - INFO - Robot robot_7 has dwelled for 0 sec
2025-07-13 14:53:44,390 - INFO - Robot robot_8 has dwelled for 0 sec
2025-07-13 14:53:44,391 - INFO - Robot robot_9 has dwelled for 0 sec
2025-07-13 14:53:44,392 - INFO - Robot robot_10 has dwelled for 0 sec
2025-07-13 14:53:44,394 - INFO - Robot robot_11 has dwelled for 0 sec
2025-07-13 14:53:44,394 - INFO - Robot robot_12 has dwelled for 0 sec
2025-07-13 14:53:44,395 - INFO - Robot robot_13 has dwelled for 0 sec
2025-07-13 14:53:44,395 - INFO - Robot robot_14 has dwelled for 0 sec
2025-07-13 14:53:51,843 - INFO - Robot robot_0 has reached RODL06c
2025-07-13 14:53:54,798 - INFO - Robot robot_1 has reached RODR06a
2025-07-13 14:53:56,979 - INFO - Total calls to destro : 212
2025-07-13 14:53:56,985 - INFO - Total calls to destro : 213
2025-07-13 14:53:56,989 - INFO - Received Command for : robot_0 Location : CD3
2025-07-13 14:53:59,941 - INFO - Total calls to destro : 214
2025-07-13 14:54:06,009 - INFO - Total calls to destro : 215
2025-07-13 14:54:06,014 - INFO - Received Command for : robot_1 Location : RODR06b
2025-07-13 14:54:07,411 - INFO - Robot robot_1 has reached RODR06b
2025-07-13 14:54:09,787 - INFO - Robot robot_0 has reached CD3
2025-07-13 14:54:14,845 - INFO - Total calls to destro : 216
2025-07-13 14:54:14,915 - INFO - Total calls to destro : 217
2025-07-13 14:54:14,945 - INFO - Received Command for : robot_0 Location : RIU08a
2025-07-13 14:54:16,524 - INFO - Total calls to destro : 218
2025-07-13 14:54:16,644 - INFO - Total calls to destro : 219
2025-07-13 14:54:16,682 - INFO - Received Command for : robot_1 Location : RIU07b
2025-07-13 14:54:29,039 - INFO - Total calls to destro : 220
2025-07-13 14:54:31,118 - INFO - Robot robot_0 has reached RIU08a
2025-07-13 14:54:39,497 - INFO - Robot robot_1 has reached RIU07b
2025-07-13 14:54:41,168 - INFO - Total calls to destro : 221
2025-07-13 14:54:41,173 - INFO - Received Command for : robot_0 Location : RODL06c
2025-07-13 14:54:41,822 - INFO - Total calls to destro : 222
2025-07-13 14:54:48,618 - INFO - Total calls to destro : 223
2025-07-13 14:54:50,706 - INFO - Robot robot_0 has reached RODL06c
2025-07-13 14:54:51,088 - INFO - Total calls to destro : 224
2025-07-13 14:54:51,162 - INFO - Received Command for : robot_1 Location : RODL06a
2025-07-13 14:54:55,871 - INFO - Total calls to destro : 225
2025-07-13 14:55:01,071 - INFO - Total calls to destro : 226
2025-07-13 14:55:01,092 - INFO - Received Command for : robot_0 Location : RIU07a
2025-07-13 14:55:04,651 - INFO - Robot robot_1 has reached RODL06a
2025-07-13 14:55:13,754 - INFO - Total calls to destro : 227
2025-07-13 14:55:13,760 - INFO - Total calls to destro : 228
2025-07-13 14:55:13,764 - INFO - Received Command for : robot_1 Location : RIU08a
2025-07-13 14:55:14,102 - INFO - Robot robot_0 has reached RIU07a
2025-07-13 14:55:20,463 - INFO - Total calls to destro : 229
2025-07-13 14:55:23,627 - INFO - Total calls to destro : 230
2025-07-13 14:55:23,675 - INFO - Total calls to destro : 231
2025-07-13 14:55:23,682 - INFO - Received Command for : robot_0 Location : RODR06b
2025-07-13 14:55:25,246 - INFO - Robot robot_1 has reached RIU08a
2025-07-13 14:55:34,646 - INFO - Total calls to destro : 232
2025-07-13 14:55:36,128 - INFO - Total calls to destro : 233
2025-07-13 14:55:36,179 - INFO - Received Command for : robot_1 Location : RIU08b
2025-07-13 14:55:37,462 - INFO - Robot robot_1 has reached RIU08b
2025-07-13 14:55:44,558 - INFO - Robot robot_0 has travelled 3635.3039 m
2025-07-13 14:55:44,558 - INFO - Robot robot_1 has travelled 3083.3187 m
2025-07-13 14:55:44,558 - INFO - Robot robot_0 has dwelled for 436.2577540874481 sec
2025-07-13 14:55:44,558 - INFO - Robot robot_1 has dwelled for 534.3259625434875 sec
2025-07-13 14:55:44,559 - INFO - Robot robot_2 has dwelled for 0 sec
2025-07-13 14:55:44,559 - INFO - Robot robot_3 has dwelled for 0 sec
2025-07-13 14:55:44,559 - INFO - Robot robot_4 has dwelled for 0 sec
2025-07-13 14:55:44,559 - INFO - Robot robot_5 has dwelled for 0 sec
2025-07-13 14:55:44,559 - INFO - Robot robot_6 has dwelled for 0 sec
2025-07-13 14:55:44,559 - INFO - Robot robot_7 has dwelled for 0 sec
2025-07-13 14:55:44,559 - INFO - Robot robot_8 has dwelled for 0 sec
2025-07-13 14:55:44,559 - INFO - Robot robot_9 has dwelled for 0 sec
2025-07-13 14:55:44,559 - INFO - Robot robot_10 has dwelled for 0 sec
2025-07-13 14:55:44,559 - INFO - Robot robot_11 has dwelled for 0 sec
2025-07-13 14:55:44,559 - INFO - Robot robot_12 has dwelled for 0 sec
2025-07-13 14:55:44,559 - INFO - Robot robot_13 has dwelled for 0 sec
2025-07-13 14:55:44,560 - INFO - Robot robot_14 has dwelled for 0 sec
2025-07-13 14:55:46,595 - INFO - Total calls to destro : 234
2025-07-13 14:55:46,626 - INFO - Total calls to destro : 235
2025-07-13 14:55:46,630 - INFO - Received Command for : robot_1 Location : RODL06a
2025-07-13 14:55:47,730 - INFO - Robot robot_0 has reached RODR06b
2025-07-13 14:55:52,766 - INFO - Total calls to destro : 236
2025-07-13 14:55:52,922 - INFO - Total calls to destro : 237
2025-07-13 14:55:56,971 - INFO - Robot robot_1 has reached RODL06a
2025-07-13 14:56:01,173 - INFO - Total calls to destro : 238
2025-07-13 14:56:01,196 - INFO - Received Command for : robot_0 Location : CD2
2025-07-13 14:56:02,198 - INFO - Total calls to destro : 239
2025-07-13 14:56:04,876 - INFO - Total calls to destro : 240
2025-07-13 14:56:06,146 - INFO - Total calls to destro : 241
2025-07-13 14:56:06,203 - INFO - Received Command for : robot_1 Location : RODR06c
2025-07-13 14:56:34,072 - INFO - Robot robot_1 has reached RODR06c
2025-07-13 14:56:37,589 - INFO - Robot robot_0 has reached CD2
2025-07-13 14:56:43,166 - INFO - Total calls to destro : 242
2025-07-13 14:56:43,270 - INFO - Received Command for : robot_1 Location : RIU08b
2025-07-13 14:56:43,653 - INFO - Total calls to destro : 243
2025-07-13 14:56:46,705 - INFO - Total calls to destro : 244
2025-07-13 14:56:46,709 - INFO - Received Command for : robot_0 Location : RIU07a
2025-07-13 14:56:47,622 - INFO - Total calls to destro : 245
2025-07-13 14:56:50,105 - INFO - Total calls to destro : 246
2025-07-13 14:57:06,059 - INFO - Robot robot_0 has reached RIU07a
2025-07-13 14:57:08,428 - INFO - Robot robot_1 has reached RIU08b
2025-07-13 14:57:15,177 - INFO - Total calls to destro : 247
2025-07-13 14:57:16,216 - INFO - Total calls to destro : 248
2025-07-13 14:57:16,221 - INFO - Received Command for : robot_0 Location : RIU07b
2025-07-13 14:57:17,240 - INFO - Robot robot_0 has reached RIU07b
2025-07-13 14:57:17,555 - INFO - Total calls to destro : 249
2025-07-13 14:57:21,265 - INFO - Total calls to destro : 250
2025-07-13 14:57:21,276 - INFO - Received Command for : robot_1 Location : RIU08a
2025-07-13 14:57:22,296 - INFO - Robot robot_1 has reached RIU08a
2025-07-13 14:57:26,344 - INFO - Total calls to destro : 251
2025-07-13 14:57:26,348 - INFO - Received Command for : robot_0 Location : RODR06c
2025-07-13 14:57:28,225 - INFO - Total calls to destro : 252
2025-07-13 14:57:30,400 - INFO - Total calls to destro : 253
2025-07-13 14:57:31,363 - INFO - Total calls to destro : 254
2025-07-13 14:57:31,367 - INFO - Received Command for : robot_1 Location : RODL06b
2025-07-13 14:57:41,936 - INFO - Robot robot_1 has reached RODL06b
2025-07-13 14:57:44,523 - INFO - CODE F01 at 2.0 number of cases finished is 1400
2025-07-13 14:57:44,523 - INFO - CODE F02 at 2.0 UPH is 541
2025-07-13 14:57:46,956 - INFO - Total calls to destro : 255
2025-07-13 14:57:46,958 - INFO - Received Command for : robot_1 Location : CD6
2025-07-13 14:57:47,556 - INFO - Total calls to destro : 256
2025-07-13 14:57:49,802 - INFO - Robot robot_0 has reached RODR06c
2025-07-13 14:57:54,923 - INFO - Total calls to destro : 257
2025-07-13 14:58:02,070 - INFO - Total calls to destro : 258
2025-07-13 14:58:02,165 - INFO - Total calls to destro : 259
2025-07-13 14:58:02,200 - INFO - Received Command for : robot_0 Location : RODL06c
2025-07-13 14:58:03,091 - INFO - Robot robot_1 has reached CD6
2025-07-13 14:58:08,201 - INFO - Total calls to destro : 260
2025-07-13 14:58:08,287 - INFO - Total calls to destro : 261
2025-07-13 14:58:08,319 - INFO - Received Command for : robot_1 Location : RIU08a
2025-07-13 14:58:26,383 - INFO - Robot robot_1 has reached RIU08a
2025-07-13 14:58:28,806 - INFO - Robot robot_0 has reached RODL06c
2025-07-13 14:58:32,290 - INFO - Total calls to destro : 262
2025-07-13 14:58:35,795 - INFO - Total calls to destro : 263
2025-07-13 14:58:36,471 - INFO - Total calls to destro : 264
2025-07-13 14:58:36,555 - INFO - Received Command for : robot_1 Location : RODL06b
2025-07-13 14:58:36,901 - INFO - Total calls to destro : 265
2025-07-13 14:58:37,933 - INFO - Total calls to destro : 266
2025-07-13 14:58:37,936 - INFO - Received Command for : robot_0 Location : RIU07b
2025-07-13 14:58:39,474 - INFO - Total calls to destro : 267
2025-07-13 14:58:46,854 - INFO - Robot robot_1 has reached RODL06b
2025-07-13 14:58:50,981 - INFO - Robot robot_0 has reached RIU07b
2025-07-13 14:58:51,900 - INFO - Total calls to destro : 268
2025-07-13 14:58:56,322 - INFO - Total calls to destro : 269
2025-07-13 14:58:56,349 - INFO - Received Command for : robot_1 Location : CD3
2025-07-13 14:59:00,118 - INFO - Total calls to destro : 270
2025-07-13 14:59:01,374 - INFO - Total calls to destro : 271
2025-07-13 14:59:01,378 - INFO - Received Command for : robot_0 Location : RIU07a
2025-07-13 14:59:02,576 - INFO - Robot robot_0 has reached RIU07a
2025-07-13 14:59:09,827 - INFO - Robot robot_1 has reached CD3
2025-07-13 14:59:18,933 - INFO - Total calls to destro : 272
2025-07-13 14:59:18,935 - INFO - Received Command for : robot_1 Location : RIU08a
2025-07-13 14:59:19,755 - INFO - Total calls to destro : 273
2025-07-13 14:59:32,515 - INFO - Total calls to destro : 274
2025-07-13 14:59:33,467 - INFO - Robot robot_1 has reached RIU08a
2025-07-13 14:59:42,570 - INFO - Total calls to destro : 275
2025-07-13 14:59:44,562 - INFO - Robot robot_0 has travelled 4178.4607 m
2025-07-13 14:59:44,563 - INFO - Robot robot_1 has travelled 3758.5862 m
2025-07-13 14:59:44,564 - INFO - Robot robot_0 has dwelled for 509.99925327301025 sec
2025-07-13 14:59:44,564 - INFO - Robot robot_1 has dwelled for 622.7402908802032 sec
2025-07-13 14:59:44,564 - INFO - Robot robot_2 has dwelled for 0 sec
2025-07-13 14:59:44,565 - INFO - Robot robot_3 has dwelled for 0 sec
2025-07-13 14:59:44,566 - INFO - Robot robot_4 has dwelled for 0 sec
2025-07-13 14:59:44,566 - INFO - Robot robot_5 has dwelled for 0 sec
2025-07-13 14:59:44,567 - INFO - Robot robot_6 has dwelled for 0 sec
2025-07-13 14:59:44,567 - INFO - Robot robot_7 has dwelled for 0 sec
2025-07-13 14:59:44,568 - INFO - Robot robot_8 has dwelled for 0 sec
2025-07-13 14:59:44,568 - INFO - Robot robot_9 has dwelled for 0 sec
2025-07-13 14:59:44,569 - INFO - Robot robot_10 has dwelled for 0 sec
2025-07-13 14:59:44,569 - INFO - Robot robot_11 has dwelled for 0 sec
2025-07-13 14:59:44,570 - INFO - Robot robot_12 has dwelled for 0 sec
2025-07-13 14:59:44,570 - INFO - Robot robot_13 has dwelled for 0 sec
2025-07-13 14:59:44,571 - INFO - Robot robot_14 has dwelled for 0 sec
2025-07-13 14:59:45,380 - INFO - Total calls to destro : 276
2025-07-13 14:59:45,383 - INFO - Received Command for : robot_0 Location : RODR06b
2025-07-13 14:59:47,324 - INFO - Total calls to destro : 277
2025-07-13 14:59:47,421 - INFO - Received Command for : robot_1 Location : RIU08b
2025-07-13 14:59:48,341 - INFO - Robot robot_1 has reached RIU08b
2025-07-13 14:59:57,492 - INFO - Total calls to destro : 278
2025-07-13 14:59:57,618 - INFO - Received Command for : robot_1 Location : RODL06c
2025-07-13 14:59:58,037 - INFO - Total calls to destro : 279
2025-07-13 15:00:09,373 - INFO - Robot robot_0 has reached RODR06b
2025-07-13 15:00:10,497 - INFO - Robot robot_1 has reached RODL06c
2025-07-13 15:00:11,372 - INFO - Total calls to destro : 280
2025-07-13 15:00:14,526 - INFO - Total calls to destro : 281
2025-07-13 15:00:14,624 - INFO - Total calls to destro : 282
2025-07-13 15:00:14,629 - INFO - Received Command for : robot_0 Location : CD4
2025-07-13 15:00:15,596 - INFO - Total calls to destro : 283
2025-07-13 15:00:21,376 - INFO - Total calls to destro : 284
2025-07-13 15:00:21,416 - INFO - Total calls to destro : 285
2025-07-13 15:00:21,524 - INFO - Received Command for : robot_1 Location : RODL06a
2025-07-13 15:00:22,950 - INFO - Robot robot_1 has reached RODL06a
2025-07-13 15:00:32,112 - INFO - Total calls to destro : 286
2025-07-13 15:00:32,127 - INFO - Total calls to destro : 287
2025-07-13 15:00:32,133 - INFO - Received Command for : robot_1 Location : RIU07a
2025-07-13 15:00:46,553 - INFO - Robot robot_1 has reached RIU07a
2025-07-13 15:00:49,342 - INFO - Robot robot_0 has reached CD4
2025-07-13 15:00:54,367 - INFO - Total calls to destro : 288
2025-07-13 15:00:54,471 - INFO - Received Command for : robot_0 Location : RIU07a
2025-07-13 15:00:55,285 - INFO - Total calls to destro : 289
2025-07-13 15:00:55,692 - INFO - Total calls to destro : 290
2025-07-13 15:00:56,487 - INFO - Total calls to destro : 291
2025-07-13 15:00:56,500 - INFO - Received Command for : robot_1 Location : CD4
2025-07-13 15:00:59,471 - INFO - Total calls to destro : 292
2025-07-13 15:01:13,710 - INFO - Robot robot_0 has reached RIU07a
2025-07-13 15:01:15,206 - INFO - Robot robot_1 has reached CD4
2025-07-13 15:01:23,795 - INFO - Total calls to destro : 293
2025-07-13 15:01:23,800 - INFO - Received Command for : robot_0 Location : RODR06b
2025-07-13 15:01:25,638 - INFO - Total calls to destro : 294
2025-07-13 15:01:25,674 - INFO - Total calls to destro : 295
2025-07-13 15:01:25,745 - INFO - Received Command for : robot_1 Location : RIU08b
2025-07-13 15:01:26,509 - INFO - Total calls to destro : 296
2025-07-13 15:01:41,051 - INFO - Total calls to destro : 297
2025-07-13 15:01:44,464 - INFO - Robot robot_0 has travelled 4655.6147 m
2025-07-13 15:01:44,465 - INFO - Robot robot_1 has travelled 4033.0023 m
2025-07-13 15:01:44,466 - INFO - Robot robot_0 has dwelled for 573.2157783508301 sec
2025-07-13 15:01:44,466 - INFO - Robot robot_1 has dwelled for 686.4011092185974 sec
2025-07-13 15:01:44,466 - INFO - Robot robot_2 has dwelled for 0 sec
2025-07-13 15:01:44,467 - INFO - Robot robot_3 has dwelled for 0 sec
2025-07-13 15:01:44,467 - INFO - Robot robot_4 has dwelled for 0 sec
2025-07-13 15:01:44,468 - INFO - Robot robot_5 has dwelled for 0 sec
2025-07-13 15:01:44,468 - INFO - Robot robot_6 has dwelled for 0 sec
2025-07-13 15:01:44,469 - INFO - Robot robot_7 has dwelled for 0 sec
2025-07-13 15:01:44,470 - INFO - Robot robot_8 has dwelled for 0 sec
2025-07-13 15:01:44,470 - INFO - Robot robot_9 has dwelled for 0 sec
2025-07-13 15:01:44,471 - INFO - Robot robot_10 has dwelled for 0 sec
2025-07-13 15:01:44,471 - INFO - Robot robot_11 has dwelled for 0 sec
2025-07-13 15:01:44,471 - INFO - Robot robot_12 has dwelled for 0 sec
2025-07-13 15:01:44,472 - INFO - Robot robot_13 has dwelled for 0 sec
2025-07-13 15:01:44,472 - INFO - Robot robot_14 has dwelled for 0 sec
2025-07-13 15:01:44,705 - INFO - Robot robot_1 has reached RIU08b
2025-07-13 15:01:48,344 - INFO - Robot robot_0 has reached RODR06b
2025-07-13 15:01:53,462 - INFO - Total calls to destro : 298
2025-07-13 15:01:53,780 - INFO - Total calls to destro : 299
2025-07-13 15:01:56,502 - INFO - Total calls to destro : 300
2025-07-13 15:01:56,580 - INFO - Received Command for : robot_1 Location : RIU07b
2025-07-13 15:02:01,263 - INFO - Robot robot_1 has reached RIU07b
2025-07-13 15:02:01,515 - INFO - Total calls to destro : 301
2025-07-13 15:02:01,519 - INFO - Received Command for : robot_0 Location : RODR06c
2025-07-13 15:02:02,404 - INFO - Robot robot_0 has reached RODR06c
2025-07-13 15:02:11,512 - INFO - Total calls to destro : 302
2025-07-13 15:02:11,595 - INFO - Received Command for : robot_0 Location : RIU07b
2025-07-13 15:02:12,084 - INFO - Total calls to destro : 303
2025-07-13 15:02:15,781 - INFO - Total calls to destro : 304
2025-07-13 15:02:16,916 - INFO - Total calls to destro : 305
2025-07-13 15:03:12,845 - INFO - Total calls to destro : 306
2025-07-13 15:03:44,658 - INFO - Robot robot_0 has travelled 4774.693 m
2025-07-13 15:03:44,659 - INFO - Robot robot_1 has travelled 4049.8183 m
2025-07-13 15:03:44,659 - INFO - Robot robot_0 has dwelled for 595.5248320102692 sec
2025-07-13 15:03:44,659 - INFO - Robot robot_1 has dwelled for 698.2362537384033 sec
2025-07-13 15:03:44,659 - INFO - Robot robot_2 has dwelled for 0 sec
2025-07-13 15:03:44,659 - INFO - Robot robot_3 has dwelled for 0 sec
2025-07-13 15:03:44,659 - INFO - Robot robot_4 has dwelled for 0 sec
2025-07-13 15:03:44,659 - INFO - Robot robot_5 has dwelled for 0 sec
2025-07-13 15:03:44,660 - INFO - Robot robot_6 has dwelled for 0 sec
2025-07-13 15:03:44,660 - INFO - Robot robot_7 has dwelled for 0 sec
2025-07-13 15:03:44,660 - INFO - Robot robot_8 has dwelled for 0 sec
2025-07-13 15:03:44,660 - INFO - Robot robot_9 has dwelled for 0 sec
2025-07-13 15:03:44,660 - INFO - Robot robot_10 has dwelled for 0 sec
2025-07-13 15:03:44,660 - INFO - Robot robot_11 has dwelled for 0 sec
2025-07-13 15:03:44,660 - INFO - Robot robot_12 has dwelled for 0 sec
2025-07-13 15:03:44,660 - INFO - Robot robot_13 has dwelled for 0 sec
2025-07-13 15:03:44,660 - INFO - Robot robot_14 has dwelled for 0 sec
2025-07-13 15:03:45,485 - INFO - Total calls to destro : 307
2025-07-13 15:03:45,550 - INFO - Received Command for : robot_1 Location : RODR06a
2025-07-13 15:03:45,878 - INFO - For robot_1 from (1057, 121) to (1840, 396) the path lenght is 0
2025-07-13 15:04:05,024 - INFO - Total calls to destro : 308
2025-07-13 15:04:05,973 - INFO - Total calls to destro : 309
2025-07-13 15:04:05,975 - INFO - Received Command for : robot_1 Location : RODR06a
2025-07-13 15:04:06,300 - INFO - For robot_1 from (1057, 121) to (1840, 396) the path lenght is 0
2025-07-13 15:04:26,068 - INFO - Total calls to destro : 310
2025-07-13 15:04:26,523 - INFO - Total calls to destro : 311
2025-07-13 15:04:26,525 - INFO - Received Command for : robot_1 Location : RODR06a
2025-07-13 15:04:26,839 - INFO - For robot_1 from (1057, 121) to (1840, 396) the path lenght is 0
2025-07-13 15:04:31,626 - INFO - Total calls to destro : 312
2025-07-13 15:04:31,675 - INFO - Received Command for : robot_0 Location : RIU07b
2025-07-13 15:04:46,955 - INFO - Total calls to destro : 313
2025-07-13 15:04:46,957 - INFO - Received Command for : robot_1 Location : RODR06a
2025-07-13 15:04:47,245 - INFO - For robot_1 from (1057, 121) to (1840, 396) the path lenght is 0
2025-07-13 15:05:07,357 - INFO - Total calls to destro : 314
2025-07-13 15:05:07,359 - INFO - Received Command for : robot_1 Location : RODR06a
2025-07-13 15:05:07,660 - INFO - For robot_1 from (1057, 121) to (1840, 396) the path lenght is 0
2025-07-13 15:05:27,779 - INFO - Total calls to destro : 315
2025-07-13 15:05:27,845 - INFO - Received Command for : robot_1 Location : RODR06a
2025-07-13 15:05:28,177 - INFO - For robot_1 from (1057, 121) to (1840, 396) the path lenght is 0
2025-07-13 15:05:44,462 - INFO - Robot robot_0 has travelled 4774.9032 m
2025-07-13 15:05:44,463 - INFO - Robot robot_1 has travelled 4049.8183 m
2025-07-13 15:05:44,464 - INFO - Robot robot_0 has dwelled for 595.5248320102692 sec
2025-07-13 15:05:44,464 - INFO - Robot robot_1 has dwelled for 802.4792859554291 sec
2025-07-13 15:05:44,465 - INFO - Robot robot_2 has dwelled for 0 sec
2025-07-13 15:05:44,465 - INFO - Robot robot_3 has dwelled for 0 sec
2025-07-13 15:05:44,466 - INFO - Robot robot_4 has dwelled for 0 sec
2025-07-13 15:05:44,466 - INFO - Robot robot_5 has dwelled for 0 sec
2025-07-13 15:05:44,466 - INFO - Robot robot_6 has dwelled for 0 sec
2025-07-13 15:05:44,467 - INFO - Robot robot_7 has dwelled for 0 sec
2025-07-13 15:05:44,467 - INFO - Robot robot_8 has dwelled for 0 sec
2025-07-13 15:05:44,467 - INFO - Robot robot_9 has dwelled for 0 sec
2025-07-13 15:05:44,467 - INFO - Robot robot_10 has dwelled for 0 sec
2025-07-13 15:05:44,467 - INFO - Robot robot_11 has dwelled for 0 sec
2025-07-13 15:05:44,467 - INFO - Robot robot_12 has dwelled for 0 sec
2025-07-13 15:05:44,468 - INFO - Robot robot_13 has dwelled for 0 sec
2025-07-13 15:05:44,468 - INFO - Robot robot_14 has dwelled for 0 sec
2025-07-13 15:05:48,332 - INFO - Total calls to destro : 316
2025-07-13 15:05:48,333 - INFO - Received Command for : robot_1 Location : RODR06a
2025-07-13 15:05:48,613 - INFO - For robot_1 from (1057, 121) to (1840, 396) the path lenght is 0
2025-07-13 15:06:08,758 - INFO - Total calls to destro : 317
2025-07-13 15:06:08,785 - INFO - Received Command for : robot_1 Location : RODR06a
2025-07-13 15:06:09,219 - INFO - For robot_1 from (1057, 121) to (1840, 396) the path lenght is 0
2025-07-13 15:06:29,305 - INFO - Total calls to destro : 318
2025-07-13 15:06:29,309 - INFO - Received Command for : robot_1 Location : RODR06a
2025-07-13 15:06:29,598 - INFO - For robot_1 from (1057, 121) to (1840, 396) the path lenght is 0
2025-07-13 15:06:49,701 - INFO - Total calls to destro : 319
2025-07-13 15:06:49,762 - INFO - Received Command for : robot_1 Location : RODR06a
2025-07-13 15:06:50,075 - INFO - For robot_1 from (1057, 121) to (1840, 396) the path lenght is 0
2025-07-13 15:06:51,759 - INFO - Total calls to destro : 320
2025-07-13 15:06:51,760 - INFO - Received Command for : robot_0 Location : RIU07b
2025-07-13 15:06:55,186 - INFO - Total calls to destro : 321
2025-07-13 15:06:55,197 - INFO - Received Command for : robot_1 Location : RODR06a
2025-07-13 15:07:02,345 - INFO - For robot_1 from (1057, 121) to (1840, 396) the path lenght is 0
2025-07-13 15:07:22,460 - INFO - Total calls to destro : 322
2025-07-13 15:07:22,523 - INFO - Received Command for : robot_1 Location : RODR06a
2025-07-13 15:07:22,809 - INFO - For robot_1 from (1057, 121) to (1840, 396) the path lenght is 0
2025-07-13 15:07:42,893 - INFO - Total calls to destro : 323
2025-07-13 15:07:42,894 - INFO - Received Command for : robot_1 Location : RODR06a
2025-07-13 15:07:43,169 - INFO - For robot_1 from (1057, 121) to (1840, 396) the path lenght is 0
2025-07-13 15:07:44,466 - INFO - Robot robot_0 has travelled 4775.3236 m
2025-07-13 15:07:44,467 - INFO - Robot robot_1 has travelled 4049.8183 m
2025-07-13 15:07:44,467 - INFO - Robot robot_0 has dwelled for 595.5248320102692 sec
2025-07-13 15:07:44,467 - INFO - Robot robot_1 has dwelled for 802.4792859554291 sec
2025-07-13 15:07:44,467 - INFO - Robot robot_2 has dwelled for 0 sec
2025-07-13 15:07:44,468 - INFO - Robot robot_3 has dwelled for 0 sec
2025-07-13 15:07:44,468 - INFO - Robot robot_4 has dwelled for 0 sec
2025-07-13 15:07:44,468 - INFO - Robot robot_5 has dwelled for 0 sec
2025-07-13 15:07:44,468 - INFO - Robot robot_6 has dwelled for 0 sec
2025-07-13 15:07:44,468 - INFO - Robot robot_7 has dwelled for 0 sec
2025-07-13 15:07:44,468 - INFO - Robot robot_8 has dwelled for 0 sec
2025-07-13 15:07:44,468 - INFO - Robot robot_9 has dwelled for 0 sec
2025-07-13 15:07:44,468 - INFO - Robot robot_10 has dwelled for 0 sec
2025-07-13 15:07:44,468 - INFO - Robot robot_11 has dwelled for 0 sec
2025-07-13 15:07:44,469 - INFO - Robot robot_12 has dwelled for 0 sec
2025-07-13 15:07:44,469 - INFO - Robot robot_13 has dwelled for 0 sec
2025-07-13 15:07:44,469 - INFO - Robot robot_14 has dwelled for 0 sec
2025-07-13 15:08:03,244 - INFO - Total calls to destro : 324
2025-07-13 15:08:03,276 - INFO - Received Command for : robot_1 Location : RODR06a
2025-07-13 15:08:03,598 - INFO - For robot_1 from (1057, 121) to (1840, 396) the path lenght is 0
2025-07-13 15:08:23,687 - INFO - Total calls to destro : 325
2025-07-13 15:08:23,689 - INFO - Received Command for : robot_1 Location : RODR06a
2025-07-13 15:08:23,974 - INFO - For robot_1 from (1057, 121) to (1840, 396) the path lenght is 0
2025-07-13 15:08:44,064 - INFO - Total calls to destro : 326
2025-07-13 15:08:44,066 - INFO - Received Command for : robot_1 Location : RODR06a
2025-07-13 15:08:44,380 - INFO - For robot_1 from (1057, 121) to (1840, 396) the path lenght is 0
2025-07-13 15:09:04,505 - INFO - Total calls to destro : 327
2025-07-13 15:09:04,522 - INFO - Received Command for : robot_1 Location : RODR06a
2025-07-13 15:09:04,861 - INFO - For robot_1 from (1057, 121) to (1840, 396) the path lenght is 0
2025-07-13 15:09:11,865 - INFO - Total calls to destro : 328
2025-07-13 15:09:11,867 - INFO - Received Command for : robot_0 Location : RIU07b
2025-07-13 15:09:25,005 - INFO - Total calls to destro : 329
2025-07-13 15:09:25,039 - INFO - Received Command for : robot_1 Location : RODR06a
2025-07-13 15:09:25,339 - INFO - For robot_1 from (1057, 121) to (1840, 396) the path lenght is 0
2025-07-13 15:09:44,412 - INFO - CODE F01 at 3.0 number of cases finished is 1944
2025-07-13 15:09:44,412 - INFO - CODE F02 at 3.0 UPH is 449
2025-07-13 15:09:45,485 - INFO - Total calls to destro : 330
2025-07-13 15:09:45,489 - INFO - Received Command for : robot_1 Location : RODR06a
2025-07-13 15:09:45,782 - INFO - For robot_1 from (1057, 121) to (1840, 396) the path lenght is 0
2025-07-13 15:10:05,919 - INFO - Total calls to destro : 331
2025-07-13 15:10:05,941 - INFO - Received Command for : robot_1 Location : RODR06a
2025-07-13 15:10:06,265 - INFO - For robot_1 from (1057, 121) to (1840, 396) the path lenght is 0
2025-07-13 15:10:11,359 - INFO - Total calls to destro : 332
2025-07-13 15:10:11,417 - INFO - Received Command for : robot_1 Location : RODR06a
2025-07-13 15:10:11,778 - INFO - For robot_1 from (1057, 121) to (1840, 396) the path lenght is 0
2025-07-13 15:10:31,855 - INFO - Total calls to destro : 333
2025-07-13 15:10:31,859 - INFO - Received Command for : robot_1 Location : RODR06a
2025-07-13 15:10:32,182 - INFO - For robot_1 from (1057, 121) to (1840, 396) the path lenght is 0
2025-07-13 15:10:52,298 - INFO - Total calls to destro : 334
2025-07-13 15:10:52,310 - INFO - Received Command for : robot_1 Location : RODR06a
2025-07-13 15:10:52,618 - INFO - For robot_1 from (1057, 121) to (1840, 396) the path lenght is 0
2025-07-13 15:11:12,715 - INFO - Total calls to destro : 335
2025-07-13 15:11:12,768 - INFO - Received Command for : robot_1 Location : RODR06a
2025-07-13 15:11:13,149 - INFO - For robot_1 from (1057, 121) to (1840, 396) the path lenght is 0
2025-07-13 15:11:32,041 - INFO - Total calls to destro : 336
2025-07-13 15:11:32,074 - INFO - Received Command for : robot_0 Location : RIU07b
2025-07-13 15:11:33,244 - INFO - Total calls to destro : 337
2025-07-13 15:11:33,304 - INFO - Received Command for : robot_1 Location : RODR06a
2025-07-13 15:11:42,052 - INFO - For robot_1 from (1057, 121) to (1840, 396) the path lenght is 0
2025-07-13 15:11:44,553 - INFO - Robot robot_0 has travelled 4775.8491 m
2025-07-13 15:11:44,553 - INFO - Robot robot_1 has travelled 4049.8183 m
2025-07-13 15:11:44,553 - INFO - Robot robot_0 has dwelled for 595.5248320102692 sec
2025-07-13 15:11:44,553 - INFO - Robot robot_1 has dwelled for 802.4792859554291 sec
2025-07-13 15:11:44,553 - INFO - Robot robot_2 has dwelled for 0 sec
2025-07-13 15:11:44,553 - INFO - Robot robot_3 has dwelled for 0 sec
2025-07-13 15:11:44,553 - INFO - Robot robot_4 has dwelled for 0 sec
2025-07-13 15:11:44,553 - INFO - Robot robot_5 has dwelled for 0 sec
2025-07-13 15:11:44,553 - INFO - Robot robot_6 has dwelled for 0 sec
2025-07-13 15:11:44,553 - INFO - Robot robot_7 has dwelled for 0 sec
2025-07-13 15:11:44,554 - INFO - Robot robot_8 has dwelled for 0 sec
2025-07-13 15:11:44,554 - INFO - Robot robot_9 has dwelled for 0 sec
2025-07-13 15:11:44,555 - INFO - Robot robot_10 has dwelled for 0 sec
2025-07-13 15:11:44,556 - INFO - Robot robot_11 has dwelled for 0 sec
2025-07-13 15:11:44,556 - INFO - Robot robot_12 has dwelled for 0 sec
2025-07-13 15:11:44,556 - INFO - Robot robot_13 has dwelled for 0 sec
2025-07-13 15:11:44,556 - INFO - Robot robot_14 has dwelled for 0 sec
2025-07-13 15:12:02,160 - INFO - Total calls to destro : 338
2025-07-13 15:12:02,161 - INFO - Received Command for : robot_1 Location : RODR06a
2025-07-13 15:12:02,446 - INFO - For robot_1 from (1057, 121) to (1840, 396) the path lenght is 0
2025-07-13 15:12:22,568 - INFO - Total calls to destro : 339
2025-07-13 15:12:22,571 - INFO - Received Command for : robot_1 Location : RODR06a
2025-07-13 15:12:22,883 - INFO - For robot_1 from (1057, 121) to (1840, 396) the path lenght is 0
2025-07-13 15:12:43,064 - INFO - Total calls to destro : 340
2025-07-13 15:12:43,067 - INFO - Received Command for : robot_1 Location : RODR06a
2025-07-13 15:12:43,355 - INFO - For robot_1 from (1057, 121) to (1840, 396) the path lenght is 0
2025-07-13 15:13:03,497 - INFO - Total calls to destro : 341
2025-07-13 15:13:03,524 - INFO - Received Command for : robot_1 Location : RODR06a
2025-07-13 15:13:03,891 - INFO - For robot_1 from (1057, 121) to (1840, 396) the path lenght is 0
2025-07-13 15:13:24,038 - INFO - Total calls to destro : 342
2025-07-13 15:13:24,066 - INFO - Received Command for : robot_1 Location : RODR06a
2025-07-13 15:13:24,389 - INFO - For robot_1 from (1057, 121) to (1840, 396) the path lenght is 0
2025-07-13 15:13:29,506 - INFO - Total calls to destro : 343
2025-07-13 15:13:29,539 - INFO - Received Command for : robot_1 Location : RODR06a
2025-07-13 15:13:29,859 - INFO - For robot_1 from (1057, 121) to (1840, 396) the path lenght is 0
2025-07-13 15:13:44,434 - INFO - Robot robot_0 has travelled 4775.8491 m
2025-07-13 15:13:44,435 - INFO - Robot robot_1 has travelled 4049.8183 m
2025-07-13 15:13:44,436 - INFO - Robot robot_0 has dwelled for 595.5248320102692 sec
2025-07-13 15:13:44,436 - INFO - Robot robot_1 has dwelled for 802.4792859554291 sec
2025-07-13 15:13:44,438 - INFO - Robot robot_2 has dwelled for 0 sec
2025-07-13 15:13:44,439 - INFO - Robot robot_3 has dwelled for 0 sec
2025-07-13 15:13:44,439 - INFO - Robot robot_4 has dwelled for 0 sec
2025-07-13 15:13:44,440 - INFO - Robot robot_5 has dwelled for 0 sec
2025-07-13 15:13:44,440 - INFO - Robot robot_6 has dwelled for 0 sec
2025-07-13 15:13:44,441 - INFO - Robot robot_7 has dwelled for 0 sec
2025-07-13 15:13:44,441 - INFO - Robot robot_8 has dwelled for 0 sec
2025-07-13 15:13:44,442 - INFO - Robot robot_9 has dwelled for 0 sec
2025-07-13 15:13:44,442 - INFO - Robot robot_10 has dwelled for 0 sec
2025-07-13 15:13:44,443 - INFO - Robot robot_11 has dwelled for 0 sec
2025-07-13 15:13:44,443 - INFO - Robot robot_12 has dwelled for 0 sec
2025-07-13 15:13:44,444 - INFO - Robot robot_13 has dwelled for 0 sec
2025-07-13 15:13:44,444 - INFO - Robot robot_14 has dwelled for 0 sec
2025-07-13 15:13:50,026 - INFO - Total calls to destro : 344
2025-07-13 15:13:50,063 - INFO - Received Command for : robot_1 Location : RODR06a
2025-07-13 15:13:50,366 - INFO - For robot_1 from (1057, 121) to (1840, 396) the path lenght is 0
2025-07-13 15:13:52,149 - INFO - Total calls to destro : 345
2025-07-13 15:13:52,198 - INFO - Received Command for : robot_0 Location : RIU07b
2025-07-13 15:14:10,512 - INFO - Total calls to destro : 346
2025-07-13 15:14:10,545 - INFO - Received Command for : robot_1 Location : RODR06a
2025-07-13 15:14:10,891 - INFO - For robot_1 from (1057, 121) to (1840, 396) the path lenght is 0
2025-07-13 15:14:31,021 - INFO - Total calls to destro : 347
2025-07-13 15:14:31,064 - INFO - Received Command for : robot_1 Location : RODR06a
2025-07-13 15:14:31,393 - INFO - For robot_1 from (1057, 121) to (1840, 396) the path lenght is 0
2025-07-13 15:14:51,548 - INFO - Total calls to destro : 348
2025-07-13 15:14:51,577 - INFO - Received Command for : robot_1 Location : RODR06a
2025-07-13 15:14:51,925 - INFO - For robot_1 from (1057, 121) to (1840, 396) the path lenght is 0
2025-07-13 15:15:12,041 - INFO - Total calls to destro : 349
2025-07-13 15:15:12,049 - INFO - Received Command for : robot_1 Location : RODR06a
2025-07-13 15:15:12,334 - INFO - For robot_1 from (1057, 121) to (1840, 396) the path lenght is 0
2025-07-13 15:15:32,450 - INFO - Total calls to destro : 350
2025-07-13 15:15:32,510 - INFO - Received Command for : robot_1 Location : RODR06a
2025-07-13 15:15:32,895 - INFO - For robot_1 from (1057, 121) to (1840, 396) the path lenght is 0
2025-07-13 15:15:44,624 - INFO - Robot robot_0 has travelled 4775.9542 m
2025-07-13 15:15:44,624 - INFO - Robot robot_1 has travelled 4049.8183 m
2025-07-13 15:15:44,624 - INFO - Robot robot_0 has dwelled for 595.5248320102692 sec
2025-07-13 15:15:44,624 - INFO - Robot robot_1 has dwelled for 802.4792859554291 sec
2025-07-13 15:15:44,625 - INFO - Robot robot_2 has dwelled for 0 sec
2025-07-13 15:15:44,625 - INFO - Robot robot_3 has dwelled for 0 sec
2025-07-13 15:15:44,626 - INFO - Robot robot_4 has dwelled for 0 sec
2025-07-13 15:15:44,627 - INFO - Robot robot_5 has dwelled for 0 sec
2025-07-13 15:15:44,627 - INFO - Robot robot_6 has dwelled for 0 sec
2025-07-13 15:15:44,628 - INFO - Robot robot_7 has dwelled for 0 sec
2025-07-13 15:15:44,629 - INFO - Robot robot_8 has dwelled for 0 sec
2025-07-13 15:15:44,630 - INFO - Robot robot_9 has dwelled for 0 sec
2025-07-13 15:15:44,630 - INFO - Robot robot_10 has dwelled for 0 sec
2025-07-13 15:15:44,631 - INFO - Robot robot_11 has dwelled for 0 sec
2025-07-13 15:15:44,632 - INFO - Robot robot_12 has dwelled for 0 sec
2025-07-13 15:15:44,632 - INFO - Robot robot_13 has dwelled for 0 sec
2025-07-13 15:15:44,633 - INFO - Robot robot_14 has dwelled for 0 sec
2025-07-13 15:15:53,002 - INFO - Total calls to destro : 351
2025-07-13 15:15:53,029 - INFO - Received Command for : robot_1 Location : RODR06a
2025-07-13 15:15:53,450 - INFO - For robot_1 from (1057, 121) to (1840, 396) the path lenght is 0
2025-07-13 15:16:12,248 - INFO - Total calls to destro : 352
2025-07-13 15:16:12,275 - INFO - Received Command for : robot_0 Location : RIU07b
2025-07-13 15:16:13,572 - INFO - Total calls to destro : 353
2025-07-13 15:16:13,647 - INFO - Received Command for : robot_1 Location : RODR06a
2025-07-13 15:16:22,728 - INFO - For robot_1 from (1057, 121) to (1840, 396) the path lenght is 0
2025-07-13 15:16:42,863 - INFO - Total calls to destro : 354
2025-07-13 15:16:42,901 - INFO - Received Command for : robot_1 Location : RODR06a
2025-07-13 15:16:43,208 - INFO - For robot_1 from (1057, 121) to (1840, 396) the path lenght is 0
2025-07-13 15:16:48,297 - INFO - Total calls to destro : 355
2025-07-13 15:16:48,370 - INFO - Received Command for : robot_1 Location : RODR06a
2025-07-13 15:16:48,701 - INFO - For robot_1 from (1057, 121) to (1840, 396) the path lenght is 0
2025-07-13 15:17:08,847 - INFO - Total calls to destro : 356
2025-07-13 15:17:08,875 - INFO - Received Command for : robot_1 Location : RODR06a
2025-07-13 15:17:09,227 - INFO - For robot_1 from (1057, 121) to (1840, 396) the path lenght is 0
2025-07-13 15:17:29,378 - INFO - Total calls to destro : 357
2025-07-13 15:17:29,391 - INFO - Received Command for : robot_1 Location : RODR06a
2025-07-13 15:17:29,701 - INFO - For robot_1 from (1057, 121) to (1840, 396) the path lenght is 0
2025-07-13 15:17:44,432 - INFO - Robot robot_0 has travelled 4776.2695 m
2025-07-13 15:17:44,432 - INFO - Robot robot_1 has travelled 4049.8183 m
2025-07-13 15:17:44,433 - INFO - Robot robot_0 has dwelled for 595.5248320102692 sec
2025-07-13 15:17:44,433 - INFO - Robot robot_1 has dwelled for 802.4792859554291 sec
2025-07-13 15:17:44,433 - INFO - Robot robot_2 has dwelled for 0 sec
2025-07-13 15:17:44,433 - INFO - Robot robot_3 has dwelled for 0 sec
2025-07-13 15:17:44,433 - INFO - Robot robot_4 has dwelled for 0 sec
2025-07-13 15:17:44,433 - INFO - Robot robot_5 has dwelled for 0 sec
2025-07-13 15:17:44,433 - INFO - Robot robot_6 has dwelled for 0 sec
2025-07-13 15:17:44,433 - INFO - Robot robot_7 has dwelled for 0 sec
2025-07-13 15:17:44,433 - INFO - Robot robot_8 has dwelled for 0 sec
2025-07-13 15:17:44,433 - INFO - Robot robot_9 has dwelled for 0 sec
2025-07-13 15:17:44,434 - INFO - Robot robot_10 has dwelled for 0 sec
2025-07-13 15:17:44,434 - INFO - Robot robot_11 has dwelled for 0 sec
2025-07-13 15:17:44,434 - INFO - Robot robot_12 has dwelled for 0 sec
2025-07-13 15:17:44,434 - INFO - Robot robot_13 has dwelled for 0 sec
2025-07-13 15:17:44,435 - INFO - Robot robot_14 has dwelled for 0 sec
2025-07-13 15:17:49,812 - INFO - Total calls to destro : 358
2025-07-13 15:17:49,881 - INFO - Received Command for : robot_1 Location : RODR06a
2025-07-13 15:17:50,212 - INFO - For robot_1 from (1057, 121) to (1840, 396) the path lenght is 0
2025-07-13 15:18:10,347 - INFO - Total calls to destro : 359
2025-07-13 15:18:10,381 - INFO - Received Command for : robot_1 Location : RODR06a
2025-07-13 15:18:10,720 - INFO - For robot_1 from (1057, 121) to (1840, 396) the path lenght is 0
2025-07-13 15:18:30,849 - INFO - Total calls to destro : 360
2025-07-13 15:18:30,851 - INFO - Received Command for : robot_1 Location : RODR06a
2025-07-13 15:18:31,141 - INFO - For robot_1 from (1057, 121) to (1840, 396) the path lenght is 0
2025-07-13 15:18:32,398 - INFO - Total calls to destro : 361
2025-07-13 15:18:32,463 - INFO - Received Command for : robot_0 Location : RIU07b
2025-07-13 15:18:51,271 - INFO - Total calls to destro : 362
2025-07-13 15:18:51,309 - INFO - Received Command for : robot_1 Location : RODR06a
2025-07-13 15:18:51,728 - INFO - For robot_1 from (1057, 121) to (1840, 396) the path lenght is 0
2025-07-13 15:19:11,883 - INFO - Total calls to destro : 363
2025-07-13 15:19:11,937 - INFO - Received Command for : robot_1 Location : RODR06a
2025-07-13 15:19:12,285 - INFO - For robot_1 from (1057, 121) to (1840, 396) the path lenght is 0
2025-07-13 15:19:32,405 - INFO - Total calls to destro : 364
2025-07-13 15:19:32,411 - INFO - Received Command for : robot_1 Location : RODR06a
2025-07-13 15:19:32,737 - INFO - For robot_1 from (1057, 121) to (1840, 396) the path lenght is 0
2025-07-13 15:19:44,600 - INFO - Robot robot_0 has travelled 4776.2695 m
2025-07-13 15:19:44,600 - INFO - Robot robot_1 has travelled 4049.8183 m
2025-07-13 15:19:44,601 - INFO - Robot robot_0 has dwelled for 595.5248320102692 sec
2025-07-13 15:19:44,602 - INFO - Robot robot_1 has dwelled for 802.4792859554291 sec
2025-07-13 15:19:44,603 - INFO - Robot robot_2 has dwelled for 0 sec
2025-07-13 15:19:44,604 - INFO - Robot robot_3 has dwelled for 0 sec
2025-07-13 15:19:44,604 - INFO - Robot robot_4 has dwelled for 0 sec
2025-07-13 15:19:44,605 - INFO - Robot robot_5 has dwelled for 0 sec
2025-07-13 15:19:44,607 - INFO - Robot robot_6 has dwelled for 0 sec
2025-07-13 15:19:44,608 - INFO - Robot robot_7 has dwelled for 0 sec
2025-07-13 15:19:44,609 - INFO - Robot robot_8 has dwelled for 0 sec
2025-07-13 15:19:44,609 - INFO - Robot robot_9 has dwelled for 0 sec
2025-07-13 15:19:44,610 - INFO - Robot robot_10 has dwelled for 0 sec
2025-07-13 15:19:44,610 - INFO - Robot robot_11 has dwelled for 0 sec
2025-07-13 15:19:44,611 - INFO - Robot robot_12 has dwelled for 0 sec
2025-07-13 15:19:44,611 - INFO - Robot robot_13 has dwelled for 0 sec
2025-07-13 15:19:44,612 - INFO - Robot robot_14 has dwelled for 0 sec
2025-07-13 15:19:52,843 - INFO - Total calls to destro : 365
2025-07-13 15:19:52,869 - INFO - Received Command for : robot_1 Location : RODR06a
2025-07-13 15:19:53,318 - INFO - For robot_1 from (1057, 121) to (1840, 396) the path lenght is 0
2025-07-13 15:19:58,420 - INFO - Total calls to destro : 366
2025-07-13 15:19:58,490 - INFO - Received Command for : robot_1 Location : RODR06a
2025-07-13 15:19:58,866 - INFO - For robot_1 from (1057, 121) to (1840, 396) the path lenght is 0
2025-07-13 15:20:18,967 - INFO - Total calls to destro : 367
2025-07-13 15:20:19,020 - INFO - Received Command for : robot_1 Location : RODR06a
2025-07-13 15:20:19,355 - INFO - For robot_1 from (1057, 121) to (1840, 396) the path lenght is 0
2025-07-13 15:20:39,489 - INFO - Total calls to destro : 368
2025-07-13 15:20:39,521 - INFO - Received Command for : robot_1 Location : RODR06a
2025-07-13 15:20:39,920 - INFO - For robot_1 from (1057, 121) to (1840, 396) the path lenght is 0
2025-07-13 15:20:52,491 - INFO - Total calls to destro : 369
2025-07-13 15:20:52,494 - INFO - Received Command for : robot_0 Location : RIU07b
2025-07-13 15:21:00,058 - INFO - Total calls to destro : 370
2025-07-13 15:21:00,112 - INFO - Received Command for : robot_1 Location : RODR06a
2025-07-13 15:21:02,640 - INFO - For robot_1 from (1057, 121) to (1840, 396) the path lenght is 0
2025-07-13 15:21:22,724 - INFO - Total calls to destro : 371
2025-07-13 15:21:22,725 - INFO - Received Command for : robot_1 Location : RODR06a
2025-07-13 15:21:23,026 - INFO - For robot_1 from (1057, 121) to (1840, 396) the path lenght is 0
2025-07-13 15:21:43,135 - INFO - Total calls to destro : 372
2025-07-13 15:21:43,156 - INFO - Received Command for : robot_1 Location : RODR06a
2025-07-13 15:21:43,487 - INFO - For robot_1 from (1057, 121) to (1840, 396) the path lenght is 0
2025-07-13 15:21:44,434 - INFO - CODE F01 at 4.0 number of cases finished is 2510
2025-07-13 15:21:44,435 - INFO - CODE F02 at 4.0 UPH is 337
2025-07-13 15:22:03,600 - INFO - Total calls to destro : 373
2025-07-13 15:22:03,603 - INFO - Received Command for : robot_1 Location : RODR06a
2025-07-13 15:22:03,913 - INFO - For robot_1 from (1057, 121) to (1840, 396) the path lenght is 0
