2025-07-11 08:29:55,538 - INFO - Total calls to destro : 1
2025-07-11 08:29:55,559 - INFO - Total calls to destro : 2
2025-07-11 08:29:55,560 - INFO - CODE 000  ------------- Starting FMS -----------------
2025-07-11 08:29:55,654 - INFO - Total calls to destro : 3
2025-07-11 08:29:55,675 - INFO - Total calls to destro : 4
2025-07-11 08:29:55,679 - INFO - Total calls to destro : 5
2025-07-11 08:29:55,683 - INFO - Total calls to destro : 6
2025-07-11 08:29:55,761 - INFO - Total calls to destro : 7
2025-07-11 08:29:55,794 - INFO - Total calls to destro : 8
2025-07-11 08:35:32,118 - INFO - Total calls to destro : 9
2025-07-11 08:35:32,246 - INFO - Total calls to destro : 10
2025-07-11 08:35:32,246 - INFO - Received Command for : robot_0 Location : RIU07a
2025-07-11 08:35:41,073 - INFO - Total calls to destro : 11
2025-07-11 08:35:41,215 - INFO - Total calls to destro : 12
2025-07-11 08:35:41,216 - INFO - Received Command for : robot_1 Location : RIU08a
2025-07-11 08:36:25,146 - INFO - Robot robot_0 has reached RIU07a
2025-07-11 08:36:31,264 - INFO - Robot robot_1 has reached RIU08a
2025-07-11 08:36:38,245 - INFO - Total calls to destro : 13
2025-07-11 08:36:38,246 - INFO - Received Command for : robot_0 Location : ROUL08a
2025-07-11 08:36:38,500 - INFO - Total calls to destro : 14
2025-07-11 08:36:44,393 - INFO - Total calls to destro : 15
2025-07-11 08:36:44,394 - INFO - Received Command for : robot_1 Location : ROUR06a
2025-07-11 08:36:44,895 - INFO - Total calls to destro : 16
2025-07-11 08:36:59,975 - INFO - Robot robot_0 has reached ROUL08a
2025-07-11 08:37:05,104 - INFO - Total calls to destro : 17
2025-07-11 08:37:27,959 - INFO - Robot robot_1 has reached ROUR06a
2025-07-11 08:37:33,025 - INFO - Total calls to destro : 18
2025-07-11 08:37:41,037 - INFO - Total calls to destro : 19
2025-07-11 08:37:41,038 - INFO - Total calls to destro : 20
2025-07-11 08:37:41,039 - INFO - Received Command for : robot_1 Location : RODL06a
2025-07-11 08:38:39,040 - INFO - Robot robot_1 has reached RODL06a
2025-07-11 08:38:44,209 - INFO - Total calls to destro : 21
2025-07-11 08:38:52,194 - INFO - Total calls to destro : 22
2025-07-11 08:38:52,195 - INFO - Total calls to destro : 23
2025-07-11 08:38:52,196 - INFO - Received Command for : robot_1 Location : RODR06a
2025-07-11 08:39:45,431 - INFO - Robot robot_1 has reached RODR06a
2025-07-11 08:39:50,626 - INFO - Total calls to destro : 24
2025-07-11 08:39:55,586 - INFO - Robot robot_0 has travelled 174.3398799999982 m
2025-07-11 08:39:55,586 - INFO - Robot robot_1 has travelled 484.637120000015 m
2025-07-11 08:39:55,586 - INFO - Robot robot_0 has dwelled for 13.099094152450562 sec
2025-07-11 08:39:55,587 - INFO - Robot robot_1 has dwelled for 39.363592863082886 sec
2025-07-11 08:39:55,587 - INFO - Robot robot_2 has dwelled for 0 sec
2025-07-11 08:39:55,587 - INFO - Robot robot_3 has dwelled for 0 sec
2025-07-11 08:39:55,587 - INFO - Robot robot_4 has dwelled for 0 sec
2025-07-11 08:39:55,587 - INFO - Robot robot_5 has dwelled for 0 sec
2025-07-11 08:39:55,587 - INFO - Robot robot_6 has dwelled for 0 sec
2025-07-11 08:39:55,587 - INFO - Robot robot_7 has dwelled for 0 sec
2025-07-11 08:39:55,587 - INFO - Robot robot_8 has dwelled for 0 sec
2025-07-11 08:39:55,587 - INFO - Robot robot_9 has dwelled for 0 sec
2025-07-11 08:39:55,587 - INFO - Robot robot_10 has dwelled for 0 sec
2025-07-11 08:39:55,588 - INFO - Robot robot_11 has dwelled for 0 sec
2025-07-11 08:39:55,588 - INFO - Robot robot_12 has dwelled for 0 sec
2025-07-11 08:39:55,588 - INFO - Robot robot_13 has dwelled for 0 sec
2025-07-11 08:39:55,588 - INFO - Robot robot_14 has dwelled for 0 sec
2025-07-11 08:39:58,606 - INFO - Total calls to destro : 25
2025-07-11 08:39:58,668 - INFO - Received Command for : robot_1 Location : ROUL06a
2025-07-11 08:39:58,919 - INFO - Total calls to destro : 26
2025-07-11 08:40:56,747 - INFO - Robot robot_1 has reached ROUL06a
2025-07-11 08:41:01,880 - INFO - Total calls to destro : 27
2025-07-11 08:41:07,631 - INFO - Total calls to destro : 28
2025-07-11 08:41:07,782 - INFO - Total calls to destro : 29
2025-07-11 08:41:07,784 - INFO - Received Command for : robot_0 Location : RIU08b
2025-07-11 08:41:26,732 - INFO - Robot robot_0 has reached RIU08b
2025-07-11 08:41:35,596 - INFO - Total calls to destro : 30
2025-07-11 08:41:35,830 - INFO - Total calls to destro : 31
2025-07-11 08:41:35,831 - INFO - Received Command for : robot_1 Location : RIU07b
2025-07-11 08:41:39,906 - INFO - Total calls to destro : 32
2025-07-11 08:41:39,907 - INFO - Total calls to destro : 33
2025-07-11 08:41:39,908 - INFO - Received Command for : robot_0 Location : ROUR06a
2025-07-11 08:41:53,213 - INFO - Robot robot_1 has reached RIU07b
2025-07-11 08:41:53,970 - INFO - Total calls to destro : 34
2025-07-11 08:42:06,468 - INFO - Total calls to destro : 35
2025-07-11 08:42:06,510 - INFO - Total calls to destro : 36
2025-07-11 08:42:06,511 - INFO - Received Command for : robot_1 Location : ROUL08b
2025-07-11 08:42:21,849 - INFO - Robot robot_0 has reached ROUR06a
2025-07-11 08:42:26,402 - INFO - Robot robot_1 has reached ROUL08b
2025-07-11 08:42:27,125 - INFO - Total calls to destro : 37
2025-07-11 08:42:31,595 - INFO - Total calls to destro : 38
2025-07-11 08:42:35,112 - INFO - Total calls to destro : 39
2025-07-11 08:42:35,113 - INFO - Received Command for : robot_0 Location : RODL03a
2025-07-11 08:42:35,351 - INFO - Total calls to destro : 40
2025-07-11 08:42:44,121 - INFO - Total calls to destro : 41
2025-07-11 08:42:44,164 - INFO - Received Command for : robot_1 Location : ROUL06a
2025-07-11 08:42:53,881 - INFO - Robot robot_1 has reached ROUL06a
2025-07-11 08:43:07,014 - INFO - Total calls to destro : 42
2025-07-11 08:43:07,015 - INFO - Received Command for : robot_1 Location : RIU07a
2025-07-11 08:43:07,299 - INFO - Total calls to destro : 43
2025-07-11 08:43:07,615 - INFO - Total calls to destro : 44
2025-07-11 08:43:25,211 - INFO - Robot robot_1 has reached RIU07a
2025-07-11 08:43:28,905 - INFO - Robot robot_0 has reached RODL03a
2025-07-11 08:43:34,102 - INFO - Total calls to destro : 45
2025-07-11 08:43:38,578 - INFO - Total calls to destro : 46
2025-07-11 08:43:39,178 - INFO - Total calls to destro : 47
2025-07-11 08:43:39,179 - INFO - Received Command for : robot_1 Location : ROUL08a
2025-07-11 08:43:42,035 - INFO - Total calls to destro : 48
2025-07-11 08:43:42,045 - INFO - Received Command for : robot_0 Location : RODR01a
2025-07-11 08:43:42,575 - INFO - Total calls to destro : 49
2025-07-11 08:44:00,585 - INFO - Robot robot_1 has reached ROUL08a
2025-07-11 08:44:13,732 - INFO - Total calls to destro : 50
2025-07-11 08:44:13,746 - INFO - Total calls to destro : 51
2025-07-11 08:44:13,747 - INFO - Received Command for : robot_1 Location : RIU08a
2025-07-11 08:44:22,047 - INFO - Robot robot_0 has reached RODR01a
2025-07-11 08:44:27,225 - INFO - Total calls to destro : 52
2025-07-11 08:44:33,465 - INFO - Robot robot_1 has reached RIU08a
2025-07-11 08:44:35,204 - INFO - Total calls to destro : 53
2025-07-11 08:44:35,264 - INFO - Total calls to destro : 54
2025-07-11 08:44:35,265 - INFO - Received Command for : robot_0 Location : RODL04a
2025-07-11 08:44:46,501 - INFO - Total calls to destro : 55
2025-07-11 08:45:15,748 - INFO - Robot robot_0 has reached RODL04a
2025-07-11 08:45:20,844 - INFO - Total calls to destro : 56
2025-07-11 08:47:16,241 - INFO - Total calls to destro : 57
2025-07-11 08:47:16,467 - INFO - Total calls to destro : 58
2025-07-11 08:47:16,468 - INFO - Received Command for : robot_1 Location : RIU08c
2025-07-11 08:47:18,162 - INFO - Robot robot_1 has reached RIU08c
2025-07-11 08:47:31,301 - INFO - Total calls to destro : 59
2025-07-11 08:47:31,302 - INFO - Received Command for : robot_1 Location : RODR02a
2025-07-11 08:47:32,276 - INFO - Total calls to destro : 60
2025-07-11 08:47:44,378 - INFO - Total calls to destro : 61
2025-07-11 08:47:44,555 - INFO - Total calls to destro : 62
2025-07-11 08:47:44,555 - INFO - Received Command for : robot_0 Location : RIU07c
2025-07-11 08:48:04,166 - INFO - Robot robot_0 has reached RIU07c
2025-07-11 08:48:12,516 - INFO - Robot robot_1 has reached RODR02a
2025-07-11 08:48:15,068 - INFO - Total calls to destro : 63
2025-07-11 08:48:17,389 - INFO - Total calls to destro : 64
2025-07-11 08:48:17,427 - INFO - Total calls to destro : 65
2025-07-11 08:48:17,429 - INFO - Received Command for : robot_0 Location : ROUL08a
2025-07-11 08:48:17,688 - INFO - Total calls to destro : 66
2025-07-11 08:48:25,677 - INFO - Total calls to destro : 67
2025-07-11 08:48:25,710 - INFO - Received Command for : robot_1 Location : ROUR06a
2025-07-11 08:48:26,094 - INFO - Total calls to destro : 68
2025-07-11 08:48:37,278 - INFO - Robot robot_0 has reached ROUL08a
2025-07-11 08:48:38,193 - INFO - Total calls to destro : 69
2025-07-11 08:48:42,521 - INFO - Total calls to destro : 70
2025-07-11 08:48:44,945 - INFO - Robot robot_1 has reached ROUR06a
2025-07-11 08:48:50,221 - INFO - Total calls to destro : 71
2025-07-11 08:48:55,191 - INFO - Total calls to destro : 72
2025-07-11 08:48:55,193 - INFO - Received Command for : robot_0 Location : RODL04a
2025-07-11 08:48:58,190 - INFO - Total calls to destro : 73
2025-07-11 08:48:58,191 - INFO - Received Command for : robot_1 Location : RODR03a
2025-07-11 08:48:58,393 - INFO - Total calls to destro : 74
2025-07-11 08:49:14,654 - INFO - Robot robot_0 has reached RODL04a
2025-07-11 08:49:15,971 - INFO - Robot robot_1 has reached RODR03a
2025-07-11 08:49:21,140 - INFO - Total calls to destro : 75
2025-07-11 08:49:27,914 - INFO - Total calls to destro : 76
2025-07-11 08:49:27,967 - INFO - Received Command for : robot_0 Location : RIU07b
2025-07-11 08:49:28,351 - INFO - Total calls to destro : 77
2025-07-11 08:49:29,188 - INFO - Total calls to destro : 78
2025-07-11 08:49:29,276 - INFO - Total calls to destro : 79
2025-07-11 08:49:29,308 - INFO - Received Command for : robot_1 Location : RODR05a
2025-07-11 08:49:39,793 - INFO - Robot robot_1 has reached RODR05a
2025-07-11 08:49:44,950 - INFO - Total calls to destro : 80
2025-07-11 08:49:48,295 - INFO - Robot robot_0 has reached RIU07b
2025-07-11 08:49:55,365 - INFO - Total calls to destro : 81
2025-07-11 08:49:55,366 - INFO - Received Command for : robot_1 Location : ROUL08b
2025-07-11 08:49:55,644 - INFO - Robot robot_0 has travelled 829.8065400000373 m
2025-07-11 08:49:55,644 - INFO - Robot robot_1 has travelled 1088.5627399999805 m
2025-07-11 08:49:55,644 - INFO - Robot robot_0 has dwelled for 506.9790849685669 sec
2025-07-11 08:49:55,644 - INFO - Robot robot_1 has dwelled for 394.4797468185425 sec
2025-07-11 08:49:55,644 - INFO - Robot robot_2 has dwelled for 0 sec
2025-07-11 08:49:55,644 - INFO - Robot robot_3 has dwelled for 0 sec
2025-07-11 08:49:55,645 - INFO - Robot robot_4 has dwelled for 0 sec
2025-07-11 08:49:55,645 - INFO - Robot robot_5 has dwelled for 0 sec
2025-07-11 08:49:55,645 - INFO - Robot robot_6 has dwelled for 0 sec
2025-07-11 08:49:55,645 - INFO - Robot robot_7 has dwelled for 0 sec
2025-07-11 08:49:55,645 - INFO - Robot robot_8 has dwelled for 0 sec
2025-07-11 08:49:55,645 - INFO - Robot robot_9 has dwelled for 0 sec
2025-07-11 08:49:55,645 - INFO - Robot robot_10 has dwelled for 0 sec
2025-07-11 08:49:55,645 - INFO - Robot robot_11 has dwelled for 0 sec
2025-07-11 08:49:55,645 - INFO - Robot robot_12 has dwelled for 0 sec
2025-07-11 08:49:55,646 - INFO - Robot robot_13 has dwelled for 0 sec
2025-07-11 08:49:55,646 - INFO - Robot robot_14 has dwelled for 0 sec
2025-07-11 08:50:01,470 - INFO - Total calls to destro : 82
2025-07-11 08:50:22,032 - INFO - Total calls to destro : 83
2025-07-11 08:50:22,033 - INFO - Total calls to destro : 84
2025-07-11 08:50:22,034 - INFO - Received Command for : robot_0 Location : RODR05a
2025-07-11 08:50:55,708 - INFO - Robot robot_1 has reached ROUL08b
2025-07-11 08:51:08,846 - INFO - Total calls to destro : 85
2025-07-11 08:51:08,847 - INFO - Received Command for : robot_1 Location : RIU08b
2025-07-11 08:51:08,999 - INFO - Robot robot_0 has reached RODR05a
2025-07-11 08:51:09,116 - INFO - Total calls to destro : 86
2025-07-11 08:51:22,128 - INFO - Total calls to destro : 87
2025-07-11 08:51:22,129 - INFO - Received Command for : robot_0 Location : RIU07c
2025-07-11 08:51:22,359 - INFO - Total calls to destro : 88
2025-07-11 08:51:27,252 - INFO - Robot robot_1 has reached RIU08b
2025-07-11 08:51:40,457 - INFO - Total calls to destro : 89
2025-07-11 08:52:06,196 - INFO - Robot robot_0 has reached RIU07c
2025-07-11 08:52:19,334 - INFO - Total calls to destro : 90
2025-07-11 08:53:19,031 - INFO - Total calls to destro : 91
2025-07-11 08:53:19,251 - INFO - Total calls to destro : 92
2025-07-11 08:53:19,273 - INFO - Received Command for : robot_0 Location : RIU08a
2025-07-11 08:53:26,506 - INFO - Robot robot_0 has reached RIU08a
2025-07-11 08:53:39,663 - INFO - Total calls to destro : 93
2025-07-11 08:53:39,685 - INFO - Received Command for : robot_0 Location : RODR08a
2025-07-11 08:53:40,914 - INFO - Total calls to destro : 94
2025-07-11 08:53:49,092 - INFO - Total calls to destro : 95
2025-07-11 08:54:31,638 - INFO - Robot robot_0 has reached RODR08a
2025-07-11 08:54:36,715 - INFO - Total calls to destro : 96
2025-07-11 08:54:44,778 - INFO - Total calls to destro : 97
2025-07-11 08:54:44,779 - INFO - Total calls to destro : 98
2025-07-11 08:54:44,780 - INFO - Received Command for : robot_0 Location : ROUL08b
2025-07-11 08:54:48,799 - INFO - Total calls to destro : 99
2025-07-11 08:54:48,800 - INFO - Total calls to destro : 100
2025-07-11 08:54:48,801 - INFO - Received Command for : robot_1 Location : ROUL08a
2025-07-11 08:55:08,086 - INFO - Robot robot_1 has reached ROUL08a
2025-07-11 08:55:21,165 - INFO - Total calls to destro : 101
2025-07-11 08:55:21,166 - INFO - Total calls to destro : 102
2025-07-11 08:55:21,167 - INFO - Received Command for : robot_1 Location : RIU08a
2025-07-11 08:55:41,584 - INFO - Robot robot_1 has reached RIU08a
2025-07-11 08:55:49,511 - INFO - Robot robot_0 has reached ROUL08b
2025-07-11 08:55:54,570 - INFO - Total calls to destro : 103
2025-07-11 08:55:54,690 - INFO - Total calls to destro : 104
2025-07-11 08:55:59,417 - INFO - Total calls to destro : 105
2025-07-11 08:55:59,418 - INFO - Received Command for : robot_1 Location : RIU07a
2025-07-11 08:56:11,625 - INFO - Robot robot_1 has reached RIU07a
2025-07-11 08:56:24,793 - INFO - Total calls to destro : 106
2025-07-11 08:56:24,794 - INFO - Received Command for : robot_1 Location : ROUL08a
2025-07-11 08:56:25,028 - INFO - Total calls to destro : 107
2025-07-11 08:56:46,287 - INFO - Robot robot_1 has reached ROUL08a
2025-07-11 08:56:51,350 - INFO - Total calls to destro : 108
2025-07-11 08:59:41,622 - INFO - Total calls to destro : 109
2025-07-11 08:59:50,587 - INFO - Total calls to destro : 110
2025-07-11 08:59:55,605 - INFO - Robot robot_0 has travelled 1337.5025999999157 m
2025-07-11 08:59:55,605 - INFO - Robot robot_1 has travelled 1436.0023199998905 m
2025-07-11 08:59:55,605 - INFO - Robot robot_0 has dwelled for 653.2409262657166 sec
2025-07-11 08:59:55,605 - INFO - Robot robot_1 has dwelled for 653.2469482421875 sec
2025-07-11 08:59:55,605 - INFO - Robot robot_2 has dwelled for 0 sec
2025-07-11 08:59:55,605 - INFO - Robot robot_3 has dwelled for 0 sec
2025-07-11 08:59:55,605 - INFO - Robot robot_4 has dwelled for 0 sec
2025-07-11 08:59:55,605 - INFO - Robot robot_5 has dwelled for 0 sec
2025-07-11 08:59:55,605 - INFO - Robot robot_6 has dwelled for 0 sec
2025-07-11 08:59:55,606 - INFO - Robot robot_7 has dwelled for 0 sec
2025-07-11 08:59:55,606 - INFO - Robot robot_8 has dwelled for 0 sec
2025-07-11 08:59:55,606 - INFO - Robot robot_9 has dwelled for 0 sec
2025-07-11 08:59:55,606 - INFO - Robot robot_10 has dwelled for 0 sec
2025-07-11 08:59:55,606 - INFO - Robot robot_11 has dwelled for 0 sec
2025-07-11 08:59:55,606 - INFO - Robot robot_12 has dwelled for 0 sec
2025-07-11 08:59:55,606 - INFO - Robot robot_13 has dwelled for 0 sec
2025-07-11 08:59:55,606 - INFO - Robot robot_14 has dwelled for 0 sec
2025-07-11 09:00:34,961 - INFO - Total calls to destro : 111
2025-07-11 09:00:34,972 - INFO - Total calls to destro : 112
2025-07-11 09:00:47,991 - INFO - Total calls to destro : 113
2025-07-11 09:00:47,993 - INFO - Total calls to destro : 114
2025-07-11 09:00:47,994 - INFO - Received Command for : robot_0 Location : RIU08c
2025-07-11 09:01:05,412 - INFO - Robot robot_0 has reached RIU08c
2025-07-11 09:01:18,556 - INFO - Total calls to destro : 115
2025-07-11 09:01:21,952 - INFO - Total calls to destro : 116
2025-07-11 09:01:21,953 - INFO - Received Command for : robot_0 Location : RIU08b
2025-07-11 09:01:22,941 - INFO - Robot robot_0 has reached RIU08b
2025-07-11 09:01:36,042 - INFO - Total calls to destro : 117
2025-07-11 09:01:36,062 - INFO - Received Command for : robot_0 Location : ROUL08b
2025-07-11 09:01:36,282 - INFO - Total calls to destro : 118
2025-07-11 09:01:54,490 - INFO - Robot robot_0 has reached ROUL08b
2025-07-11 09:01:59,643 - INFO - Total calls to destro : 119
2025-07-11 09:02:07,702 - INFO - Total calls to destro : 120
2025-07-11 09:02:07,729 - INFO - Received Command for : robot_0 Location : RODR01a
2025-07-11 09:02:09,012 - INFO - Total calls to destro : 121
2025-07-11 09:03:01,120 - INFO - Robot robot_0 has reached RODR01a
2025-07-11 09:03:06,343 - INFO - Total calls to destro : 122
2025-07-11 09:03:10,768 - INFO - Total calls to destro : 123
2025-07-11 09:03:10,805 - INFO - Total calls to destro : 124
2025-07-11 09:03:17,092 - INFO - Total calls to destro : 125
2025-07-11 09:03:17,093 - INFO - Received Command for : robot_0 Location : RIU07b
2025-07-11 09:03:23,894 - INFO - Total calls to destro : 126
2025-07-11 09:03:23,916 - INFO - Total calls to destro : 127
2025-07-11 09:03:23,917 - INFO - Received Command for : robot_1 Location : RIU07a
2025-07-11 09:03:46,287 - INFO - Robot robot_1 has reached RIU07a
2025-07-11 09:03:56,447 - INFO - Robot robot_0 has reached RIU07b
2025-07-11 09:03:59,402 - INFO - Total calls to destro : 128
2025-07-11 09:04:09,595 - INFO - Total calls to destro : 129
2025-07-11 09:04:09,597 - INFO - Received Command for : robot_0 Location : ROUL08a
2025-07-11 09:04:09,812 - INFO - Total calls to destro : 130
2025-07-11 09:04:19,349 - INFO - Total calls to destro : 131
2025-07-11 09:04:19,351 - INFO - Total calls to destro : 132
2025-07-11 09:04:19,351 - INFO - Received Command for : robot_1 Location : RODR01a
2025-07-11 09:04:30,317 - INFO - Robot robot_0 has reached ROUL08a
2025-07-11 09:04:35,437 - INFO - Total calls to destro : 133
2025-07-11 09:04:58,907 - INFO - Robot robot_1 has reached RODR01a
2025-07-11 09:05:12,016 - INFO - Total calls to destro : 134
2025-07-11 09:05:12,020 - INFO - Received Command for : robot_1 Location : RIU08b
2025-07-11 09:05:12,233 - INFO - Total calls to destro : 135
2025-07-11 09:05:32,147 - INFO - Total calls to destro : 136
2025-07-11 09:05:36,133 - INFO - Total calls to destro : 137
2025-07-11 09:05:51,489 - INFO - Robot robot_1 has reached RIU08b
2025-07-11 09:06:04,691 - INFO - Total calls to destro : 138
2025-07-11 09:09:55,650 - INFO - Robot robot_0 has travelled 1692.1940799998238 m
2025-07-11 09:09:55,651 - INFO - Robot robot_1 has travelled 1676.3660199998283 m
2025-07-11 09:09:55,652 - INFO - Robot robot_0 has dwelled for 1023.7402131557465 sec
2025-07-11 09:09:55,652 - INFO - Robot robot_1 has dwelled for 1097.049306154251 sec
2025-07-11 09:09:55,652 - INFO - Robot robot_2 has dwelled for 0 sec
2025-07-11 09:09:55,652 - INFO - Robot robot_3 has dwelled for 0 sec
2025-07-11 09:09:55,652 - INFO - Robot robot_4 has dwelled for 0 sec
2025-07-11 09:09:55,652 - INFO - Robot robot_5 has dwelled for 0 sec
2025-07-11 09:09:55,652 - INFO - Robot robot_6 has dwelled for 0 sec
2025-07-11 09:09:55,652 - INFO - Robot robot_7 has dwelled for 0 sec
2025-07-11 09:09:55,652 - INFO - Robot robot_8 has dwelled for 0 sec
2025-07-11 09:09:55,652 - INFO - Robot robot_9 has dwelled for 0 sec
2025-07-11 09:09:55,652 - INFO - Robot robot_10 has dwelled for 0 sec
2025-07-11 09:09:55,652 - INFO - Robot robot_11 has dwelled for 0 sec
2025-07-11 09:09:55,652 - INFO - Robot robot_12 has dwelled for 0 sec
2025-07-11 09:09:55,652 - INFO - Robot robot_13 has dwelled for 0 sec
2025-07-11 09:09:55,652 - INFO - Robot robot_14 has dwelled for 0 sec
2025-07-11 09:10:59,786 - INFO - Total calls to destro : 139
2025-07-11 09:10:59,788 - INFO - Total calls to destro : 140
2025-07-11 09:11:12,888 - INFO - Total calls to destro : 141
2025-07-11 09:11:12,911 - INFO - Total calls to destro : 142
2025-07-11 09:11:12,912 - INFO - Received Command for : robot_0 Location : RIU07b
2025-07-11 09:11:15,711 - INFO - Total calls to destro : 143
2025-07-11 09:11:30,719 - INFO - Total calls to destro : 144
2025-07-11 09:11:33,262 - INFO - Robot robot_0 has reached RIU07b
2025-07-11 09:11:46,383 - INFO - Total calls to destro : 145
2025-07-11 09:11:52,847 - INFO - Total calls to destro : 146
2025-07-11 09:11:52,849 - INFO - Received Command for : robot_0 Location : RIU08a
2025-07-11 09:12:00,763 - INFO - Robot robot_0 has reached RIU08a
2025-07-11 09:12:13,888 - INFO - Total calls to destro : 147
2025-07-11 09:12:13,889 - INFO - Received Command for : robot_0 Location : RODR07a
2025-07-11 09:12:15,088 - INFO - Total calls to destro : 148
2025-07-11 09:13:04,357 - INFO - Robot robot_0 has reached RODR07a
2025-07-11 09:13:09,507 - INFO - Total calls to destro : 149
2025-07-11 09:13:17,500 - INFO - Total calls to destro : 150
2025-07-11 09:13:17,502 - INFO - Total calls to destro : 151
2025-07-11 09:13:17,503 - INFO - Received Command for : robot_0 Location : ROUL08a
2025-07-11 09:14:20,599 - INFO - Robot robot_0 has reached ROUL08a
2025-07-11 09:14:25,667 - INFO - Total calls to destro : 152
2025-07-11 09:14:38,109 - INFO - Total calls to destro : 153
2025-07-11 09:14:38,160 - INFO - Received Command for : robot_0 Location : RIU07c
2025-07-11 09:14:58,364 - INFO - Robot robot_0 has reached RIU07c
2025-07-11 09:15:11,545 - INFO - Total calls to destro : 154
2025-07-11 09:15:11,547 - INFO - Received Command for : robot_0 Location : ROUL08b
2025-07-11 09:15:11,798 - INFO - Total calls to destro : 155
2025-07-11 09:15:30,972 - INFO - Robot robot_0 has reached ROUL08b
2025-07-11 09:15:36,122 - INFO - Total calls to destro : 156
2025-07-11 09:17:20,291 - INFO - Total calls to destro : 157
2025-07-11 09:17:40,726 - INFO - Total calls to destro : 158
2025-07-11 09:18:53,985 - INFO - Total calls to destro : 159
2025-07-11 09:18:54,015 - INFO - Received Command for : robot_1 Location : ROUL08a
2025-07-11 09:18:54,225 - INFO - Total calls to destro : 160
2025-07-11 09:19:13,195 - INFO - Robot robot_1 has reached ROUL08a
2025-07-11 09:19:26,266 - INFO - Total calls to destro : 161
2025-07-11 09:19:26,267 - INFO - Total calls to destro : 162
2025-07-11 09:19:26,268 - INFO - Received Command for : robot_1 Location : RIU07c
2025-07-11 09:19:46,257 - INFO - Robot robot_1 has reached RIU07c
2025-07-11 09:19:55,573 - INFO - Robot robot_0 has travelled 2123.797739999712 m
2025-07-11 09:19:55,573 - INFO - Robot robot_1 has travelled 1768.7909599998045 m
2025-07-11 09:19:55,573 - INFO - Robot robot_0 has dwelled for 1502.9278712272644 sec
2025-07-11 09:19:55,573 - INFO - Robot robot_1 has dwelled for 1892.6451930999756 sec
2025-07-11 09:19:55,574 - INFO - Robot robot_2 has dwelled for 0 sec
2025-07-11 09:19:55,574 - INFO - Robot robot_3 has dwelled for 0 sec
2025-07-11 09:19:55,574 - INFO - Robot robot_4 has dwelled for 0 sec
2025-07-11 09:19:55,574 - INFO - Robot robot_5 has dwelled for 0 sec
2025-07-11 09:19:55,574 - INFO - Robot robot_6 has dwelled for 0 sec
2025-07-11 09:19:55,574 - INFO - Robot robot_7 has dwelled for 0 sec
2025-07-11 09:19:55,574 - INFO - Robot robot_8 has dwelled for 0 sec
2025-07-11 09:19:55,574 - INFO - Robot robot_9 has dwelled for 0 sec
2025-07-11 09:19:55,574 - INFO - Robot robot_10 has dwelled for 0 sec
2025-07-11 09:19:55,574 - INFO - Robot robot_11 has dwelled for 0 sec
2025-07-11 09:19:55,574 - INFO - Robot robot_12 has dwelled for 0 sec
2025-07-11 09:19:55,574 - INFO - Robot robot_13 has dwelled for 0 sec
2025-07-11 09:19:55,575 - INFO - Robot robot_14 has dwelled for 0 sec
2025-07-11 09:19:59,400 - INFO - Total calls to destro : 163
2025-07-11 09:20:08,555 - INFO - Total calls to destro : 164
2025-07-11 09:20:08,557 - INFO - Received Command for : robot_1 Location : RIU07a
2025-07-11 09:20:10,257 - INFO - Robot robot_1 has reached RIU07a
2025-07-11 09:20:23,404 - INFO - Total calls to destro : 165
2025-07-11 09:20:23,405 - INFO - Received Command for : robot_1 Location : ROUL08a
2025-07-11 09:20:23,625 - INFO - Total calls to destro : 166
2025-07-11 09:20:44,609 - INFO - Robot robot_1 has reached ROUL08a
2025-07-11 09:20:49,805 - INFO - Total calls to destro : 167
2025-07-11 09:20:58,641 - INFO - Total calls to destro : 168
2025-07-11 09:20:58,643 - INFO - Received Command for : robot_1 Location : RIU08c
2025-07-11 09:21:17,440 - INFO - Robot robot_1 has reached RIU08c
2025-07-11 09:21:30,538 - INFO - Total calls to destro : 169
2025-07-11 09:21:30,554 - INFO - Total calls to destro : 170
2025-07-11 09:21:30,555 - INFO - Received Command for : robot_1 Location : RODL03a
2025-07-11 09:21:37,559 - INFO - Total calls to destro : 171
2025-07-11 09:21:37,581 - INFO - Total calls to destro : 172
2025-07-11 09:21:47,591 - INFO - Robot robot_1 has reached RODL03a
2025-07-11 09:21:50,666 - INFO - Total calls to destro : 173
2025-07-11 09:21:50,667 - INFO - Total calls to destro : 174
2025-07-11 09:21:50,668 - INFO - Received Command for : robot_0 Location : RIU08a
2025-07-11 09:21:52,809 - INFO - Total calls to destro : 175
2025-07-11 09:22:00,763 - INFO - Total calls to destro : 176
2025-07-11 09:22:00,764 - INFO - Received Command for : robot_1 Location : ROUL08b
2025-07-11 09:22:00,958 - INFO - Total calls to destro : 177
2025-07-11 09:22:10,179 - INFO - Robot robot_0 has reached RIU08a
2025-07-11 09:22:21,600 - INFO - Robot robot_1 has reached ROUL08b
2025-07-11 09:22:23,370 - INFO - Total calls to destro : 178
2025-07-11 09:22:26,692 - INFO - Total calls to destro : 179
2025-07-11 09:22:38,786 - INFO - Total calls to destro : 180
2025-07-11 09:22:38,787 - INFO - Received Command for : robot_1 Location : RIU08b
2025-07-11 09:22:57,465 - INFO - Robot robot_1 has reached RIU08b
2025-07-11 09:23:10,569 - INFO - Total calls to destro : 181
2025-07-11 09:23:10,576 - INFO - Received Command for : robot_1 Location : ROUL08c
2025-07-11 09:23:10,813 - INFO - Total calls to destro : 182
2025-07-11 09:23:28,268 - INFO - Robot robot_1 has reached ROUL08c
2025-07-11 09:23:33,411 - INFO - Total calls to destro : 183
2025-07-11 09:23:41,402 - INFO - Total calls to destro : 184
2025-07-11 09:23:41,403 - INFO - Total calls to destro : 185
2025-07-11 09:23:41,404 - INFO - Received Command for : robot_1 Location : RODR07a
2025-07-11 09:24:44,649 - INFO - Robot robot_1 has reached RODR07a
2025-07-11 09:24:49,792 - INFO - Total calls to destro : 186
2025-07-11 09:24:59,002 - INFO - Total calls to destro : 187
2025-07-11 09:24:59,053 - INFO - Received Command for : robot_1 Location : RIU07b
2025-07-11 09:25:47,050 - INFO - Robot robot_1 has reached RIU07b
2025-07-11 09:25:47,770 - INFO - Total calls to destro : 188
2025-07-11 09:26:00,234 - INFO - Total calls to destro : 189
2025-07-11 09:26:00,235 - INFO - Received Command for : robot_1 Location : ROUL08c
2025-07-11 09:26:00,469 - INFO - Total calls to destro : 190
2025-07-11 09:26:13,867 - INFO - Total calls to destro : 191
2025-07-11 09:26:13,868 - INFO - Total calls to destro : 192
2025-07-11 09:26:13,869 - INFO - Received Command for : robot_0 Location : RODR07a
2025-07-11 09:26:19,706 - INFO - Robot robot_1 has reached ROUL08c
2025-07-11 09:26:24,754 - INFO - Total calls to destro : 193
2025-07-11 09:26:55,016 - INFO - Total calls to destro : 194
2025-07-11 09:26:55,018 - INFO - Total calls to destro : 195
2025-07-11 09:26:55,022 - INFO - Received Command for : robot_1 Location : ROUL08b
2025-07-11 09:26:56,043 - INFO - Robot robot_1 has reached ROUL08b
2025-07-11 09:27:05,902 - INFO - Robot robot_0 has reached RODR07a
2025-07-11 09:27:07,184 - INFO - Total calls to destro : 196
2025-07-11 09:27:09,283 - INFO - Total calls to destro : 197
2025-07-11 09:27:09,283 - INFO - Total calls to destro : 198
2025-07-11 09:27:09,284 - INFO - Received Command for : robot_1 Location : RIU07a
2025-07-11 09:27:19,136 - INFO - Total calls to destro : 199
2025-07-11 09:27:19,138 - INFO - Total calls to destro : 200
2025-07-11 09:27:19,139 - INFO - Received Command for : robot_0 Location : RIU08b
2025-07-11 09:27:30,337 - INFO - Robot robot_1 has reached RIU07a
2025-07-11 09:27:43,540 - INFO - Total calls to destro : 201
2025-07-11 09:27:44,387 - INFO - Total calls to destro : 202
2025-07-11 09:27:44,388 - INFO - Received Command for : robot_1 Location : ROUL08a
2025-07-11 09:28:00,646 - INFO - Total calls to destro : 203
2025-07-11 09:28:06,144 - INFO - Robot robot_1 has reached ROUL08a
2025-07-11 09:28:09,140 - INFO - Robot robot_0 has reached RIU08b
2025-07-11 09:28:19,220 - INFO - Total calls to destro : 204
2025-07-11 09:28:19,221 - INFO - Total calls to destro : 205
2025-07-11 09:28:19,222 - INFO - Received Command for : robot_1 Location : RIU08c
2025-07-11 09:28:22,216 - INFO - Total calls to destro : 206
2025-07-11 09:28:38,021 - INFO - Robot robot_1 has reached RIU08c
2025-07-11 09:28:51,111 - INFO - Total calls to destro : 207
2025-07-11 09:28:54,478 - INFO - Total calls to destro : 208
2025-07-11 09:28:54,479 - INFO - Received Command for : robot_1 Location : RIU07c
2025-07-11 09:29:00,603 - INFO - Robot robot_1 has reached RIU07c
2025-07-11 09:29:13,776 - INFO - Total calls to destro : 209
2025-07-11 09:29:13,804 - INFO - Received Command for : robot_1 Location : ROUL08a
2025-07-11 09:29:14,040 - INFO - Total calls to destro : 210
2025-07-11 09:29:33,677 - INFO - Robot robot_1 has reached ROUL08a
2025-07-11 09:29:38,828 - INFO - Total calls to destro : 211
2025-07-11 09:29:55,606 - INFO - CODE F01 at 1.0 number of cases finished is 1200
2025-07-11 09:29:55,607 - INFO - CODE F02 at 1.0 UPH is 929
2025-07-11 09:32:38,520 - INFO - Total calls to destro : 212
2025-07-11 09:32:38,522 - INFO - Total calls to destro : 213
2025-07-11 09:32:38,523 - INFO - Received Command for : robot_0 Location : ROUL08c
2025-07-11 09:32:56,340 - INFO - Robot robot_0 has reached ROUL08c
2025-07-11 09:33:09,502 - INFO - Total calls to destro : 214
2025-07-11 09:33:09,521 - INFO - Total calls to destro : 215
2025-07-11 09:33:09,522 - INFO - Received Command for : robot_0 Location : RIU07b
2025-07-11 09:33:28,744 - INFO - Robot robot_0 has reached RIU07b
2025-07-11 09:33:41,861 - INFO - Total calls to destro : 216
2025-07-11 09:33:43,821 - INFO - Total calls to destro : 217
2025-07-11 09:33:44,894 - INFO - Total calls to destro : 218
2025-07-11 09:33:44,903 - INFO - Received Command for : robot_0 Location : RIU08a
2025-07-11 09:33:52,803 - INFO - Robot robot_0 has reached RIU08a
2025-07-11 09:33:55,619 - INFO - Total calls to destro : 219
2025-07-11 09:34:05,939 - INFO - Total calls to destro : 220
2025-07-11 09:34:05,946 - INFO - Total calls to destro : 221
2025-07-11 09:34:05,946 - INFO - Received Command for : robot_0 Location : RODL04a
2025-07-11 09:34:24,818 - INFO - Robot robot_0 has reached RODL04a
2025-07-11 09:34:29,916 - INFO - Total calls to destro : 222
2025-07-11 09:34:37,941 - INFO - Total calls to destro : 223
2025-07-11 09:34:37,942 - INFO - Total calls to destro : 224
2025-07-11 09:34:37,943 - INFO - Received Command for : robot_0 Location : ROUL08b
2025-07-11 09:34:56,347 - INFO - Robot robot_0 has reached ROUL08b
2025-07-11 09:35:01,495 - INFO - Total calls to destro : 225
2025-07-11 09:35:50,203 - INFO - Total calls to destro : 226
2025-07-11 09:35:50,205 - INFO - Total calls to destro : 227
2025-07-11 09:36:03,225 - INFO - Total calls to destro : 228
2025-07-11 09:36:03,227 - INFO - Total calls to destro : 229
2025-07-11 09:36:03,228 - INFO - Received Command for : robot_1 Location : RIU07c
2025-07-11 09:36:22,818 - INFO - Robot robot_1 has reached RIU07c
2025-07-11 09:36:35,988 - INFO - Total calls to destro : 230
2025-07-11 09:39:43,733 - INFO - Total calls to destro : 231
2025-07-11 09:39:43,734 - INFO - Total calls to destro : 232
2025-07-11 09:39:51,354 - INFO - Total calls to destro : 233
2025-07-11 09:39:55,565 - INFO - Robot robot_0 has travelled 2604.1677999995877 m
2025-07-11 09:39:55,566 - INFO - Robot robot_1 has travelled 2599.9217599995895 m
2025-07-11 09:39:55,566 - INFO - Robot robot_0 has dwelled for 2464.5324013233185 sec
2025-07-11 09:39:55,566 - INFO - Robot robot_1 has dwelled for 2534.2977197170258 sec
2025-07-11 09:39:55,566 - INFO - Robot robot_2 has dwelled for 0 sec
2025-07-11 09:39:55,566 - INFO - Robot robot_3 has dwelled for 0 sec
2025-07-11 09:39:55,566 - INFO - Robot robot_4 has dwelled for 0 sec
2025-07-11 09:39:55,566 - INFO - Robot robot_5 has dwelled for 0 sec
2025-07-11 09:39:55,566 - INFO - Robot robot_6 has dwelled for 0 sec
2025-07-11 09:39:55,566 - INFO - Robot robot_7 has dwelled for 0 sec
2025-07-11 09:39:55,566 - INFO - Robot robot_8 has dwelled for 0 sec
2025-07-11 09:39:55,566 - INFO - Robot robot_9 has dwelled for 0 sec
2025-07-11 09:39:55,567 - INFO - Robot robot_10 has dwelled for 0 sec
2025-07-11 09:39:55,567 - INFO - Robot robot_11 has dwelled for 0 sec
2025-07-11 09:39:55,567 - INFO - Robot robot_12 has dwelled for 0 sec
2025-07-11 09:39:55,567 - INFO - Robot robot_13 has dwelled for 0 sec
2025-07-11 09:39:55,567 - INFO - Robot robot_14 has dwelled for 0 sec
2025-07-11 09:39:56,843 - INFO - Total calls to destro : 234
2025-07-11 09:39:56,844 - INFO - Total calls to destro : 235
2025-07-11 09:39:56,845 - INFO - Received Command for : robot_0 Location : RIU08a
2025-07-11 09:39:59,163 - INFO - Total calls to destro : 236
2025-07-11 09:40:15,600 - INFO - Robot robot_0 has reached RIU08a
2025-07-11 09:40:28,786 - INFO - Total calls to destro : 237
2025-07-11 09:40:30,373 - INFO - Total calls to destro : 238
2025-07-11 09:40:30,374 - INFO - Received Command for : robot_0 Location : RIU07a
2025-07-11 09:40:39,319 - INFO - Robot robot_0 has reached RIU07a
2025-07-11 09:40:52,459 - INFO - Total calls to destro : 239
2025-07-11 09:40:52,460 - INFO - Received Command for : robot_0 Location : ROUL08a
2025-07-11 09:40:52,657 - INFO - Total calls to destro : 240
2025-07-11 09:41:13,830 - INFO - Robot robot_0 has reached ROUL08a
2025-07-11 09:41:18,938 - INFO - Total calls to destro : 241
2025-07-11 09:41:30,476 - INFO - Total calls to destro : 242
2025-07-11 09:41:30,477 - INFO - Received Command for : robot_0 Location : RIU08b
2025-07-11 09:41:49,123 - INFO - Robot robot_0 has reached RIU08b
2025-07-11 09:42:02,242 - INFO - Total calls to destro : 243
2025-07-11 09:42:02,244 - INFO - Total calls to destro : 244
2025-07-11 09:42:02,246 - INFO - Received Command for : robot_0 Location : ROUL08b
2025-07-11 09:42:20,394 - INFO - Robot robot_0 has reached ROUL08b
2025-07-11 09:42:25,533 - INFO - Total calls to destro : 245
2025-07-11 09:42:33,520 - INFO - Total calls to destro : 246
2025-07-11 09:42:33,521 - INFO - Total calls to destro : 247
2025-07-11 09:42:33,522 - INFO - Received Command for : robot_0 Location : RODR07a
2025-07-11 09:43:36,798 - INFO - Robot robot_0 has reached RODR07a
2025-07-11 09:43:41,934 - INFO - Total calls to destro : 248
2025-07-11 09:44:53,038 - INFO - Total calls to destro : 249
2025-07-11 09:44:53,058 - INFO - Total calls to destro : 250
